<?xml version="1.0" encoding="utf-8"?>
<CoverageSession xmlns:xsd="http://www.w3.org/2001/XMLSchema" xmlns:xsi="http://www.w3.org/2001/XMLSchema-instance" Version="0.0.0.0">
  <Summary numSequencePoints="2382" visitedSequencePoints="227" numBranchPoints="0" visitedBranchPoints="0" sequenceCoverage="9.5" branchCoverage="0.0" maxCyclomaticComplexity="0" minCyclomaticComplexity="0" maxCrapScore="0" minCrapScore="0" visitedClasses="14" numClasses="48" visitedMethods="48" numMethods="320" />
  <Modules>
    <Module>
      <Summary numSequencePoints="2118" visitedSequencePoints="179" numBranchPoints="0" visitedBranchPoints="0" sequenceCoverage="8.5" branchCoverage="0.0" maxCyclomaticComplexity="0" minCyclomaticComplexity="0" maxCrapScore="0" minCrapScore="0" visitedClasses="9" numClasses="34" visitedMethods="33" numMethods="265" />
      <ModuleTime>0001-01-01T00:00:00</ModuleTime>
      <ModuleName>Networking</ModuleName>
      <Files>
        <File uid="1" fullPath="C:\Users\oleju\Projects\Netling\Assets\Networking\Scripts\Runtime\Client.cs" />
        <File uid="2" fullPath="C:\Users\oleju\Projects\Netling\Assets\Networking\Scripts\Runtime\ClientRunner.cs" />
        <File uid="3" fullPath="C:\Users\oleju\Projects\Netling\Assets\Networking\Scripts\Runtime\GameAction.cs" />
        <File uid="4" fullPath="C:\Users\oleju\Projects\Netling\Assets\Networking\Scripts\Runtime\GameActionManager.cs" />
        <File uid="5" fullPath="C:\Users\oleju\Projects\Netling\Assets\Networking\Scripts\Runtime\MessageInfo.cs" />
        <File uid="6" fullPath="C:\Users\oleju\Projects\Netling\Assets\Networking\Scripts\Runtime\NetAsset.cs" />
        <File uid="7" fullPath="C:\Users\oleju\Projects\Netling\Assets\Networking\Scripts\Runtime\NetAssetManager.cs" />
        <File uid="8" fullPath="C:\Users\oleju\Projects\Netling\Assets\Networking\Scripts\Runtime\NetBehaviour.cs" />
        <File uid="9" fullPath="C:\Users\oleju\Projects\Netling\Assets\Networking\Scripts\Runtime\NetException.cs" />
        <File uid="10" fullPath="C:\Users\oleju\Projects\Netling\Assets\Networking\Scripts\Runtime\NetObject.cs" />
        <File uid="11" fullPath="C:\Users\oleju\Projects\Netling\Assets\Networking\Scripts\Runtime\NetObjectManager.cs" />
        <File uid="12" fullPath="C:\Users\oleju\Projects\Netling\Assets\Networking\Scripts\Runtime\PredictedValue.cs" />
        <File uid="13" fullPath="C:\Users\oleju\Projects\Netling\Assets\Networking\Scripts\Runtime\Server.cs" />
        <File uid="14" fullPath="C:\Users\oleju\Projects\Netling\Assets\Networking\Scripts\Runtime\ServerRunner.cs" />
        <File uid="15" fullPath="C:\Users\oleju\Projects\Netling\Assets\Networking\Scripts\Runtime\StreamExtension.cs" />
        <File uid="16" fullPath="C:\Users\oleju\Projects\Netling\Assets\Networking\Scripts\Runtime\SyncAnimator.cs" />
        <File uid="17" fullPath="C:\Users\oleju\Projects\Netling\Assets\Networking\Scripts\Runtime\SyncTransform.cs" />
      </Files>
      <Classes>
        <Class>
          <Summary numSequencePoints="377" visitedSequencePoints="0" numBranchPoints="0" visitedBranchPoints="0" sequenceCoverage="0.0" branchCoverage="0.0" maxCyclomaticComplexity="0" minCyclomaticComplexity="0" maxCrapScore="0" minCrapScore="0" visitedClasses="0" numClasses="1" visitedMethods="0" numMethods="32" />
          <FullName>Networking.Client</FullName>
          <Methods>
            <Method visited="false" cyclomaticComplexity="0" nPathComplexity="0" sequenceCoverage="0.0" branchCoverage="0" crapScore="0" isConstructor="false" isStatic="true" isGetter="true" isSetter="false">
              <Summary numSequencePoints="1" visitedSequencePoints="0" numBranchPoints="0" visitedBranchPoints="0" sequenceCoverage="0.0" branchCoverage="0" maxCyclomaticComplexity="0" minCyclomaticComplexity="0" maxCrapScore="0" minCrapScore="0" visitedClasses="0" numClasses="0" visitedMethods="0" numMethods="1" />
              <MetadataToken>100663297</MetadataToken>
              <Name>static Networking.Client Networking.Client::get_Instance()</Name>
              <FileRef uid="1" />
              <SequencePoints>
                <SequencePoint vc="0" uspid="1" ordinal="0" offset="0" sl="23" sc="42" el="23" ec="42" bec="0" bev="0" fileid="1" />
              </SequencePoints>
              <BranchPoints />
            </Method>
            <Method visited="false" cyclomaticComplexity="0" nPathComplexity="0" sequenceCoverage="0.0" branchCoverage="0" crapScore="0" isConstructor="false" isStatic="true" isGetter="true" isSetter="false">
              <Summary numSequencePoints="1" visitedSequencePoints="0" numBranchPoints="0" visitedBranchPoints="0" sequenceCoverage="0.0" branchCoverage="0" maxCyclomaticComplexity="0" minCyclomaticComplexity="0" maxCrapScore="0" minCrapScore="0" visitedClasses="0" numClasses="0" visitedMethods="0" numMethods="1" />
              <MetadataToken>100663298</MetadataToken>
              <Name>static System.Boolean Networking.Client::get_IsConnected()</Name>
              <FileRef uid="1" />
              <SequencePoints>
                <SequencePoint vc="0" uspid="2" ordinal="0" offset="0" sl="24" sc="0" el="24" ec="0" bec="0" bev="0" fileid="1" />
              </SequencePoints>
              <BranchPoints />
            </Method>
            <Method visited="false" cyclomaticComplexity="0" nPathComplexity="0" sequenceCoverage="0.0" branchCoverage="0" crapScore="0" isConstructor="false" isStatic="true" isGetter="true" isSetter="false">
              <Summary numSequencePoints="1" visitedSequencePoints="0" numBranchPoints="0" visitedBranchPoints="0" sequenceCoverage="0.0" branchCoverage="0" maxCyclomaticComplexity="0" minCyclomaticComplexity="0" maxCrapScore="0" minCrapScore="0" visitedClasses="0" numClasses="0" visitedMethods="0" numMethods="1" />
              <MetadataToken>100663299</MetadataToken>
              <Name>static System.Boolean Networking.Client::get_IsConnecting()</Name>
              <FileRef uid="1" />
              <SequencePoints>
                <SequencePoint vc="0" uspid="3" ordinal="0" offset="0" sl="25" sc="0" el="25" ec="0" bec="0" bev="0" fileid="1" />
              </SequencePoints>
              <BranchPoints />
            </Method>
            <Method visited="false" cyclomaticComplexity="0" nPathComplexity="0" sequenceCoverage="0.0" branchCoverage="0" crapScore="0" isConstructor="false" isStatic="false" isGetter="true" isSetter="false">
              <Summary numSequencePoints="1" visitedSequencePoints="0" numBranchPoints="0" visitedBranchPoints="0" sequenceCoverage="0.0" branchCoverage="0" maxCyclomaticComplexity="0" minCyclomaticComplexity="0" maxCrapScore="0" minCrapScore="0" visitedClasses="0" numClasses="0" visitedMethods="0" numMethods="1" />
              <MetadataToken>100663300</MetadataToken>
              <Name>Networking.Client/ClientState Networking.Client::get_State()</Name>
              <FileRef uid="1" />
              <SequencePoints>
                <SequencePoint vc="0" uspid="4" ordinal="0" offset="0" sl="26" sc="0" el="26" ec="0" bec="0" bev="0" fileid="1" />
              </SequencePoints>
              <BranchPoints />
            </Method>
            <Method visited="false" cyclomaticComplexity="0" nPathComplexity="0" sequenceCoverage="0.0" branchCoverage="0" crapScore="0" isConstructor="false" isStatic="false" isGetter="false" isSetter="true">
              <Summary numSequencePoints="1" visitedSequencePoints="0" numBranchPoints="0" visitedBranchPoints="0" sequenceCoverage="0.0" branchCoverage="0" maxCyclomaticComplexity="0" minCyclomaticComplexity="0" maxCrapScore="0" minCrapScore="0" visitedClasses="0" numClasses="0" visitedMethods="0" numMethods="1" />
              <MetadataToken>100663301</MetadataToken>
              <Name>System.Void Networking.Client::set_State(Networking.Client/ClientState)</Name>
              <FileRef uid="1" />
              <SequencePoints>
                <SequencePoint vc="0" uspid="5" ordinal="0" offset="0" sl="26" sc="0" el="26" ec="0" bec="0" bev="0" fileid="1" />
              </SequencePoints>
              <BranchPoints />
            </Method>
            <Method visited="false" cyclomaticComplexity="0" nPathComplexity="0" sequenceCoverage="0.0" branchCoverage="0" crapScore="0" isConstructor="false" isStatic="true" isGetter="true" isSetter="false">
              <Summary numSequencePoints="1" visitedSequencePoints="0" numBranchPoints="0" visitedBranchPoints="0" sequenceCoverage="0.0" branchCoverage="0" maxCyclomaticComplexity="0" minCyclomaticComplexity="0" maxCrapScore="0" minCrapScore="0" visitedClasses="0" numClasses="0" visitedMethods="0" numMethods="1" />
              <MetadataToken>100663302</MetadataToken>
              <Name>static System.Boolean Networking.Client::get_IsHost()</Name>
              <FileRef uid="1" />
              <SequencePoints>
                <SequencePoint vc="0" uspid="6" ordinal="0" offset="0" sl="27" sc="0" el="27" ec="0" bec="0" bev="0" fileid="1" />
              </SequencePoints>
              <BranchPoints />
            </Method>
            <Method visited="false" cyclomaticComplexity="0" nPathComplexity="0" sequenceCoverage="0.0" branchCoverage="0" crapScore="0" isConstructor="false" isStatic="false" isGetter="true" isSetter="false">
              <Summary numSequencePoints="1" visitedSequencePoints="0" numBranchPoints="0" visitedBranchPoints="0" sequenceCoverage="0.0" branchCoverage="0" maxCyclomaticComplexity="0" minCyclomaticComplexity="0" maxCrapScore="0" minCrapScore="0" visitedClasses="0" numClasses="0" visitedMethods="0" numMethods="1" />
              <MetadataToken>100663303</MetadataToken>
              <Name>System.Boolean Networking.Client::get_UseLocalhost()</Name>
              <FileRef uid="1" />
              <SequencePoints>
                <SequencePoint vc="0" uspid="7" ordinal="0" offset="0" sl="28" sc="0" el="28" ec="0" bec="0" bev="0" fileid="1" />
              </SequencePoints>
              <BranchPoints />
            </Method>
            <Method visited="false" cyclomaticComplexity="0" nPathComplexity="0" sequenceCoverage="0.0" branchCoverage="0" crapScore="0" isConstructor="false" isStatic="false" isGetter="false" isSetter="true">
              <Summary numSequencePoints="1" visitedSequencePoints="0" numBranchPoints="0" visitedBranchPoints="0" sequenceCoverage="0.0" branchCoverage="0" maxCyclomaticComplexity="0" minCyclomaticComplexity="0" maxCrapScore="0" minCrapScore="0" visitedClasses="0" numClasses="0" visitedMethods="0" numMethods="1" />
              <MetadataToken>100663304</MetadataToken>
              <Name>System.Void Networking.Client::set_UseLocalhost(System.Boolean)</Name>
              <FileRef uid="1" />
              <SequencePoints>
                <SequencePoint vc="0" uspid="8" ordinal="0" offset="0" sl="28" sc="0" el="28" ec="0" bec="0" bev="0" fileid="1" />
              </SequencePoints>
              <BranchPoints />
            </Method>
            <Method visited="false" cyclomaticComplexity="0" nPathComplexity="0" sequenceCoverage="0.0" branchCoverage="0" crapScore="0" isConstructor="false" isStatic="false" isGetter="true" isSetter="false">
              <Summary numSequencePoints="1" visitedSequencePoints="0" numBranchPoints="0" visitedBranchPoints="0" sequenceCoverage="0.0" branchCoverage="0" maxCyclomaticComplexity="0" minCyclomaticComplexity="0" maxCrapScore="0" minCrapScore="0" visitedClasses="0" numClasses="0" visitedMethods="0" numMethods="1" />
              <MetadataToken>100663305</MetadataToken>
              <Name>System.Int32 Networking.Client::get_ActorNumber()</Name>
              <FileRef uid="1" />
              <SequencePoints>
                <SequencePoint vc="0" uspid="9" ordinal="0" offset="0" sl="30" sc="0" el="30" ec="0" bec="0" bev="0" fileid="1" />
              </SequencePoints>
              <BranchPoints />
            </Method>
            <Method visited="false" cyclomaticComplexity="0" nPathComplexity="0" sequenceCoverage="0.0" branchCoverage="0" crapScore="0" isConstructor="false" isStatic="false" isGetter="false" isSetter="true">
              <Summary numSequencePoints="1" visitedSequencePoints="0" numBranchPoints="0" visitedBranchPoints="0" sequenceCoverage="0.0" branchCoverage="0" maxCyclomaticComplexity="0" minCyclomaticComplexity="0" maxCrapScore="0" minCrapScore="0" visitedClasses="0" numClasses="0" visitedMethods="0" numMethods="1" />
              <MetadataToken>100663306</MetadataToken>
              <Name>System.Void Networking.Client::set_ActorNumber(System.Int32)</Name>
              <FileRef uid="1" />
              <SequencePoints>
                <SequencePoint vc="0" uspid="10" ordinal="0" offset="0" sl="30" sc="0" el="30" ec="0" bec="0" bev="0" fileid="1" />
              </SequencePoints>
              <BranchPoints />
            </Method>
            <Method visited="false" cyclomaticComplexity="0" nPathComplexity="0" sequenceCoverage="0.0" branchCoverage="0" crapScore="0" isConstructor="false" isStatic="false" isGetter="true" isSetter="false">
              <Summary numSequencePoints="1" visitedSequencePoints="0" numBranchPoints="0" visitedBranchPoints="0" sequenceCoverage="0.0" branchCoverage="0" maxCyclomaticComplexity="0" minCyclomaticComplexity="0" maxCrapScore="0" minCrapScore="0" visitedClasses="0" numClasses="0" visitedMethods="0" numMethods="1" />
              <MetadataToken>100663311</MetadataToken>
              <Name>System.Single Networking.Client::get_LastPongTime()</Name>
              <FileRef uid="1" />
              <SequencePoints>
                <SequencePoint vc="0" uspid="11" ordinal="0" offset="0" sl="43" sc="0" el="43" ec="0" bec="0" bev="0" fileid="1" />
              </SequencePoints>
              <BranchPoints />
            </Method>
            <Method visited="false" cyclomaticComplexity="0" nPathComplexity="0" sequenceCoverage="0.0" branchCoverage="0" crapScore="0" isConstructor="false" isStatic="false" isGetter="false" isSetter="true">
              <Summary numSequencePoints="1" visitedSequencePoints="0" numBranchPoints="0" visitedBranchPoints="0" sequenceCoverage="0.0" branchCoverage="0" maxCyclomaticComplexity="0" minCyclomaticComplexity="0" maxCrapScore="0" minCrapScore="0" visitedClasses="0" numClasses="0" visitedMethods="0" numMethods="1" />
              <MetadataToken>100663312</MetadataToken>
              <Name>System.Void Networking.Client::set_LastPongTime(System.Single)</Name>
              <FileRef uid="1" />
              <SequencePoints>
                <SequencePoint vc="0" uspid="12" ordinal="0" offset="0" sl="43" sc="0" el="43" ec="0" bec="0" bev="0" fileid="1" />
              </SequencePoints>
              <BranchPoints />
            </Method>
            <Method visited="false" cyclomaticComplexity="0" nPathComplexity="0" sequenceCoverage="0.0" branchCoverage="0" crapScore="0" isConstructor="false" isStatic="false" isGetter="true" isSetter="false">
              <Summary numSequencePoints="1" visitedSequencePoints="0" numBranchPoints="0" visitedBranchPoints="0" sequenceCoverage="0.0" branchCoverage="0" maxCyclomaticComplexity="0" minCyclomaticComplexity="0" maxCrapScore="0" minCrapScore="0" visitedClasses="0" numClasses="0" visitedMethods="0" numMethods="1" />
              <MetadataToken>100663313</MetadataToken>
              <Name>System.Single Networking.Client::get_RoundTripTime()</Name>
              <FileRef uid="1" />
              <SequencePoints>
                <SequencePoint vc="0" uspid="13" ordinal="0" offset="0" sl="46" sc="0" el="46" ec="0" bec="0" bev="0" fileid="1" />
              </SequencePoints>
              <BranchPoints />
            </Method>
            <Method visited="false" cyclomaticComplexity="0" nPathComplexity="0" sequenceCoverage="0.0" branchCoverage="0" crapScore="0" isConstructor="false" isStatic="false" isGetter="false" isSetter="true">
              <Summary numSequencePoints="1" visitedSequencePoints="0" numBranchPoints="0" visitedBranchPoints="0" sequenceCoverage="0.0" branchCoverage="0" maxCyclomaticComplexity="0" minCyclomaticComplexity="0" maxCrapScore="0" minCrapScore="0" visitedClasses="0" numClasses="0" visitedMethods="0" numMethods="1" />
              <MetadataToken>100663314</MetadataToken>
              <Name>System.Void Networking.Client::set_RoundTripTime(System.Single)</Name>
              <FileRef uid="1" />
              <SequencePoints>
                <SequencePoint vc="0" uspid="14" ordinal="0" offset="0" sl="46" sc="0" el="46" ec="0" bec="0" bev="0" fileid="1" />
              </SequencePoints>
              <BranchPoints />
            </Method>
            <Method visited="false" cyclomaticComplexity="0" nPathComplexity="0" sequenceCoverage="0.0" branchCoverage="0" crapScore="0" isConstructor="false" isStatic="false" isGetter="true" isSetter="false">
              <Summary numSequencePoints="1" visitedSequencePoints="0" numBranchPoints="0" visitedBranchPoints="0" sequenceCoverage="0.0" branchCoverage="0" maxCyclomaticComplexity="0" minCyclomaticComplexity="0" maxCrapScore="0" minCrapScore="0" visitedClasses="0" numClasses="0" visitedMethods="0" numMethods="1" />
              <MetadataToken>100663315</MetadataToken>
              <Name>System.Single Networking.Client::get_Latency()</Name>
              <FileRef uid="1" />
              <SequencePoints>
                <SequencePoint vc="0" uspid="15" ordinal="0" offset="0" sl="47" sc="0" el="47" ec="0" bec="0" bev="0" fileid="1" />
              </SequencePoints>
              <BranchPoints />
            </Method>
            <Method visited="false" cyclomaticComplexity="0" nPathComplexity="0" sequenceCoverage="0.0" branchCoverage="0" crapScore="0" isConstructor="false" isStatic="false" isGetter="false" isSetter="true">
              <Summary numSequencePoints="1" visitedSequencePoints="0" numBranchPoints="0" visitedBranchPoints="0" sequenceCoverage="0.0" branchCoverage="0" maxCyclomaticComplexity="0" minCyclomaticComplexity="0" maxCrapScore="0" minCrapScore="0" visitedClasses="0" numClasses="0" visitedMethods="0" numMethods="1" />
              <MetadataToken>100663316</MetadataToken>
              <Name>System.Void Networking.Client::set_Latency(System.Single)</Name>
              <FileRef uid="1" />
              <SequencePoints>
                <SequencePoint vc="0" uspid="16" ordinal="0" offset="0" sl="47" sc="0" el="47" ec="0" bec="0" bev="0" fileid="1" />
              </SequencePoints>
              <BranchPoints />
            </Method>
            <Method visited="false" cyclomaticComplexity="0" nPathComplexity="0" sequenceCoverage="0.0" branchCoverage="0" crapScore="0" isConstructor="false" isStatic="false" isGetter="false" isSetter="false">
              <Summary numSequencePoints="12" visitedSequencePoints="0" numBranchPoints="0" visitedBranchPoints="0" sequenceCoverage="0.0" branchCoverage="0" maxCyclomaticComplexity="0" minCyclomaticComplexity="0" maxCrapScore="0" minCrapScore="0" visitedClasses="0" numClasses="0" visitedMethods="0" numMethods="1" />
              <MetadataToken>100663323</MetadataToken>
              <Name>System.Void Networking.Client::Init(System.String, System.UInt16, System.Boolean, System.Single, System.Boolean, Networking.GameActionManager)</Name>
              <FileRef uid="1" />
              <SequencePoints>
                <SequencePoint vc="0" uspid="17" ordinal="0" offset="0" sl="60" sc="0" el="60" ec="0" bec="0" bev="0" fileid="1" />
                <SequencePoint vc="0" uspid="18" ordinal="0" offset="1" sl="61" sc="0" el="61" ec="0" bec="0" bev="0" fileid="1" />
                <SequencePoint vc="0" uspid="19" ordinal="0" offset="11" sl="62" sc="0" el="62" ec="0" bec="0" bev="0" fileid="1" />
                <SequencePoint vc="0" uspid="20" ordinal="0" offset="19" sl="63" sc="0" el="63" ec="0" bec="0" bev="0" fileid="1" />
                <SequencePoint vc="0" uspid="21" ordinal="0" offset="30" sl="64" sc="0" el="64" ec="0" bec="0" bev="0" fileid="1" />
                <SequencePoint vc="0" uspid="22" ordinal="0" offset="38" sl="65" sc="0" el="65" ec="0" bec="0" bev="0" fileid="1" />
                <SequencePoint vc="0" uspid="23" ordinal="0" offset="53" sl="65" sc="0" el="65" ec="0" bec="0" bev="0" fileid="1" />
                <SequencePoint vc="0" uspid="24" ordinal="0" offset="65" sl="66" sc="0" el="66" ec="0" bec="0" bev="0" fileid="1" />
                <SequencePoint vc="0" uspid="25" ordinal="0" offset="177" sl="73" sc="0" el="73" ec="0" bec="0" bev="0" fileid="1" />
                <SequencePoint vc="0" uspid="26" ordinal="0" offset="224" sl="76" sc="0" el="76" ec="0" bec="0" bev="0" fileid="1" />
                <SequencePoint vc="0" uspid="27" ordinal="0" offset="309" sl="79" sc="0" el="79" ec="0" bec="0" bev="0" fileid="1" />
                <SequencePoint vc="0" uspid="28" ordinal="0" offset="316" sl="80" sc="0" el="80" ec="0" bec="0" bev="0" fileid="1" />
              </SequencePoints>
              <BranchPoints />
            </Method>
            <Method visited="false" cyclomaticComplexity="0" nPathComplexity="0" sequenceCoverage="0.0" branchCoverage="0" crapScore="0" isConstructor="false" isStatic="false" isGetter="false" isSetter="false">
              <Summary numSequencePoints="5" visitedSequencePoints="0" numBranchPoints="0" visitedBranchPoints="0" sequenceCoverage="0.0" branchCoverage="0" maxCyclomaticComplexity="0" minCyclomaticComplexity="0" maxCrapScore="0" minCrapScore="0" visitedClasses="0" numClasses="0" visitedMethods="0" numMethods="1" />
              <MetadataToken>100663324</MetadataToken>
              <Name>System.Void Networking.Client::SetEndpoint(System.String, System.UInt16, System.Boolean)</Name>
              <FileRef uid="1" />
              <SequencePoints>
                <SequencePoint vc="0" uspid="29" ordinal="0" offset="0" sl="83" sc="0" el="83" ec="0" bec="0" bev="0" fileid="1" />
                <SequencePoint vc="0" uspid="30" ordinal="0" offset="1" sl="84" sc="0" el="84" ec="0" bec="0" bev="0" fileid="1" />
                <SequencePoint vc="0" uspid="31" ordinal="0" offset="8" sl="85" sc="0" el="85" ec="0" bec="0" bev="0" fileid="1" />
                <SequencePoint vc="0" uspid="32" ordinal="0" offset="15" sl="86" sc="0" el="86" ec="0" bec="0" bev="0" fileid="1" />
                <SequencePoint vc="0" uspid="33" ordinal="0" offset="23" sl="87" sc="0" el="87" ec="0" bec="0" bev="0" fileid="1" />
              </SequencePoints>
              <BranchPoints />
            </Method>
            <Method visited="false" cyclomaticComplexity="0" nPathComplexity="0" sequenceCoverage="0.0" branchCoverage="0" crapScore="0" isConstructor="false" isStatic="false" isGetter="false" isSetter="false">
              <Summary numSequencePoints="16" visitedSequencePoints="0" numBranchPoints="0" visitedBranchPoints="0" sequenceCoverage="0.0" branchCoverage="0" maxCyclomaticComplexity="0" minCyclomaticComplexity="0" maxCrapScore="0" minCrapScore="0" visitedClasses="0" numClasses="0" visitedMethods="0" numMethods="1" />
              <MetadataToken>100663325</MetadataToken>
              <Name>System.Void Networking.Client::Connect()</Name>
              <FileRef uid="1" />
              <SequencePoints>
                <SequencePoint vc="0" uspid="34" ordinal="0" offset="0" sl="90" sc="0" el="90" ec="0" bec="0" bev="0" fileid="1" />
                <SequencePoint vc="0" uspid="35" ordinal="0" offset="1" sl="91" sc="0" el="91" ec="0" bec="0" bev="0" fileid="1" />
                <SequencePoint vc="0" uspid="36" ordinal="0" offset="13" sl="92" sc="0" el="92" ec="0" bec="0" bev="0" fileid="1" />
                <SequencePoint vc="0" uspid="37" ordinal="0" offset="26" sl="93" sc="0" el="93" ec="0" bec="0" bev="0" fileid="1" />
                <SequencePoint vc="0" uspid="38" ordinal="0" offset="27" sl="94" sc="0" el="94" ec="0" bec="0" bev="0" fileid="1" />
                <SequencePoint vc="0" uspid="39" ordinal="0" offset="54" sl="95" sc="0" el="95" ec="0" bec="0" bev="0" fileid="1" />
                <SequencePoint vc="0" uspid="40" ordinal="0" offset="56" sl="98" sc="0" el="98" ec="0" bec="0" bev="0" fileid="1" />
                <SequencePoint vc="0" uspid="41" ordinal="0" offset="69" sl="99" sc="0" el="99" ec="0" bec="0" bev="0" fileid="1" />
                <SequencePoint vc="0" uspid="42" ordinal="0" offset="70" sl="100" sc="0" el="100" ec="0" bec="0" bev="0" fileid="1" />
                <SequencePoint vc="0" uspid="43" ordinal="0" offset="81" sl="101" sc="0" el="101" ec="0" bec="0" bev="0" fileid="1" />
                <SequencePoint vc="0" uspid="44" ordinal="0" offset="83" sl="104" sc="0" el="104" ec="0" bec="0" bev="0" fileid="1" />
                <SequencePoint vc="0" uspid="45" ordinal="0" offset="94" sl="105" sc="0" el="105" ec="0" bec="0" bev="0" fileid="1" />
                <SequencePoint vc="0" uspid="46" ordinal="0" offset="102" sl="106" sc="0" el="106" ec="0" bec="0" bev="0" fileid="1" />
                <SequencePoint vc="0" uspid="47" ordinal="0" offset="149" sl="109" sc="0" el="109" ec="0" bec="0" bev="0" fileid="1" />
                <SequencePoint vc="0" uspid="48" ordinal="0" offset="163" sl="110" sc="0" el="110" ec="0" bec="0" bev="0" fileid="1" />
                <SequencePoint vc="0" uspid="49" ordinal="0" offset="181" sl="111" sc="0" el="111" ec="0" bec="0" bev="0" fileid="1" />
              </SequencePoints>
              <BranchPoints />
            </Method>
            <Method visited="false" cyclomaticComplexity="0" nPathComplexity="0" sequenceCoverage="0.0" branchCoverage="0" crapScore="0" isConstructor="false" isStatic="false" isGetter="false" isSetter="false">
              <Summary numSequencePoints="179" visitedSequencePoints="0" numBranchPoints="0" visitedBranchPoints="0" sequenceCoverage="0.0" branchCoverage="0" maxCyclomaticComplexity="0" minCyclomaticComplexity="0" maxCrapScore="0" minCrapScore="0" visitedClasses="0" numClasses="0" visitedMethods="0" numMethods="1" />
              <MetadataToken>100663326</MetadataToken>
              <Name>System.Void Networking.Client::Tick()</Name>
              <FileRef uid="1" />
              <SequencePoints>
                <SequencePoint vc="0" uspid="50" ordinal="0" offset="0" sl="114" sc="0" el="114" ec="0" bec="0" bev="0" fileid="1" />
                <SequencePoint vc="0" uspid="51" ordinal="0" offset="1" sl="115" sc="0" el="115" ec="0" bec="0" bev="0" fileid="1" />
                <SequencePoint vc="0" uspid="52" ordinal="0" offset="19" sl="115" sc="0" el="115" ec="0" bec="0" bev="0" fileid="1" />
                <SequencePoint vc="0" uspid="53" ordinal="0" offset="24" sl="116" sc="0" el="116" ec="0" bec="0" bev="0" fileid="1" />
                <SequencePoint vc="0" uspid="54" ordinal="0" offset="53" sl="118" sc="0" el="118" ec="0" bec="0" bev="0" fileid="1" />
                <SequencePoint vc="0" uspid="55" ordinal="0" offset="100" sl="119" sc="0" el="119" ec="0" bec="0" bev="0" fileid="1" />
                <SequencePoint vc="0" uspid="56" ordinal="0" offset="101" sl="120" sc="0" el="120" ec="0" bec="0" bev="0" fileid="1" />
                <SequencePoint vc="0" uspid="57" ordinal="0" offset="112" sl="121" sc="0" el="121" ec="0" bec="0" bev="0" fileid="1" />
                <SequencePoint vc="0" uspid="58" ordinal="0" offset="119" sl="122" sc="0" el="122" ec="0" bec="0" bev="0" fileid="1" />
                <SequencePoint vc="0" uspid="59" ordinal="0" offset="124" sl="127" sc="0" el="127" ec="0" bec="0" bev="0" fileid="1" />
                <SequencePoint vc="0" uspid="60" ordinal="0" offset="157" sl="129" sc="0" el="129" ec="0" bec="0" bev="0" fileid="1" />
                <SequencePoint vc="0" uspid="61" ordinal="0" offset="158" sl="130" sc="0" el="130" ec="0" bec="0" bev="0" fileid="1" />
                <SequencePoint vc="0" uspid="62" ordinal="0" offset="168" sl="131" sc="0" el="131" ec="0" bec="0" bev="0" fileid="1" />
                <SequencePoint vc="0" uspid="63" ordinal="0" offset="169" sl="132" sc="0" el="132" ec="0" bec="0" bev="0" fileid="1" />
                <SequencePoint vc="0" uspid="64" ordinal="0" offset="180" sl="133" sc="0" el="133" ec="0" bec="0" bev="0" fileid="1" />
                <SequencePoint vc="0" uspid="65" ordinal="0" offset="188" sl="134" sc="0" el="134" ec="0" bec="0" bev="0" fileid="1" />
                <SequencePoint vc="0" uspid="66" ordinal="0" offset="206" sl="135" sc="0" el="135" ec="0" bec="0" bev="0" fileid="1" />
                <SequencePoint vc="0" uspid="67" ordinal="0" offset="212" sl="136" sc="0" el="136" ec="0" bec="0" bev="0" fileid="1" />
                <SequencePoint vc="0" uspid="68" ordinal="0" offset="225" sl="137" sc="0" el="137" ec="0" bec="0" bev="0" fileid="1" />
                <SequencePoint vc="0" uspid="69" ordinal="0" offset="226" sl="138" sc="0" el="138" ec="0" bec="0" bev="0" fileid="1" />
                <SequencePoint vc="0" uspid="70" ordinal="0" offset="250" sl="139" sc="0" el="139" ec="0" bec="0" bev="0" fileid="1" />
                <SequencePoint vc="0" uspid="71" ordinal="0" offset="259" sl="140" sc="0" el="140" ec="0" bec="0" bev="0" fileid="1" />
                <SequencePoint vc="0" uspid="72" ordinal="0" offset="315" sl="143" sc="0" el="143" ec="0" bec="0" bev="0" fileid="1" />
                <SequencePoint vc="0" uspid="73" ordinal="0" offset="329" sl="144" sc="0" el="144" ec="0" bec="0" bev="0" fileid="1" />
                <SequencePoint vc="0" uspid="74" ordinal="0" offset="356" sl="145" sc="0" el="145" ec="0" bec="0" bev="0" fileid="1" />
                <SequencePoint vc="0" uspid="75" ordinal="0" offset="381" sl="147" sc="0" el="147" ec="0" bec="0" bev="0" fileid="1" />
                <SequencePoint vc="0" uspid="76" ordinal="0" offset="390" sl="148" sc="0" el="148" ec="0" bec="0" bev="0" fileid="1" />
                <SequencePoint vc="0" uspid="77" ordinal="0" offset="404" sl="149" sc="0" el="149" ec="0" bec="0" bev="0" fileid="1" />
                <SequencePoint vc="0" uspid="78" ordinal="0" offset="428" sl="150" sc="0" el="150" ec="0" bec="0" bev="0" fileid="1" />
                <SequencePoint vc="0" uspid="79" ordinal="0" offset="433" sl="152" sc="0" el="152" ec="0" bec="0" bev="0" fileid="1" />
                <SequencePoint vc="0" uspid="80" ordinal="0" offset="434" sl="153" sc="0" el="153" ec="0" bec="0" bev="0" fileid="1" />
                <SequencePoint vc="0" uspid="81" ordinal="0" offset="446" sl="154" sc="0" el="154" ec="0" bec="0" bev="0" fileid="1" />
                <SequencePoint vc="0" uspid="82" ordinal="0" offset="455" sl="155" sc="0" el="155" ec="0" bec="0" bev="0" fileid="1" />
                <SequencePoint vc="0" uspid="83" ordinal="0" offset="464" sl="156" sc="0" el="156" ec="0" bec="0" bev="0" fileid="1" />
                <SequencePoint vc="0" uspid="84" ordinal="0" offset="473" sl="157" sc="0" el="157" ec="0" bec="0" bev="0" fileid="1" />
                <SequencePoint vc="0" uspid="85" ordinal="0" offset="488" sl="158" sc="0" el="158" ec="0" bec="0" bev="0" fileid="1" />
                <SequencePoint vc="0" uspid="86" ordinal="0" offset="552" sl="162" sc="0" el="162" ec="0" bec="0" bev="0" fileid="1" />
                <SequencePoint vc="0" uspid="87" ordinal="0" offset="581" sl="163" sc="0" el="163" ec="0" bec="0" bev="0" fileid="1" />
                <SequencePoint vc="0" uspid="88" ordinal="0" offset="633" sl="166" sc="0" el="166" ec="0" bec="0" bev="0" fileid="1" />
                <SequencePoint vc="0" uspid="89" ordinal="0" offset="662" sl="167" sc="0" el="167" ec="0" bec="0" bev="0" fileid="1" />
                <SequencePoint vc="0" uspid="90" ordinal="0" offset="667" sl="170" sc="0" el="170" ec="0" bec="0" bev="0" fileid="1" />
                <SequencePoint vc="0" uspid="91" ordinal="0" offset="668" sl="171" sc="0" el="171" ec="0" bec="0" bev="0" fileid="1" />
                <SequencePoint vc="0" uspid="92" ordinal="0" offset="679" sl="171" sc="0" el="171" ec="0" bec="0" bev="0" fileid="1" />
                <SequencePoint vc="0" uspid="93" ordinal="0" offset="684" sl="172" sc="0" el="172" ec="0" bec="0" bev="0" fileid="1" />
                <SequencePoint vc="0" uspid="94" ordinal="0" offset="693" sl="174" sc="0" el="174" ec="0" bec="0" bev="0" fileid="1" />
                <SequencePoint vc="0" uspid="95" ordinal="0" offset="701" sl="175" sc="0" el="175" ec="0" bec="0" bev="0" fileid="1" />
                <SequencePoint vc="0" uspid="96" ordinal="0" offset="702" sl="176" sc="0" el="176" ec="0" bec="0" bev="0" fileid="1" />
                <SequencePoint vc="0" uspid="97" ordinal="0" offset="711" sl="177" sc="0" el="177" ec="0" bec="0" bev="0" fileid="1" />
                <SequencePoint vc="0" uspid="98" ordinal="0" offset="720" sl="178" sc="0" el="178" ec="0" bec="0" bev="0" fileid="1" />
                <SequencePoint vc="0" uspid="99" ordinal="0" offset="729" sl="179" sc="0" el="179" ec="0" bec="0" bev="0" fileid="1" />
                <SequencePoint vc="0" uspid="100" ordinal="0" offset="738" sl="180" sc="0" el="180" ec="0" bec="0" bev="0" fileid="1" />
                <SequencePoint vc="0" uspid="101" ordinal="0" offset="747" sl="181" sc="0" el="181" ec="0" bec="0" bev="0" fileid="1" />
                <SequencePoint vc="0" uspid="102" ordinal="0" offset="756" sl="182" sc="0" el="182" ec="0" bec="0" bev="0" fileid="1" />
                <SequencePoint vc="0" uspid="103" ordinal="0" offset="765" sl="183" sc="0" el="183" ec="0" bec="0" bev="0" fileid="1" />
                <SequencePoint vc="0" uspid="104" ordinal="0" offset="787" sl="185" sc="0" el="185" ec="0" bec="0" bev="0" fileid="1" />
                <SequencePoint vc="0" uspid="105" ordinal="0" offset="801" sl="186" sc="0" el="186" ec="0" bec="0" bev="0" fileid="1" />
                <SequencePoint vc="0" uspid="106" ordinal="0" offset="844" sl="188" sc="0" el="188" ec="0" bec="0" bev="0" fileid="1" />
                <SequencePoint vc="0" uspid="107" ordinal="0" offset="854" sl="189" sc="0" el="189" ec="0" bec="0" bev="0" fileid="1" />
                <SequencePoint vc="0" uspid="108" ordinal="0" offset="877" sl="190" sc="0" el="190" ec="0" bec="0" bev="0" fileid="1" />
                <SequencePoint vc="0" uspid="109" ordinal="0" offset="888" sl="191" sc="0" el="191" ec="0" bec="0" bev="0" fileid="1" />
                <SequencePoint vc="0" uspid="110" ordinal="0" offset="889" sl="174" sc="0" el="174" ec="0" bec="0" bev="0" fileid="1" />
                <SequencePoint vc="0" uspid="111" ordinal="0" offset="895" sl="174" sc="0" el="174" ec="0" bec="0" bev="0" fileid="1" />
                <SequencePoint vc="0" uspid="112" ordinal="0" offset="910" sl="193" sc="0" el="193" ec="0" bec="0" bev="0" fileid="1" />
                <SequencePoint vc="0" uspid="113" ordinal="0" offset="915" sl="196" sc="0" el="196" ec="0" bec="0" bev="0" fileid="1" />
                <SequencePoint vc="0" uspid="114" ordinal="0" offset="916" sl="197" sc="0" el="197" ec="0" bec="0" bev="0" fileid="1" />
                <SequencePoint vc="0" uspid="115" ordinal="0" offset="927" sl="197" sc="0" el="197" ec="0" bec="0" bev="0" fileid="1" />
                <SequencePoint vc="0" uspid="116" ordinal="0" offset="932" sl="198" sc="0" el="198" ec="0" bec="0" bev="0" fileid="1" />
                <SequencePoint vc="0" uspid="117" ordinal="0" offset="941" sl="199" sc="0" el="199" ec="0" bec="0" bev="0" fileid="1" />
                <SequencePoint vc="0" uspid="118" ordinal="0" offset="946" sl="200" sc="0" el="200" ec="0" bec="0" bev="0" fileid="1" />
                <SequencePoint vc="0" uspid="119" ordinal="0" offset="947" sl="201" sc="0" el="201" ec="0" bec="0" bev="0" fileid="1" />
                <SequencePoint vc="0" uspid="120" ordinal="0" offset="956" sl="202" sc="0" el="202" ec="0" bec="0" bev="0" fileid="1" />
                <SequencePoint vc="0" uspid="121" ordinal="0" offset="965" sl="203" sc="0" el="203" ec="0" bec="0" bev="0" fileid="1" />
                <SequencePoint vc="0" uspid="122" ordinal="0" offset="974" sl="205" sc="0" el="205" ec="0" bec="0" bev="0" fileid="1" />
                <SequencePoint vc="0" uspid="123" ordinal="0" offset="975" sl="206" sc="0" el="206" ec="0" bec="0" bev="0" fileid="1" />
                <SequencePoint vc="0" uspid="124" ordinal="0" offset="989" sl="207" sc="0" el="207" ec="0" bec="0" bev="0" fileid="1" />
                <SequencePoint vc="0" uspid="125" ordinal="0" offset="999" sl="208" sc="0" el="208" ec="0" bec="0" bev="0" fileid="1" />
                <SequencePoint vc="0" uspid="126" ordinal="0" offset="1002" sl="209" sc="0" el="209" ec="0" bec="0" bev="0" fileid="1" />
                <SequencePoint vc="0" uspid="127" ordinal="0" offset="1004" sl="210" sc="0" el="210" ec="0" bec="0" bev="0" fileid="1" />
                <SequencePoint vc="0" uspid="128" ordinal="0" offset="1005" sl="211" sc="0" el="211" ec="0" bec="0" bev="0" fileid="1" />
                <SequencePoint vc="0" uspid="129" ordinal="0" offset="1035" sl="212" sc="0" el="212" ec="0" bec="0" bev="0" fileid="1" />
                <SequencePoint vc="0" uspid="130" ordinal="0" offset="1056" sl="213" sc="0" el="213" ec="0" bec="0" bev="0" fileid="1" />
                <SequencePoint vc="0" uspid="131" ordinal="0" offset="1059" sl="214" sc="0" el="214" ec="0" bec="0" bev="0" fileid="1" />
                <SequencePoint vc="0" uspid="132" ordinal="0" offset="1060" sl="199" sc="0" el="199" ec="0" bec="0" bev="0" fileid="1" />
                <SequencePoint vc="0" uspid="133" ordinal="0" offset="1066" sl="199" sc="0" el="199" ec="0" bec="0" bev="0" fileid="1" />
                <SequencePoint vc="0" uspid="134" ordinal="0" offset="1081" sl="216" sc="0" el="216" ec="0" bec="0" bev="0" fileid="1" />
                <SequencePoint vc="0" uspid="135" ordinal="0" offset="1086" sl="219" sc="0" el="219" ec="0" bec="0" bev="0" fileid="1" />
                <SequencePoint vc="0" uspid="136" ordinal="0" offset="1087" sl="220" sc="0" el="220" ec="0" bec="0" bev="0" fileid="1" />
                <SequencePoint vc="0" uspid="137" ordinal="0" offset="1098" sl="220" sc="0" el="220" ec="0" bec="0" bev="0" fileid="1" />
                <SequencePoint vc="0" uspid="138" ordinal="0" offset="1103" sl="221" sc="0" el="221" ec="0" bec="0" bev="0" fileid="1" />
                <SequencePoint vc="0" uspid="139" ordinal="0" offset="1112" sl="222" sc="0" el="222" ec="0" bec="0" bev="0" fileid="1" />
                <SequencePoint vc="0" uspid="140" ordinal="0" offset="1120" sl="223" sc="0" el="223" ec="0" bec="0" bev="0" fileid="1" />
                <SequencePoint vc="0" uspid="141" ordinal="0" offset="1121" sl="224" sc="0" el="224" ec="0" bec="0" bev="0" fileid="1" />
                <SequencePoint vc="0" uspid="142" ordinal="0" offset="1130" sl="225" sc="0" el="225" ec="0" bec="0" bev="0" fileid="1" />
                <SequencePoint vc="0" uspid="143" ordinal="0" offset="1139" sl="226" sc="0" el="226" ec="0" bec="0" bev="0" fileid="1" />
                <SequencePoint vc="0" uspid="144" ordinal="0" offset="1160" sl="227" sc="0" el="227" ec="0" bec="0" bev="0" fileid="1" />
                <SequencePoint vc="0" uspid="145" ordinal="0" offset="1161" sl="228" sc="0" el="228" ec="0" bec="0" bev="0" fileid="1" />
                <SequencePoint vc="0" uspid="146" ordinal="0" offset="1175" sl="229" sc="0" el="229" ec="0" bec="0" bev="0" fileid="1" />
                <SequencePoint vc="0" uspid="147" ordinal="0" offset="1184" sl="231" sc="0" el="231" ec="0" bec="0" bev="0" fileid="1" />
                <SequencePoint vc="0" uspid="148" ordinal="0" offset="1185" sl="232" sc="0" el="232" ec="0" bec="0" bev="0" fileid="1" />
                <SequencePoint vc="0" uspid="149" ordinal="0" offset="1226" sl="233" sc="0" el="233" ec="0" bec="0" bev="0" fileid="1" />
                <SequencePoint vc="0" uspid="150" ordinal="0" offset="1229" sl="234" sc="0" el="234" ec="0" bec="0" bev="0" fileid="1" />
                <SequencePoint vc="0" uspid="151" ordinal="0" offset="1231" sl="235" sc="0" el="235" ec="0" bec="0" bev="0" fileid="1" />
                <SequencePoint vc="0" uspid="152" ordinal="0" offset="1232" sl="236" sc="0" el="236" ec="0" bec="0" bev="0" fileid="1" />
                <SequencePoint vc="0" uspid="153" ordinal="0" offset="1262" sl="238" sc="0" el="238" ec="0" bec="0" bev="0" fileid="1" />
                <SequencePoint vc="0" uspid="154" ordinal="0" offset="1283" sl="239" sc="0" el="239" ec="0" bec="0" bev="0" fileid="1" />
                <SequencePoint vc="0" uspid="155" ordinal="0" offset="1286" sl="240" sc="0" el="240" ec="0" bec="0" bev="0" fileid="1" />
                <SequencePoint vc="0" uspid="156" ordinal="0" offset="1289" sl="242" sc="0" el="242" ec="0" bec="0" bev="0" fileid="1" />
                <SequencePoint vc="0" uspid="157" ordinal="0" offset="1290" sl="243" sc="0" el="243" ec="0" bec="0" bev="0" fileid="1" />
                <SequencePoint vc="0" uspid="158" ordinal="0" offset="1300" sl="244" sc="0" el="244" ec="0" bec="0" bev="0" fileid="1" />
                <SequencePoint vc="0" uspid="159" ordinal="0" offset="1301" sl="245" sc="0" el="245" ec="0" bec="0" bev="0" fileid="1" />
                <SequencePoint vc="0" uspid="160" ordinal="0" offset="1302" sl="222" sc="0" el="222" ec="0" bec="0" bev="0" fileid="1" />
                <SequencePoint vc="0" uspid="161" ordinal="0" offset="1308" sl="222" sc="0" el="222" ec="0" bec="0" bev="0" fileid="1" />
                <SequencePoint vc="0" uspid="162" ordinal="0" offset="1323" sl="247" sc="0" el="247" ec="0" bec="0" bev="0" fileid="1" />
                <SequencePoint vc="0" uspid="163" ordinal="0" offset="1328" sl="250" sc="0" el="250" ec="0" bec="0" bev="0" fileid="1" />
                <SequencePoint vc="0" uspid="164" ordinal="0" offset="1329" sl="251" sc="0" el="251" ec="0" bec="0" bev="0" fileid="1" />
                <SequencePoint vc="0" uspid="165" ordinal="0" offset="1340" sl="251" sc="0" el="251" ec="0" bec="0" bev="0" fileid="1" />
                <SequencePoint vc="0" uspid="166" ordinal="0" offset="1345" sl="252" sc="0" el="252" ec="0" bec="0" bev="0" fileid="1" />
                <SequencePoint vc="0" uspid="167" ordinal="0" offset="1354" sl="253" sc="0" el="253" ec="0" bec="0" bev="0" fileid="1" />
                <SequencePoint vc="0" uspid="168" ordinal="0" offset="1359" sl="254" sc="0" el="254" ec="0" bec="0" bev="0" fileid="1" />
                <SequencePoint vc="0" uspid="169" ordinal="0" offset="1360" sl="255" sc="0" el="255" ec="0" bec="0" bev="0" fileid="1" />
                <SequencePoint vc="0" uspid="170" ordinal="0" offset="1369" sl="256" sc="0" el="256" ec="0" bec="0" bev="0" fileid="1" />
                <SequencePoint vc="0" uspid="171" ordinal="0" offset="1382" sl="257" sc="0" el="257" ec="0" bec="0" bev="0" fileid="1" />
                <SequencePoint vc="0" uspid="172" ordinal="0" offset="1383" sl="253" sc="0" el="253" ec="0" bec="0" bev="0" fileid="1" />
                <SequencePoint vc="0" uspid="173" ordinal="0" offset="1389" sl="253" sc="0" el="253" ec="0" bec="0" bev="0" fileid="1" />
                <SequencePoint vc="0" uspid="174" ordinal="0" offset="1401" sl="259" sc="0" el="259" ec="0" bec="0" bev="0" fileid="1" />
                <SequencePoint vc="0" uspid="175" ordinal="0" offset="1406" sl="262" sc="0" el="262" ec="0" bec="0" bev="0" fileid="1" />
                <SequencePoint vc="0" uspid="176" ordinal="0" offset="1407" sl="263" sc="0" el="263" ec="0" bec="0" bev="0" fileid="1" />
                <SequencePoint vc="0" uspid="177" ordinal="0" offset="1418" sl="263" sc="0" el="263" ec="0" bec="0" bev="0" fileid="1" />
                <SequencePoint vc="0" uspid="178" ordinal="0" offset="1423" sl="264" sc="0" el="264" ec="0" bec="0" bev="0" fileid="1" />
                <SequencePoint vc="0" uspid="179" ordinal="0" offset="1432" sl="265" sc="0" el="265" ec="0" bec="0" bev="0" fileid="1" />
                <SequencePoint vc="0" uspid="180" ordinal="0" offset="1441" sl="266" sc="0" el="266" ec="0" bec="0" bev="0" fileid="1" />
                <SequencePoint vc="0" uspid="181" ordinal="0" offset="1450" sl="267" sc="0" el="267" ec="0" bec="0" bev="0" fileid="1" />
                <SequencePoint vc="0" uspid="182" ordinal="0" offset="1459" sl="269" sc="0" el="269" ec="0" bec="0" bev="0" fileid="1" />
                <SequencePoint vc="0" uspid="183" ordinal="0" offset="1460" sl="270" sc="0" el="270" ec="0" bec="0" bev="0" fileid="1" />
                <SequencePoint vc="0" uspid="184" ordinal="0" offset="1475" sl="271" sc="0" el="271" ec="0" bec="0" bev="0" fileid="1" />
                <SequencePoint vc="0" uspid="185" ordinal="0" offset="1486" sl="272" sc="0" el="272" ec="0" bec="0" bev="0" fileid="1" />
                <SequencePoint vc="0" uspid="186" ordinal="0" offset="1502" sl="273" sc="0" el="273" ec="0" bec="0" bev="0" fileid="1" />
                <SequencePoint vc="0" uspid="187" ordinal="0" offset="1507" sl="275" sc="0" el="275" ec="0" bec="0" bev="0" fileid="1" />
                <SequencePoint vc="0" uspid="188" ordinal="0" offset="1509" sl="276" sc="0" el="276" ec="0" bec="0" bev="0" fileid="1" />
                <SequencePoint vc="0" uspid="189" ordinal="0" offset="1510" sl="277" sc="0" el="277" ec="0" bec="0" bev="0" fileid="1" />
                <SequencePoint vc="0" uspid="190" ordinal="0" offset="1518" sl="278" sc="0" el="278" ec="0" bec="0" bev="0" fileid="1" />
                <SequencePoint vc="0" uspid="191" ordinal="0" offset="1523" sl="282" sc="0" el="282" ec="0" bec="0" bev="0" fileid="1" />
                <SequencePoint vc="0" uspid="192" ordinal="0" offset="1524" sl="283" sc="0" el="283" ec="0" bec="0" bev="0" fileid="1" />
                <SequencePoint vc="0" uspid="193" ordinal="0" offset="1535" sl="283" sc="0" el="283" ec="0" bec="0" bev="0" fileid="1" />
                <SequencePoint vc="0" uspid="194" ordinal="0" offset="1540" sl="284" sc="0" el="284" ec="0" bec="0" bev="0" fileid="1" />
                <SequencePoint vc="0" uspid="195" ordinal="0" offset="1549" sl="285" sc="0" el="285" ec="0" bec="0" bev="0" fileid="1" />
                <SequencePoint vc="0" uspid="196" ordinal="0" offset="1558" sl="286" sc="0" el="286" ec="0" bec="0" bev="0" fileid="1" />
                <SequencePoint vc="0" uspid="197" ordinal="0" offset="1572" sl="287" sc="0" el="287" ec="0" bec="0" bev="0" fileid="1" />
                <SequencePoint vc="0" uspid="198" ordinal="0" offset="1583" sl="288" sc="0" el="288" ec="0" bec="0" bev="0" fileid="1" />
                <SequencePoint vc="0" uspid="199" ordinal="0" offset="1614" sl="290" sc="0" el="290" ec="0" bec="0" bev="0" fileid="1" />
                <SequencePoint vc="0" uspid="200" ordinal="0" offset="1624" sl="291" sc="0" el="291" ec="0" bec="0" bev="0" fileid="1" />
                <SequencePoint vc="0" uspid="201" ordinal="0" offset="1629" sl="294" sc="0" el="294" ec="0" bec="0" bev="0" fileid="1" />
                <SequencePoint vc="0" uspid="202" ordinal="0" offset="1630" sl="295" sc="0" el="295" ec="0" bec="0" bev="0" fileid="1" />
                <SequencePoint vc="0" uspid="203" ordinal="0" offset="1641" sl="295" sc="0" el="295" ec="0" bec="0" bev="0" fileid="1" />
                <SequencePoint vc="0" uspid="204" ordinal="0" offset="1646" sl="296" sc="0" el="296" ec="0" bec="0" bev="0" fileid="1" />
                <SequencePoint vc="0" uspid="205" ordinal="0" offset="1655" sl="297" sc="0" el="297" ec="0" bec="0" bev="0" fileid="1" />
                <SequencePoint vc="0" uspid="206" ordinal="0" offset="1664" sl="298" sc="0" el="298" ec="0" bec="0" bev="0" fileid="1" />
                <SequencePoint vc="0" uspid="207" ordinal="0" offset="1685" sl="299" sc="0" el="299" ec="0" bec="0" bev="0" fileid="1" />
                <SequencePoint vc="0" uspid="208" ordinal="0" offset="1686" sl="300" sc="0" el="300" ec="0" bec="0" bev="0" fileid="1" />
                <SequencePoint vc="0" uspid="209" ordinal="0" offset="1697" sl="301" sc="0" el="301" ec="0" bec="0" bev="0" fileid="1" />
                <SequencePoint vc="0" uspid="210" ordinal="0" offset="1699" sl="304" sc="0" el="304" ec="0" bec="0" bev="0" fileid="1" />
                <SequencePoint vc="0" uspid="211" ordinal="0" offset="1713" sl="305" sc="0" el="305" ec="0" bec="0" bev="0" fileid="1" />
                <SequencePoint vc="0" uspid="212" ordinal="0" offset="1722" sl="306" sc="0" el="306" ec="0" bec="0" bev="0" fileid="1" />
                <SequencePoint vc="0" uspid="213" ordinal="0" offset="1733" sl="307" sc="0" el="307" ec="0" bec="0" bev="0" fileid="1" />
                <SequencePoint vc="0" uspid="214" ordinal="0" offset="1749" sl="309" sc="0" el="309" ec="0" bec="0" bev="0" fileid="1" />
                <SequencePoint vc="0" uspid="215" ordinal="0" offset="1780" sl="311" sc="0" el="311" ec="0" bec="0" bev="0" fileid="1" />
                <SequencePoint vc="0" uspid="216" ordinal="0" offset="1790" sl="312" sc="0" el="312" ec="0" bec="0" bev="0" fileid="1" />
                <SequencePoint vc="0" uspid="217" ordinal="0" offset="1792" sl="315" sc="0" el="315" ec="0" bec="0" bev="0" fileid="1" />
                <SequencePoint vc="0" uspid="218" ordinal="0" offset="1814" sl="316" sc="0" el="316" ec="0" bec="0" bev="0" fileid="1" />
                <SequencePoint vc="0" uspid="219" ordinal="0" offset="1816" sl="318" sc="0" el="318" ec="0" bec="0" bev="0" fileid="1" />
                <SequencePoint vc="0" uspid="220" ordinal="0" offset="1819" sl="319" sc="0" el="319" ec="0" bec="0" bev="0" fileid="1" />
                <SequencePoint vc="0" uspid="221" ordinal="0" offset="1829" sl="320" sc="0" el="320" ec="0" bec="0" bev="0" fileid="1" />
                <SequencePoint vc="0" uspid="222" ordinal="0" offset="1830" sl="321" sc="0" el="321" ec="0" bec="0" bev="0" fileid="1" />
                <SequencePoint vc="0" uspid="223" ordinal="0" offset="1841" sl="322" sc="0" el="322" ec="0" bec="0" bev="0" fileid="1" />
                <SequencePoint vc="0" uspid="224" ordinal="0" offset="1859" sl="323" sc="0" el="323" ec="0" bec="0" bev="0" fileid="1" />
                <SequencePoint vc="0" uspid="225" ordinal="0" offset="1867" sl="324" sc="0" el="324" ec="0" bec="0" bev="0" fileid="1" />
                <SequencePoint vc="0" uspid="226" ordinal="0" offset="1879" sl="325" sc="0" el="325" ec="0" bec="0" bev="0" fileid="1" />
                <SequencePoint vc="0" uspid="227" ordinal="0" offset="1880" sl="326" sc="0" el="326" ec="0" bec="0" bev="0" fileid="1" />
                <SequencePoint vc="0" uspid="228" ordinal="0" offset="1886" sl="327" sc="0" el="327" ec="0" bec="0" bev="0" fileid="1" />
              </SequencePoints>
              <BranchPoints />
            </Method>
            <Method visited="false" cyclomaticComplexity="0" nPathComplexity="0" sequenceCoverage="0.0" branchCoverage="0" crapScore="0" isConstructor="false" isStatic="false" isGetter="false" isSetter="false">
              <Summary numSequencePoints="11" visitedSequencePoints="0" numBranchPoints="0" visitedBranchPoints="0" sequenceCoverage="0.0" branchCoverage="0" maxCyclomaticComplexity="0" minCyclomaticComplexity="0" maxCrapScore="0" minCrapScore="0" visitedClasses="0" numClasses="0" visitedMethods="0" numMethods="1" />
              <MetadataToken>100663327</MetadataToken>
              <Name>System.Void Networking.Client::SendPlayerData(System.String)</Name>
              <FileRef uid="1" />
              <SequencePoints>
                <SequencePoint vc="0" uspid="229" ordinal="0" offset="0" sl="330" sc="0" el="330" ec="0" bec="0" bev="0" fileid="1" />
                <SequencePoint vc="0" uspid="230" ordinal="0" offset="1" sl="331" sc="0" el="331" ec="0" bec="0" bev="0" fileid="1" />
                <SequencePoint vc="0" uspid="231" ordinal="0" offset="14" sl="331" sc="0" el="331" ec="0" bec="0" bev="0" fileid="1" />
                <SequencePoint vc="0" uspid="232" ordinal="0" offset="16" sl="332" sc="0" el="332" ec="0" bec="0" bev="0" fileid="1" />
                <SequencePoint vc="0" uspid="233" ordinal="0" offset="32" sl="333" sc="0" el="333" ec="0" bec="0" bev="0" fileid="1" />
                <SequencePoint vc="0" uspid="234" ordinal="0" offset="43" sl="335" sc="0" el="335" ec="0" bec="0" bev="0" fileid="1" />
                <SequencePoint vc="0" uspid="235" ordinal="0" offset="67" sl="336" sc="0" el="336" ec="0" bec="0" bev="0" fileid="1" />
                <SequencePoint vc="0" uspid="236" ordinal="0" offset="77" sl="337" sc="0" el="337" ec="0" bec="0" bev="0" fileid="1" />
                <SequencePoint vc="0" uspid="237" ordinal="0" offset="86" sl="338" sc="0" el="338" ec="0" bec="0" bev="0" fileid="1" />
                <SequencePoint vc="0" uspid="238" ordinal="0" offset="99" sl="339" sc="0" el="339" ec="0" bec="0" bev="0" fileid="1" />
                <SequencePoint vc="0" uspid="239" ordinal="0" offset="123" sl="340" sc="0" el="340" ec="0" bec="0" bev="0" fileid="1" />
              </SequencePoints>
              <BranchPoints />
            </Method>
            <Method visited="false" cyclomaticComplexity="0" nPathComplexity="0" sequenceCoverage="0.0" branchCoverage="0" crapScore="0" isConstructor="false" isStatic="false" isGetter="false" isSetter="false">
              <Summary numSequencePoints="46" visitedSequencePoints="0" numBranchPoints="0" visitedBranchPoints="0" sequenceCoverage="0.0" branchCoverage="0" maxCyclomaticComplexity="0" minCyclomaticComplexity="0" maxCrapScore="0" minCrapScore="0" visitedClasses="0" numClasses="0" visitedMethods="0" numMethods="1" />
              <MetadataToken>100663328</MetadataToken>
              <Name>System.Void Networking.Client::SendBatchedNetObjectsUpdate()</Name>
              <FileRef uid="1" />
              <SequencePoints>
                <SequencePoint vc="0" uspid="240" ordinal="0" offset="0" sl="343" sc="0" el="343" ec="0" bec="0" bev="0" fileid="1" />
                <SequencePoint vc="0" uspid="241" ordinal="0" offset="1" sl="344" sc="0" el="344" ec="0" bec="0" bev="0" fileid="1" />
                <SequencePoint vc="0" uspid="242" ordinal="0" offset="16" sl="344" sc="0" el="344" ec="0" bec="0" bev="0" fileid="1" />
                <SequencePoint vc="0" uspid="243" ordinal="0" offset="21" sl="345" sc="0" el="345" ec="0" bec="0" bev="0" fileid="1" />
                <SequencePoint vc="0" uspid="244" ordinal="0" offset="39" sl="346" sc="0" el="346" ec="0" bec="0" bev="0" fileid="1" />
                <SequencePoint vc="0" uspid="245" ordinal="0" offset="40" sl="347" sc="0" el="347" ec="0" bec="0" bev="0" fileid="1" />
                <SequencePoint vc="0" uspid="246" ordinal="0" offset="67" sl="348" sc="0" el="348" ec="0" bec="0" bev="0" fileid="1" />
                <SequencePoint vc="0" uspid="247" ordinal="0" offset="72" sl="351" sc="0" el="351" ec="0" bec="0" bev="0" fileid="1" />
                <SequencePoint vc="0" uspid="248" ordinal="0" offset="83" sl="351" sc="0" el="351" ec="0" bec="0" bev="0" fileid="1" />
                <SequencePoint vc="0" uspid="249" ordinal="0" offset="88" sl="353" sc="0" el="353" ec="0" bec="0" bev="0" fileid="1" />
                <SequencePoint vc="0" uspid="250" ordinal="0" offset="99" sl="356" sc="0" el="356" ec="0" bec="0" bev="0" fileid="1" />
                <SequencePoint vc="0" uspid="251" ordinal="0" offset="112" sl="357" sc="0" el="357" ec="0" bec="0" bev="0" fileid="1" />
                <SequencePoint vc="0" uspid="252" ordinal="0" offset="125" sl="358" sc="0" el="358" ec="0" bec="0" bev="0" fileid="1" />
                <SequencePoint vc="0" uspid="253" ordinal="0" offset="132" sl="361" sc="0" el="361" ec="0" bec="0" bev="0" fileid="1" />
                <SequencePoint vc="0" uspid="254" ordinal="0" offset="133" sl="363" sc="0" el="363" ec="0" bec="0" bev="0" fileid="1" />
                <SequencePoint vc="0" uspid="255" ordinal="0" offset="141" sl="364" sc="0" el="364" ec="0" bec="0" bev="0" fileid="1" />
                <SequencePoint vc="0" uspid="256" ordinal="0" offset="150" sl="365" sc="0" el="365" ec="0" bec="0" bev="0" fileid="1" />
                <SequencePoint vc="0" uspid="257" ordinal="0" offset="153" sl="366" sc="0" el="366" ec="0" bec="0" bev="0" fileid="1" />
                <SequencePoint vc="0" uspid="258" ordinal="0" offset="162" sl="369" sc="0" el="369" ec="0" bec="0" bev="0" fileid="1" />
                <SequencePoint vc="0" uspid="259" ordinal="0" offset="167" sl="371" sc="0" el="371" ec="0" bec="0" bev="0" fileid="1" />
                <SequencePoint vc="0" uspid="260" ordinal="0" offset="168" sl="372" sc="0" el="372" ec="0" bec="0" bev="0" fileid="1" />
                <SequencePoint vc="0" uspid="261" ordinal="0" offset="184" sl="373" sc="0" el="373" ec="0" bec="0" bev="0" fileid="1" />
                <SequencePoint vc="0" uspid="262" ordinal="0" offset="185" sl="374" sc="0" el="374" ec="0" bec="0" bev="0" fileid="1" />
                <SequencePoint vc="0" uspid="263" ordinal="0" offset="200" sl="375" sc="0" el="375" ec="0" bec="0" bev="0" fileid="1" />
                <SequencePoint vc="0" uspid="264" ordinal="0" offset="208" sl="376" sc="0" el="376" ec="0" bec="0" bev="0" fileid="1" />
                <SequencePoint vc="0" uspid="265" ordinal="0" offset="214" sl="377" sc="0" el="377" ec="0" bec="0" bev="0" fileid="1" />
                <SequencePoint vc="0" uspid="266" ordinal="0" offset="215" sl="380" sc="0" el="380" ec="0" bec="0" bev="0" fileid="1" />
                <SequencePoint vc="0" uspid="267" ordinal="0" offset="227" sl="381" sc="0" el="381" ec="0" bec="0" bev="0" fileid="1" />
                <SequencePoint vc="0" uspid="268" ordinal="0" offset="228" sl="382" sc="0" el="382" ec="0" bec="0" bev="0" fileid="1" />
                <SequencePoint vc="0" uspid="269" ordinal="0" offset="237" sl="383" sc="0" el="383" ec="0" bec="0" bev="0" fileid="1" />
                <SequencePoint vc="0" uspid="270" ordinal="0" offset="262" sl="384" sc="0" el="384" ec="0" bec="0" bev="0" fileid="1" />
                <SequencePoint vc="0" uspid="271" ordinal="0" offset="272" sl="385" sc="0" el="385" ec="0" bec="0" bev="0" fileid="1" />
                <SequencePoint vc="0" uspid="272" ordinal="0" offset="275" sl="386" sc="0" el="386" ec="0" bec="0" bev="0" fileid="1" />
                <SequencePoint vc="0" uspid="273" ordinal="0" offset="277" sl="387" sc="0" el="387" ec="0" bec="0" bev="0" fileid="1" />
                <SequencePoint vc="0" uspid="274" ordinal="0" offset="278" sl="370" sc="0" el="370" ec="0" bec="0" bev="0" fileid="1" />
                <SequencePoint vc="0" uspid="275" ordinal="0" offset="312" sl="389" sc="0" el="389" ec="0" bec="0" bev="0" fileid="1" />
                <SequencePoint vc="0" uspid="276" ordinal="0" offset="322" sl="392" sc="0" el="392" ec="0" bec="0" bev="0" fileid="1" />
                <SequencePoint vc="0" uspid="277" ordinal="0" offset="333" sl="393" sc="0" el="393" ec="0" bec="0" bev="0" fileid="1" />
                <SequencePoint vc="0" uspid="278" ordinal="0" offset="334" sl="394" sc="0" el="394" ec="0" bec="0" bev="0" fileid="1" />
                <SequencePoint vc="0" uspid="279" ordinal="0" offset="359" sl="395" sc="0" el="395" ec="0" bec="0" bev="0" fileid="1" />
                <SequencePoint vc="0" uspid="280" ordinal="0" offset="374" sl="396" sc="0" el="396" ec="0" bec="0" bev="0" fileid="1" />
                <SequencePoint vc="0" uspid="281" ordinal="0" offset="388" sl="397" sc="0" el="397" ec="0" bec="0" bev="0" fileid="1" />
                <SequencePoint vc="0" uspid="282" ordinal="0" offset="412" sl="398" sc="0" el="398" ec="0" bec="0" bev="0" fileid="1" />
                <SequencePoint vc="0" uspid="283" ordinal="0" offset="413" sl="399" sc="0" el="399" ec="0" bec="0" bev="0" fileid="1" />
                <SequencePoint vc="0" uspid="284" ordinal="0" offset="414" sl="360" sc="0" el="360" ec="0" bec="0" bev="0" fileid="1" />
                <SequencePoint vc="0" uspid="285" ordinal="0" offset="442" sl="400" sc="0" el="400" ec="0" bec="0" bev="0" fileid="1" />
              </SequencePoints>
              <BranchPoints />
            </Method>
            <Method visited="false" cyclomaticComplexity="0" nPathComplexity="0" sequenceCoverage="0.0" branchCoverage="0" crapScore="0" isConstructor="false" isStatic="true" isGetter="false" isSetter="false">
              <Summary numSequencePoints="10" visitedSequencePoints="0" numBranchPoints="0" visitedBranchPoints="0" sequenceCoverage="0.0" branchCoverage="0" maxCyclomaticComplexity="0" minCyclomaticComplexity="0" maxCrapScore="0" minCrapScore="0" visitedClasses="0" numClasses="0" visitedMethods="0" numMethods="1" />
              <MetadataToken>100663329</MetadataToken>
              <Name>static System.Void Networking.Client::WriteNetObject(Networking.NetObject, Unity.Networking.Transport.DataStreamWriter&amp;)</Name>
              <FileRef uid="1" />
              <SequencePoints>
                <SequencePoint vc="0" uspid="286" ordinal="0" offset="0" sl="403" sc="0" el="403" ec="0" bec="0" bev="0" fileid="1" />
                <SequencePoint vc="0" uspid="287" ordinal="0" offset="1" sl="404" sc="0" el="404" ec="0" bec="0" bev="0" fileid="1" />
                <SequencePoint vc="0" uspid="288" ordinal="0" offset="14" sl="404" sc="0" el="404" ec="0" bec="0" bev="0" fileid="1" />
                <SequencePoint vc="0" uspid="289" ordinal="0" offset="16" sl="405" sc="0" el="405" ec="0" bec="0" bev="0" fileid="1" />
                <SequencePoint vc="0" uspid="290" ordinal="0" offset="29" sl="406" sc="0" el="406" ec="0" bec="0" bev="0" fileid="1" />
                <SequencePoint vc="0" uspid="291" ordinal="0" offset="36" sl="407" sc="0" el="407" ec="0" bec="0" bev="0" fileid="1" />
                <SequencePoint vc="0" uspid="292" ordinal="0" offset="44" sl="408" sc="0" el="408" ec="0" bec="0" bev="0" fileid="1" />
                <SequencePoint vc="0" uspid="293" ordinal="0" offset="51" sl="409" sc="0" el="409" ec="0" bec="0" bev="0" fileid="1" />
                <SequencePoint vc="0" uspid="294" ordinal="0" offset="91" sl="410" sc="0" el="410" ec="0" bec="0" bev="0" fileid="1" />
                <SequencePoint vc="0" uspid="295" ordinal="0" offset="107" sl="411" sc="0" el="411" ec="0" bec="0" bev="0" fileid="1" />
              </SequencePoints>
              <BranchPoints />
            </Method>
            <Method visited="false" cyclomaticComplexity="0" nPathComplexity="0" sequenceCoverage="0.0" branchCoverage="0" crapScore="0" isConstructor="false" isStatic="false" isGetter="false" isSetter="false">
              <Summary numSequencePoints="13" visitedSequencePoints="0" numBranchPoints="0" visitedBranchPoints="0" sequenceCoverage="0.0" branchCoverage="0" maxCyclomaticComplexity="0" minCyclomaticComplexity="0" maxCrapScore="0" minCrapScore="0" visitedClasses="0" numClasses="0" visitedMethods="0" numMethods="1" />
              <MetadataToken>100663330</MetadataToken>
              <Name>System.Void Networking.Client::SendPing()</Name>
              <FileRef uid="1" />
              <SequencePoints>
                <SequencePoint vc="0" uspid="296" ordinal="0" offset="0" sl="414" sc="0" el="414" ec="0" bec="0" bev="0" fileid="1" />
                <SequencePoint vc="0" uspid="297" ordinal="0" offset="1" sl="415" sc="0" el="415" ec="0" bec="0" bev="0" fileid="1" />
                <SequencePoint vc="0" uspid="298" ordinal="0" offset="14" sl="415" sc="0" el="415" ec="0" bec="0" bev="0" fileid="1" />
                <SequencePoint vc="0" uspid="299" ordinal="0" offset="19" sl="416" sc="0" el="416" ec="0" bec="0" bev="0" fileid="1" />
                <SequencePoint vc="0" uspid="300" ordinal="0" offset="35" sl="417" sc="0" el="417" ec="0" bec="0" bev="0" fileid="1" />
                <SequencePoint vc="0" uspid="301" ordinal="0" offset="36" sl="418" sc="0" el="418" ec="0" bec="0" bev="0" fileid="1" />
                <SequencePoint vc="0" uspid="302" ordinal="0" offset="63" sl="419" sc="0" el="419" ec="0" bec="0" bev="0" fileid="1" />
                <SequencePoint vc="0" uspid="303" ordinal="0" offset="65" sl="422" sc="0" el="422" ec="0" bec="0" bev="0" fileid="1" />
                <SequencePoint vc="0" uspid="304" ordinal="0" offset="89" sl="423" sc="0" el="423" ec="0" bec="0" bev="0" fileid="1" />
                <SequencePoint vc="0" uspid="305" ordinal="0" offset="98" sl="424" sc="0" el="424" ec="0" bec="0" bev="0" fileid="1" />
                <SequencePoint vc="0" uspid="306" ordinal="0" offset="111" sl="425" sc="0" el="425" ec="0" bec="0" bev="0" fileid="1" />
                <SequencePoint vc="0" uspid="307" ordinal="0" offset="124" sl="426" sc="0" el="426" ec="0" bec="0" bev="0" fileid="1" />
                <SequencePoint vc="0" uspid="308" ordinal="0" offset="148" sl="427" sc="0" el="427" ec="0" bec="0" bev="0" fileid="1" />
              </SequencePoints>
              <BranchPoints />
            </Method>
            <Method visited="false" cyclomaticComplexity="0" nPathComplexity="0" sequenceCoverage="0.0" branchCoverage="0" crapScore="0" isConstructor="false" isStatic="false" isGetter="false" isSetter="false">
              <Summary numSequencePoints="3" visitedSequencePoints="0" numBranchPoints="0" visitedBranchPoints="0" sequenceCoverage="0.0" branchCoverage="0" maxCyclomaticComplexity="0" minCyclomaticComplexity="0" maxCrapScore="0" minCrapScore="0" visitedClasses="0" numClasses="0" visitedMethods="0" numMethods="1" />
              <MetadataToken>100663331</MetadataToken>
              <Name>System.Single Networking.Client::EstimateServerTime()</Name>
              <FileRef uid="1" />
              <SequencePoints>
                <SequencePoint vc="0" uspid="309" ordinal="0" offset="0" sl="430" sc="0" el="430" ec="0" bec="0" bev="0" fileid="1" />
                <SequencePoint vc="0" uspid="310" ordinal="0" offset="1" sl="431" sc="0" el="431" ec="0" bec="0" bev="0" fileid="1" />
                <SequencePoint vc="0" uspid="311" ordinal="0" offset="16" sl="432" sc="0" el="432" ec="0" bec="0" bev="0" fileid="1" />
              </SequencePoints>
              <BranchPoints />
            </Method>
            <Method visited="false" cyclomaticComplexity="0" nPathComplexity="0" sequenceCoverage="0.0" branchCoverage="0" crapScore="0" isConstructor="false" isStatic="false" isGetter="false" isSetter="false">
              <Summary numSequencePoints="14" visitedSequencePoints="0" numBranchPoints="0" visitedBranchPoints="0" sequenceCoverage="0.0" branchCoverage="0" maxCyclomaticComplexity="0" minCyclomaticComplexity="0" maxCrapScore="0" minCrapScore="0" visitedClasses="0" numClasses="0" visitedMethods="0" numMethods="1" />
              <MetadataToken>100663332</MetadataToken>
              <Name>System.Void Networking.Client::SendGameAction(Networking.GameAction, Networking.GameAction/IParameters)</Name>
              <FileRef uid="1" />
              <SequencePoints>
                <SequencePoint vc="0" uspid="312" ordinal="0" offset="0" sl="435" sc="0" el="435" ec="0" bec="0" bev="0" fileid="1" />
                <SequencePoint vc="0" uspid="313" ordinal="0" offset="1" sl="436" sc="0" el="436" ec="0" bec="0" bev="0" fileid="1" />
                <SequencePoint vc="0" uspid="314" ordinal="0" offset="14" sl="436" sc="0" el="436" ec="0" bec="0" bev="0" fileid="1" />
                <SequencePoint vc="0" uspid="315" ordinal="0" offset="19" sl="437" sc="0" el="437" ec="0" bec="0" bev="0" fileid="1" />
                <SequencePoint vc="0" uspid="316" ordinal="0" offset="35" sl="438" sc="0" el="438" ec="0" bec="0" bev="0" fileid="1" />
                <SequencePoint vc="0" uspid="317" ordinal="0" offset="52" sl="440" sc="0" el="440" ec="0" bec="0" bev="0" fileid="1" />
                <SequencePoint vc="0" uspid="318" ordinal="0" offset="76" sl="441" sc="0" el="441" ec="0" bec="0" bev="0" fileid="1" />
                <SequencePoint vc="0" uspid="319" ordinal="0" offset="85" sl="442" sc="0" el="442" ec="0" bec="0" bev="0" fileid="1" />
                <SequencePoint vc="0" uspid="320" ordinal="0" offset="105" sl="443" sc="0" el="443" ec="0" bec="0" bev="0" fileid="1" />
                <SequencePoint vc="0" uspid="321" ordinal="0" offset="119" sl="444" sc="0" el="444" ec="0" bec="0" bev="0" fileid="1" />
                <SequencePoint vc="0" uspid="322" ordinal="0" offset="132" sl="445" sc="0" el="445" ec="0" bec="0" bev="0" fileid="1" />
                <SequencePoint vc="0" uspid="323" ordinal="0" offset="142" sl="446" sc="0" el="446" ec="0" bec="0" bev="0" fileid="1" />
                <SequencePoint vc="0" uspid="324" ordinal="0" offset="155" sl="447" sc="0" el="447" ec="0" bec="0" bev="0" fileid="1" />
                <SequencePoint vc="0" uspid="325" ordinal="0" offset="179" sl="448" sc="0" el="448" ec="0" bec="0" bev="0" fileid="1" />
              </SequencePoints>
              <BranchPoints />
            </Method>
            <Method visited="false" cyclomaticComplexity="0" nPathComplexity="0" sequenceCoverage="0.0" branchCoverage="0" crapScore="0" isConstructor="false" isStatic="false" isGetter="false" isSetter="false">
              <Summary numSequencePoints="13" visitedSequencePoints="0" numBranchPoints="0" visitedBranchPoints="0" sequenceCoverage="0.0" branchCoverage="0" maxCyclomaticComplexity="0" minCyclomaticComplexity="0" maxCrapScore="0" minCrapScore="0" visitedClasses="0" numClasses="0" visitedMethods="0" numMethods="1" />
              <MetadataToken>100663333</MetadataToken>
              <Name>System.Void Networking.Client::SendRPC(Networking.NetAsset, System.String, System.Object[])</Name>
              <FileRef uid="1" />
              <SequencePoints>
                <SequencePoint vc="0" uspid="326" ordinal="0" offset="0" sl="451" sc="0" el="451" ec="0" bec="0" bev="0" fileid="1" />
                <SequencePoint vc="0" uspid="327" ordinal="0" offset="1" sl="452" sc="0" el="452" ec="0" bec="0" bev="0" fileid="1" />
                <SequencePoint vc="0" uspid="328" ordinal="0" offset="14" sl="452" sc="0" el="452" ec="0" bec="0" bev="0" fileid="1" />
                <SequencePoint vc="0" uspid="329" ordinal="0" offset="19" sl="453" sc="0" el="453" ec="0" bec="0" bev="0" fileid="1" />
                <SequencePoint vc="0" uspid="330" ordinal="0" offset="35" sl="454" sc="0" el="454" ec="0" bec="0" bev="0" fileid="1" />
                <SequencePoint vc="0" uspid="331" ordinal="0" offset="57" sl="456" sc="0" el="456" ec="0" bec="0" bev="0" fileid="1" />
                <SequencePoint vc="0" uspid="332" ordinal="0" offset="81" sl="457" sc="0" el="457" ec="0" bec="0" bev="0" fileid="1" />
                <SequencePoint vc="0" uspid="333" ordinal="0" offset="90" sl="458" sc="0" el="458" ec="0" bec="0" bev="0" fileid="1" />
                <SequencePoint vc="0" uspid="334" ordinal="0" offset="103" sl="459" sc="0" el="459" ec="0" bec="0" bev="0" fileid="1" />
                <SequencePoint vc="0" uspid="335" ordinal="0" offset="117" sl="460" sc="0" el="460" ec="0" bec="0" bev="0" fileid="1" />
                <SequencePoint vc="0" uspid="336" ordinal="0" offset="128" sl="461" sc="0" el="461" ec="0" bec="0" bev="0" fileid="1" />
                <SequencePoint vc="0" uspid="337" ordinal="0" offset="141" sl="462" sc="0" el="462" ec="0" bec="0" bev="0" fileid="1" />
                <SequencePoint vc="0" uspid="338" ordinal="0" offset="165" sl="463" sc="0" el="463" ec="0" bec="0" bev="0" fileid="1" />
              </SequencePoints>
              <BranchPoints />
            </Method>
            <Method visited="false" cyclomaticComplexity="0" nPathComplexity="0" sequenceCoverage="0.0" branchCoverage="0" crapScore="0" isConstructor="false" isStatic="false" isGetter="false" isSetter="false">
              <Summary numSequencePoints="14" visitedSequencePoints="0" numBranchPoints="0" visitedBranchPoints="0" sequenceCoverage="0.0" branchCoverage="0" maxCyclomaticComplexity="0" minCyclomaticComplexity="0" maxCrapScore="0" minCrapScore="0" visitedClasses="0" numClasses="0" visitedMethods="0" numMethods="1" />
              <MetadataToken>100663334</MetadataToken>
              <Name>System.Void Networking.Client::SendRPC(Networking.NetBehaviour, System.String, System.Object[])</Name>
              <FileRef uid="1" />
              <SequencePoints>
                <SequencePoint vc="0" uspid="339" ordinal="0" offset="0" sl="466" sc="0" el="466" ec="0" bec="0" bev="0" fileid="1" />
                <SequencePoint vc="0" uspid="340" ordinal="0" offset="1" sl="467" sc="0" el="467" ec="0" bec="0" bev="0" fileid="1" />
                <SequencePoint vc="0" uspid="341" ordinal="0" offset="14" sl="467" sc="0" el="467" ec="0" bec="0" bev="0" fileid="1" />
                <SequencePoint vc="0" uspid="342" ordinal="0" offset="19" sl="468" sc="0" el="468" ec="0" bec="0" bev="0" fileid="1" />
                <SequencePoint vc="0" uspid="343" ordinal="0" offset="35" sl="469" sc="0" el="469" ec="0" bec="0" bev="0" fileid="1" />
                <SequencePoint vc="0" uspid="344" ordinal="0" offset="57" sl="471" sc="0" el="471" ec="0" bec="0" bev="0" fileid="1" />
                <SequencePoint vc="0" uspid="345" ordinal="0" offset="81" sl="472" sc="0" el="472" ec="0" bec="0" bev="0" fileid="1" />
                <SequencePoint vc="0" uspid="346" ordinal="0" offset="91" sl="473" sc="0" el="473" ec="0" bec="0" bev="0" fileid="1" />
                <SequencePoint vc="0" uspid="347" ordinal="0" offset="104" sl="474" sc="0" el="474" ec="0" bec="0" bev="0" fileid="1" />
                <SequencePoint vc="0" uspid="348" ordinal="0" offset="123" sl="475" sc="0" el="475" ec="0" bec="0" bev="0" fileid="1" />
                <SequencePoint vc="0" uspid="349" ordinal="0" offset="137" sl="476" sc="0" el="476" ec="0" bec="0" bev="0" fileid="1" />
                <SequencePoint vc="0" uspid="350" ordinal="0" offset="153" sl="477" sc="0" el="477" ec="0" bec="0" bev="0" fileid="1" />
                <SequencePoint vc="0" uspid="351" ordinal="0" offset="166" sl="478" sc="0" el="478" ec="0" bec="0" bev="0" fileid="1" />
                <SequencePoint vc="0" uspid="352" ordinal="0" offset="190" sl="479" sc="0" el="479" ec="0" bec="0" bev="0" fileid="1" />
              </SequencePoints>
              <BranchPoints />
            </Method>
            <Method visited="false" cyclomaticComplexity="0" nPathComplexity="0" sequenceCoverage="0.0" branchCoverage="0" crapScore="0" isConstructor="false" isStatic="false" isGetter="false" isSetter="false">
              <Summary numSequencePoints="14" visitedSequencePoints="0" numBranchPoints="0" visitedBranchPoints="0" sequenceCoverage="0.0" branchCoverage="0" maxCyclomaticComplexity="0" minCyclomaticComplexity="0" maxCrapScore="0" minCrapScore="0" visitedClasses="0" numClasses="0" visitedMethods="0" numMethods="1" />
              <MetadataToken>100663335</MetadataToken>
              <Name>System.Void Networking.Client::Disconnect()</Name>
              <FileRef uid="1" />
              <SequencePoints>
                <SequencePoint vc="0" uspid="353" ordinal="0" offset="0" sl="482" sc="0" el="482" ec="0" bec="0" bev="0" fileid="1" />
                <SequencePoint vc="0" uspid="354" ordinal="0" offset="1" sl="483" sc="0" el="483" ec="0" bec="0" bev="0" fileid="1" />
                <SequencePoint vc="0" uspid="355" ordinal="0" offset="29" sl="484" sc="0" el="484" ec="0" bec="0" bev="0" fileid="1" />
                <SequencePoint vc="0" uspid="356" ordinal="0" offset="30" sl="485" sc="0" el="485" ec="0" bec="0" bev="0" fileid="1" />
                <SequencePoint vc="0" uspid="357" ordinal="0" offset="57" sl="486" sc="0" el="486" ec="0" bec="0" bev="0" fileid="1" />
                <SequencePoint vc="0" uspid="358" ordinal="0" offset="59" sl="489" sc="0" el="489" ec="0" bec="0" bev="0" fileid="1" />
                <SequencePoint vc="0" uspid="359" ordinal="0" offset="74" sl="490" sc="0" el="490" ec="0" bec="0" bev="0" fileid="1" />
                <SequencePoint vc="0" uspid="360" ordinal="0" offset="75" sl="491" sc="0" el="491" ec="0" bec="0" bev="0" fileid="1" />
                <SequencePoint vc="0" uspid="361" ordinal="0" offset="93" sl="492" sc="0" el="492" ec="0" bec="0" bev="0" fileid="1" />
                <SequencePoint vc="0" uspid="362" ordinal="0" offset="111" sl="493" sc="0" el="493" ec="0" bec="0" bev="0" fileid="1" />
                <SequencePoint vc="0" uspid="363" ordinal="0" offset="112" sl="495" sc="0" el="495" ec="0" bec="0" bev="0" fileid="1" />
                <SequencePoint vc="0" uspid="364" ordinal="0" offset="120" sl="496" sc="0" el="496" ec="0" bec="0" bev="0" fileid="1" />
                <SequencePoint vc="0" uspid="365" ordinal="0" offset="132" sl="497" sc="0" el="497" ec="0" bec="0" bev="0" fileid="1" />
                <SequencePoint vc="0" uspid="366" ordinal="0" offset="143" sl="498" sc="0" el="498" ec="0" bec="0" bev="0" fileid="1" />
              </SequencePoints>
              <BranchPoints />
            </Method>
            <Method visited="false" cyclomaticComplexity="0" nPathComplexity="0" sequenceCoverage="0.0" branchCoverage="0" crapScore="0" isConstructor="false" isStatic="false" isGetter="false" isSetter="false">
              <Summary numSequencePoints="4" visitedSequencePoints="0" numBranchPoints="0" visitedBranchPoints="0" sequenceCoverage="0.0" branchCoverage="0" maxCyclomaticComplexity="0" minCyclomaticComplexity="0" maxCrapScore="0" minCrapScore="0" visitedClasses="0" numClasses="0" visitedMethods="0" numMethods="1" />
              <MetadataToken>100663336</MetadataToken>
              <Name>System.Void Networking.Client::StartDebugMode(System.Int32)</Name>
              <FileRef uid="1" />
              <SequencePoints>
                <SequencePoint vc="0" uspid="367" ordinal="0" offset="0" sl="502" sc="0" el="502" ec="0" bec="0" bev="0" fileid="1" />
                <SequencePoint vc="0" uspid="368" ordinal="0" offset="1" sl="503" sc="0" el="503" ec="0" bec="0" bev="0" fileid="1" />
                <SequencePoint vc="0" uspid="369" ordinal="0" offset="9" sl="504" sc="0" el="504" ec="0" bec="0" bev="0" fileid="1" />
                <SequencePoint vc="0" uspid="370" ordinal="0" offset="17" sl="505" sc="0" el="505" ec="0" bec="0" bev="0" fileid="1" />
              </SequencePoints>
              <BranchPoints />
            </Method>
            <Method visited="false" cyclomaticComplexity="0" nPathComplexity="0" sequenceCoverage="0.0" branchCoverage="0" crapScore="0" isConstructor="false" isStatic="false" isGetter="false" isSetter="false">
              <Summary numSequencePoints="5" visitedSequencePoints="0" numBranchPoints="0" visitedBranchPoints="0" sequenceCoverage="0.0" branchCoverage="0" maxCyclomaticComplexity="0" minCyclomaticComplexity="0" maxCrapScore="0" minCrapScore="0" visitedClasses="0" numClasses="0" visitedMethods="0" numMethods="1" />
              <MetadataToken>100663337</MetadataToken>
              <Name>System.Void Networking.Client::Dispose()</Name>
              <FileRef uid="1" />
              <SequencePoints>
                <SequencePoint vc="0" uspid="371" ordinal="0" offset="0" sl="509" sc="0" el="509" ec="0" bec="0" bev="0" fileid="1" />
                <SequencePoint vc="0" uspid="372" ordinal="0" offset="1" sl="510" sc="0" el="510" ec="0" bec="0" bev="0" fileid="1" />
                <SequencePoint vc="0" uspid="373" ordinal="0" offset="16" sl="510" sc="0" el="510" ec="0" bec="0" bev="0" fileid="1" />
                <SequencePoint vc="0" uspid="374" ordinal="0" offset="28" sl="511" sc="0" el="511" ec="0" bec="0" bev="0" fileid="1" />
[...]
                <SequencePoint vc="0" uspid="2327" ordinal="0" offset="1" sl="47" sc="0" el="47" ec="0" bec="0" bev="0" fileid="25" />
                <SequencePoint vc="0" uspid="2328" ordinal="0" offset="16" sl="48" sc="0" el="48" ec="0" bec="0" bev="0" fileid="25" />
              </SequencePoints>
              <BranchPoints />
            </Method>
            <Method visited="false" cyclomaticComplexity="0" nPathComplexity="0" sequenceCoverage="0.0" branchCoverage="0" crapScore="0" isConstructor="false" isStatic="false" isGetter="false" isSetter="false">
              <Summary numSequencePoints="3" visitedSequencePoints="0" numBranchPoints="0" visitedBranchPoints="0" sequenceCoverage="0.0" branchCoverage="0" maxCyclomaticComplexity="0" minCyclomaticComplexity="0" maxCrapScore="0" minCrapScore="0" visitedClasses="0" numClasses="0" visitedMethods="0" numMethods="1" />
              <MetadataToken>100663332</MetadataToken>
              <Name>System.Void Networking.Samples.SampleGameAction::Execute(Networking.Samples.SampleGameAction/Parameters, System.Int32, System.Single)</Name>
              <FileRef uid="25" />
              <SequencePoints>
                <SequencePoint vc="0" uspid="2329" ordinal="0" offset="0" sl="51" sc="0" el="51" ec="0" bec="0" bev="0" fileid="25" />
                <SequencePoint vc="0" uspid="2330" ordinal="0" offset="1" sl="52" sc="0" el="52" ec="0" bec="0" bev="0" fileid="25" />
                <SequencePoint vc="0" uspid="2331" ordinal="0" offset="35" sl="53" sc="0" el="53" ec="0" bec="0" bev="0" fileid="25" />
              </SequencePoints>
              <BranchPoints />
            </Method>
            <Method visited="false" cyclomaticComplexity="0" nPathComplexity="0" sequenceCoverage="0.0" branchCoverage="0" crapScore="0" isConstructor="false" isStatic="false" isGetter="false" isSetter="false">
              <Summary numSequencePoints="3" visitedSequencePoints="0" numBranchPoints="0" visitedBranchPoints="0" sequenceCoverage="0.0" branchCoverage="0" maxCyclomaticComplexity="0" minCyclomaticComplexity="0" maxCrapScore="0" minCrapScore="0" visitedClasses="0" numClasses="0" visitedMethods="0" numMethods="1" />
              <MetadataToken>100663333</MetadataToken>
              <Name>System.Void Networking.Samples.SampleGameAction::Deny(Networking.Samples.SampleGameAction/Parameters, System.Int32, System.Single)</Name>
              <FileRef uid="25" />
              <SequencePoints>
                <SequencePoint vc="0" uspid="2332" ordinal="0" offset="0" sl="56" sc="0" el="56" ec="0" bec="0" bev="0" fileid="25" />
                <SequencePoint vc="0" uspid="2333" ordinal="0" offset="1" sl="57" sc="0" el="57" ec="0" bec="0" bev="0" fileid="25" />
                <SequencePoint vc="0" uspid="2334" ordinal="0" offset="35" sl="58" sc="0" el="58" ec="0" bec="0" bev="0" fileid="25" />
              </SequencePoints>
              <BranchPoints />
            </Method>
            <Method visited="false" cyclomaticComplexity="0" nPathComplexity="0" sequenceCoverage="0.0" branchCoverage="0" crapScore="0" isConstructor="false" isStatic="false" isGetter="false" isSetter="false">
              <Summary numSequencePoints="3" visitedSequencePoints="0" numBranchPoints="0" visitedBranchPoints="0" sequenceCoverage="0.0" branchCoverage="0" maxCyclomaticComplexity="0" minCyclomaticComplexity="0" maxCrapScore="0" minCrapScore="0" visitedClasses="0" numClasses="0" visitedMethods="0" numMethods="1" />
              <MetadataToken>100663334</MetadataToken>
              <Name>System.Void Networking.Samples.SampleGameAction::Rollback(Networking.Samples.SampleGameAction/Parameters, System.Int32, System.Single)</Name>
              <FileRef uid="25" />
              <SequencePoints>
                <SequencePoint vc="0" uspid="2335" ordinal="0" offset="0" sl="61" sc="0" el="61" ec="0" bec="0" bev="0" fileid="25" />
                <SequencePoint vc="0" uspid="2336" ordinal="0" offset="1" sl="62" sc="0" el="62" ec="0" bec="0" bev="0" fileid="25" />
                <SequencePoint vc="0" uspid="2337" ordinal="0" offset="35" sl="63" sc="0" el="63" ec="0" bec="0" bev="0" fileid="25" />
              </SequencePoints>
              <BranchPoints />
            </Method>
            <Method visited="false" cyclomaticComplexity="0" nPathComplexity="0" sequenceCoverage="0.0" branchCoverage="0" crapScore="0" isConstructor="false" isStatic="false" isGetter="false" isSetter="false">
              <Summary numSequencePoints="3" visitedSequencePoints="0" numBranchPoints="0" visitedBranchPoints="0" sequenceCoverage="0.0" branchCoverage="0" maxCyclomaticComplexity="0" minCyclomaticComplexity="0" maxCrapScore="0" minCrapScore="0" visitedClasses="0" numClasses="0" visitedMethods="0" numMethods="1" />
              <MetadataToken>100663335</MetadataToken>
              <Name>System.Void Networking.Samples.SampleGameAction::TestRPC(System.Int32, System.String)</Name>
              <FileRef uid="25" />
              <SequencePoints>
                <SequencePoint vc="0" uspid="2338" ordinal="0" offset="0" sl="67" sc="0" el="67" ec="0" bec="0" bev="0" fileid="25" />
                <SequencePoint vc="0" uspid="2339" ordinal="0" offset="1" sl="68" sc="0" el="68" ec="0" bec="0" bev="0" fileid="25" />
                <SequencePoint vc="0" uspid="2340" ordinal="0" offset="34" sl="69" sc="0" el="69" ec="0" bec="0" bev="0" fileid="25" />
              </SequencePoints>
              <BranchPoints />
            </Method>
            <Method visited="false" cyclomaticComplexity="0" nPathComplexity="0" sequenceCoverage="0.0" branchCoverage="0" crapScore="0" isConstructor="false" isStatic="false" isGetter="false" isSetter="false">
              <Summary numSequencePoints="11" visitedSequencePoints="0" numBranchPoints="0" visitedBranchPoints="0" sequenceCoverage="0.0" branchCoverage="0" maxCyclomaticComplexity="0" minCyclomaticComplexity="0" maxCrapScore="0" minCrapScore="0" visitedClasses="0" numClasses="0" visitedMethods="0" numMethods="1" />
              <MetadataToken>100663336</MetadataToken>
              <Name>System.Void Networking.Samples.SampleGameAction::TestRPCSerialization()</Name>
              <FileRef uid="25" />
              <SequencePoints>
                <SequencePoint vc="0" uspid="2341" ordinal="0" offset="0" sl="73" sc="0" el="73" ec="0" bec="0" bev="0" fileid="25" />
                <SequencePoint vc="0" uspid="2342" ordinal="0" offset="1" sl="74" sc="0" el="74" ec="0" bec="0" bev="0" fileid="25" />
                <SequencePoint vc="0" uspid="2343" ordinal="0" offset="7" sl="75" sc="0" el="75" ec="0" bec="0" bev="0" fileid="25" />
                <SequencePoint vc="0" uspid="2344" ordinal="0" offset="14" sl="76" sc="0" el="76" ec="0" bec="0" bev="0" fileid="25" />
                <SequencePoint vc="0" uspid="2345" ordinal="0" offset="27" sl="77" sc="0" el="77" ec="0" bec="0" bev="0" fileid="25" />
                <SequencePoint vc="0" uspid="2346" ordinal="0" offset="64" sl="78" sc="0" el="78" ec="0" bec="0" bev="0" fileid="25" />
                <SequencePoint vc="0" uspid="2347" ordinal="0" offset="78" sl="79" sc="0" el="79" ec="0" bec="0" bev="0" fileid="25" />
                <SequencePoint vc="0" uspid="2348" ordinal="0" offset="87" sl="80" sc="0" el="80" ec="0" bec="0" bev="0" fileid="25" />
                <SequencePoint vc="0" uspid="2349" ordinal="0" offset="94" sl="81" sc="0" el="81" ec="0" bec="0" bev="0" fileid="25" />
                <SequencePoint vc="0" uspid="2350" ordinal="0" offset="121" sl="82" sc="0" el="82" ec="0" bec="0" bev="0" fileid="25" />
                <SequencePoint vc="0" uspid="2351" ordinal="0" offset="133" sl="83" sc="0" el="83" ec="0" bec="0" bev="0" fileid="25" />
              </SequencePoints>
              <BranchPoints />
            </Method>
            <Method visited="false" cyclomaticComplexity="0" nPathComplexity="0" sequenceCoverage="0.0" branchCoverage="0" crapScore="0" isConstructor="false" isStatic="false" isGetter="false" isSetter="false">
              <Summary numSequencePoints="3" visitedSequencePoints="0" numBranchPoints="0" visitedBranchPoints="0" sequenceCoverage="0.0" branchCoverage="0" maxCyclomaticComplexity="0" minCyclomaticComplexity="0" maxCrapScore="0" minCrapScore="0" visitedClasses="0" numClasses="0" visitedMethods="0" numMethods="1" />
              <MetadataToken>100663337</MetadataToken>
              <Name>System.Void Networking.Samples.SampleGameAction::SendRPC()</Name>
              <FileRef uid="25" />
              <SequencePoints>
                <SequencePoint vc="0" uspid="2352" ordinal="0" offset="0" sl="87" sc="0" el="87" ec="0" bec="0" bev="0" fileid="25" />
                <SequencePoint vc="0" uspid="2353" ordinal="0" offset="1" sl="88" sc="0" el="88" ec="0" bec="0" bev="0" fileid="25" />
                <SequencePoint vc="0" uspid="2354" ordinal="0" offset="36" sl="89" sc="0" el="89" ec="0" bec="0" bev="0" fileid="25" />
              </SequencePoints>
              <BranchPoints />
            </Method>
          </Methods>
        </Class>
        <Class>
          <Summary numSequencePoints="10" visitedSequencePoints="1" numBranchPoints="0" visitedBranchPoints="0" sequenceCoverage="10.0" branchCoverage="0.0" maxCyclomaticComplexity="0" minCyclomaticComplexity="0" maxCrapScore="0" minCrapScore="0" visitedClasses="1" numClasses="1" visitedMethods="1" numMethods="2" />
          <FullName>Networking.Samples.SampleRunner</FullName>
          <Methods>
            <Method visited="false" cyclomaticComplexity="0" nPathComplexity="0" sequenceCoverage="0.0" branchCoverage="0" crapScore="0" isConstructor="false" isStatic="false" isGetter="false" isSetter="false">
              <Summary numSequencePoints="9" visitedSequencePoints="0" numBranchPoints="0" visitedBranchPoints="0" sequenceCoverage="0.0" branchCoverage="0" maxCyclomaticComplexity="0" minCyclomaticComplexity="0" maxCrapScore="0" minCrapScore="0" visitedClasses="0" numClasses="0" visitedMethods="0" numMethods="1" />
              <MetadataToken>100663339</MetadataToken>
              <Name>System.Void Networking.Samples.SampleRunner::Start()</Name>
              <FileRef uid="26" />
              <SequencePoints>
                <SequencePoint vc="0" uspid="2355" ordinal="0" offset="0" sl="11" sc="0" el="11" ec="0" bec="0" bev="0" fileid="26" />
                <SequencePoint vc="0" uspid="2356" ordinal="0" offset="1" sl="12" sc="0" el="12" ec="0" bec="0" bev="0" fileid="26" />
                <SequencePoint vc="0" uspid="2357" ordinal="0" offset="13" sl="13" sc="0" el="13" ec="0" bec="0" bev="0" fileid="26" />
                <SequencePoint vc="0" uspid="2358" ordinal="0" offset="29" sl="14" sc="0" el="14" ec="0" bec="0" bev="0" fileid="26" />
                <SequencePoint vc="0" uspid="2359" ordinal="0" offset="30" sl="15" sc="0" el="15" ec="0" bec="0" bev="0" fileid="26" />
                <SequencePoint vc="0" uspid="2360" ordinal="0" offset="41" sl="16" sc="0" el="16" ec="0" bec="0" bev="0" fileid="26" />
                <SequencePoint vc="0" uspid="2361" ordinal="0" offset="48" sl="17" sc="0" el="17" ec="0" bec="0" bev="0" fileid="26" />
                <SequencePoint vc="0" uspid="2362" ordinal="0" offset="49" sl="19" sc="0" el="19" ec="0" bec="0" bev="0" fileid="26" />
                <SequencePoint vc="0" uspid="2363" ordinal="0" offset="66" sl="20" sc="0" el="20" ec="0" bec="0" bev="0" fileid="26" />
              </SequencePoints>
              <BranchPoints />
            </Method>
            <Method visited="true" cyclomaticComplexity="0" nPathComplexity="0" sequenceCoverage="100.0" branchCoverage="0" crapScore="0" isConstructor="true" isStatic="false" isGetter="false" isSetter="false">
              <Summary numSequencePoints="1" visitedSequencePoints="1" numBranchPoints="0" visitedBranchPoints="0" sequenceCoverage="100.0" branchCoverage="0" maxCyclomaticComplexity="0" minCyclomaticComplexity="0" maxCrapScore="0" minCrapScore="0" visitedClasses="0" numClasses="0" visitedMethods="1" numMethods="1" />
              <MetadataToken>100663340</MetadataToken>
              <Name>Networking.Samples.SampleRunner::SampleRunner()</Name>
              <FileRef uid="26" />
              <SequencePoints>
                <SequencePoint vc="1" uspid="2364" ordinal="0" offset="0" sl="8" sc="26" el="8" ec="26" bec="0" bev="0" fileid="26" />
              </SequencePoints>
              <BranchPoints />
            </Method>
          </Methods>
        </Class>
        <Class>
          <Summary numSequencePoints="7" visitedSequencePoints="0" numBranchPoints="0" visitedBranchPoints="0" sequenceCoverage="0.0" branchCoverage="0.0" maxCyclomaticComplexity="0" minCyclomaticComplexity="0" maxCrapScore="0" minCrapScore="0" visitedClasses="0" numClasses="1" visitedMethods="0" numMethods="1" />
          <FullName>Networking.Samples.ClientIMGUI/&lt;OnSentDataCoroutine&gt;d__9</FullName>
          <Methods>
            <Method visited="false" cyclomaticComplexity="0" nPathComplexity="0" sequenceCoverage="0.0" branchCoverage="0" crapScore="0" isConstructor="false" isStatic="false" isGetter="false" isSetter="false">
              <Summary numSequencePoints="7" visitedSequencePoints="0" numBranchPoints="0" visitedBranchPoints="0" sequenceCoverage="0.0" branchCoverage="0" maxCyclomaticComplexity="0" minCyclomaticComplexity="0" maxCrapScore="0" minCrapScore="0" visitedClasses="0" numClasses="0" visitedMethods="0" numMethods="1" />
              <MetadataToken>100663343</MetadataToken>
              <Name>System.Boolean Networking.Samples.ClientIMGUI/&lt;OnSentDataCoroutine&gt;d__9::MoveNext()</Name>
              <FileRef uid="20" />
              <SequencePoints>
                <SequencePoint vc="0" uspid="2365" ordinal="0" offset="31" sl="28" sc="0" el="28" ec="0" bec="0" bev="0" fileid="20" />
                <SequencePoint vc="0" uspid="2366" ordinal="0" offset="32" sl="29" sc="0" el="29" ec="0" bec="0" bev="0" fileid="20" />
                <SequencePoint vc="0" uspid="2367" ordinal="0" offset="61" sl="30" sc="0" el="30" ec="0" bec="0" bev="0" fileid="20" />
                <SequencePoint vc="0" uspid="2368" ordinal="0" offset="85" sl="31" sc="0" el="31" ec="0" bec="0" bev="0" fileid="20" />
                <SequencePoint vc="0" uspid="2369" ordinal="0" offset="123" sl="32" sc="0" el="32" ec="0" bec="0" bev="0" fileid="20" />
                <SequencePoint vc="0" uspid="2370" ordinal="0" offset="152" sl="33" sc="0" el="33" ec="0" bec="0" bev="0" fileid="20" />
                <SequencePoint vc="0" uspid="2371" ordinal="0" offset="176" sl="34" sc="0" el="34" ec="0" bec="0" bev="0" fileid="20" />
              </SequencePoints>
              <BranchPoints />
            </Method>
          </Methods>
        </Class>
        <Class>
          <Summary numSequencePoints="7" visitedSequencePoints="0" numBranchPoints="0" visitedBranchPoints="0" sequenceCoverage="0.0" branchCoverage="0.0" maxCyclomaticComplexity="0" minCyclomaticComplexity="0" maxCrapScore="0" minCrapScore="0" visitedClasses="0" numClasses="1" visitedMethods="0" numMethods="1" />
          <FullName>Networking.Samples.ClientIMGUI/&lt;OnReceivedDataCoroutine&gt;d__11</FullName>
          <Methods>
            <Method visited="false" cyclomaticComplexity="0" nPathComplexity="0" sequenceCoverage="0.0" branchCoverage="0" crapScore="0" isConstructor="false" isStatic="false" isGetter="false" isSetter="false">
              <Summary numSequencePoints="7" visitedSequencePoints="0" numBranchPoints="0" visitedBranchPoints="0" sequenceCoverage="0.0" branchCoverage="0" maxCyclomaticComplexity="0" minCyclomaticComplexity="0" maxCrapScore="0" minCrapScore="0" visitedClasses="0" numClasses="0" visitedMethods="0" numMethods="1" />
              <MetadataToken>100663349</MetadataToken>
              <Name>System.Boolean Networking.Samples.ClientIMGUI/&lt;OnReceivedDataCoroutine&gt;d__11::MoveNext()</Name>
              <FileRef uid="20" />
              <SequencePoints>
                <SequencePoint vc="0" uspid="2372" ordinal="0" offset="31" sl="42" sc="0" el="42" ec="0" bec="0" bev="0" fileid="20" />
                <SequencePoint vc="0" uspid="2373" ordinal="0" offset="32" sl="43" sc="0" el="43" ec="0" bec="0" bev="0" fileid="20" />
                <SequencePoint vc="0" uspid="2374" ordinal="0" offset="61" sl="44" sc="0" el="44" ec="0" bec="0" bev="0" fileid="20" />
                <SequencePoint vc="0" uspid="2375" ordinal="0" offset="85" sl="45" sc="0" el="45" ec="0" bec="0" bev="0" fileid="20" />
                <SequencePoint vc="0" uspid="2376" ordinal="0" offset="123" sl="46" sc="0" el="46" ec="0" bec="0" bev="0" fileid="20" />
                <SequencePoint vc="0" uspid="2377" ordinal="0" offset="152" sl="47" sc="0" el="47" ec="0" bec="0" bev="0" fileid="20" />
                <SequencePoint vc="0" uspid="2378" ordinal="0" offset="176" sl="48" sc="0" el="48" ec="0" bec="0" bev="0" fileid="20" />
              </SequencePoints>
              <BranchPoints />
            </Method>
          </Methods>
        </Class>
        <Class>
          <Summary numSequencePoints="4" visitedSequencePoints="0" numBranchPoints="0" visitedBranchPoints="0" sequenceCoverage="0.0" branchCoverage="0.0" maxCyclomaticComplexity="0" minCyclomaticComplexity="0" maxCrapScore="0" minCrapScore="0" visitedClasses="0" numClasses="1" visitedMethods="0" numMethods="2" />
          <FullName>Networking.Samples.SampleGameAction/Parameters</FullName>
          <Methods>
            <Method visited="false" cyclomaticComplexity="0" nPathComplexity="0" sequenceCoverage="0.0" branchCoverage="0" crapScore="0" isConstructor="false" isStatic="false" isGetter="true" isSetter="false">
              <Summary numSequencePoints="1" visitedSequencePoints="0" numBranchPoints="0" visitedBranchPoints="0" sequenceCoverage="0.0" branchCoverage="0" maxCyclomaticComplexity="0" minCyclomaticComplexity="0" maxCrapScore="0" minCrapScore="0" visitedClasses="0" numClasses="0" visitedMethods="0" numMethods="1" />
              <MetadataToken>100663353</MetadataToken>
              <Name>System.Int32 Networking.Samples.SampleGameAction/Parameters::get_Number()</Name>
              <FileRef uid="25" />
              <SequencePoints>
                <SequencePoint vc="0" uspid="2379" ordinal="0" offset="0" sl="17" sc="0" el="17" ec="0" bec="0" bev="0" fileid="25" />
              </SequencePoints>
              <BranchPoints />
            </Method>
            <Method visited="false" cyclomaticComplexity="0" nPathComplexity="0" sequenceCoverage="0.0" branchCoverage="0" crapScore="0" isConstructor="true" isStatic="false" isGetter="false" isSetter="false">
              <Summary numSequencePoints="3" visitedSequencePoints="0" numBranchPoints="0" visitedBranchPoints="0" sequenceCoverage="0.0" branchCoverage="0" maxCyclomaticComplexity="0" minCyclomaticComplexity="0" maxCrapScore="0" minCrapScore="0" visitedClasses="0" numClasses="0" visitedMethods="0" numMethods="1" />
              <MetadataToken>100663354</MetadataToken>
              <Name>Networking.Samples.SampleGameAction/Parameters::Parameters(System.Int32)</Name>
              <FileRef uid="25" />
              <SequencePoints>
                <SequencePoint vc="0" uspid="2380" ordinal="0" offset="0" sl="20" sc="0" el="20" ec="0" bec="0" bev="0" fileid="25" />
                <SequencePoint vc="0" uspid="2381" ordinal="0" offset="1" sl="21" sc="0" el="21" ec="0" bec="0" bev="0" fileid="25" />
                <SequencePoint vc="0" uspid="2382" ordinal="0" offset="8" sl="22" sc="0" el="22" ec="0" bec="0" bev="0" fileid="25" />
              </SequencePoints>
              <BranchPoints />
            </Method>
          </Methods>
        </Class>
      </Classes>
    </Module>
  </Modules>
</CoverageSession>