<?xml version="1.0" encoding="utf-8"?>
<CoverageSession xmlns:xsd="http://www.w3.org/2001/XMLSchema" xmlns:xsi="http://www.w3.org/2001/XMLSchema-instance" Version="0.0.0.0">
  <Summary numSequencePoints="2342" visitedSequencePoints="168" numBranchPoints="0" visitedBranchPoints="0" sequenceCoverage="7.2" branchCoverage="0.0" maxCyclomaticComplexity="0" minCyclomaticComplexity="0" maxCrapScore="0" minCrapScore="0" visitedClasses="14" numClasses="47" visitedMethods="37" numMethods="310" />
  <Modules>
    <Module>
      <Summary numSequencePoints="2111" visitedSequencePoints="138" numBranchPoints="0" visitedBranchPoints="0" sequenceCoverage="6.5" branchCoverage="0.0" maxCyclomaticComplexity="0" minCyclomaticComplexity="0" maxCrapScore="0" minCrapScore="0" visitedClasses="9" numClasses="34" visitedMethods="29" numMethods="264" />
      <ModuleTime>0001-01-01T00:00:00</ModuleTime>
      <ModuleName>Networking</ModuleName>
      <Files>
        <File uid="1" fullPath="C:\Users\oleju\Projects\Netling\Assets\Networking\Scripts\Runtime\Client.cs" />
        <File uid="2" fullPath="C:\Users\oleju\Projects\Netling\Assets\Networking\Scripts\Runtime\ClientRunner.cs" />
        <File uid="3" fullPath="C:\Users\oleju\Projects\Netling\Assets\Networking\Scripts\Runtime\GameAction.cs" />
        <File uid="4" fullPath="C:\Users\oleju\Projects\Netling\Assets\Networking\Scripts\Runtime\GameActionManager.cs" />
        <File uid="5" fullPath="C:\Users\oleju\Projects\Netling\Assets\Networking\Scripts\Runtime\MessageInfo.cs" />
        <File uid="6" fullPath="C:\Users\oleju\Projects\Netling\Assets\Networking\Scripts\Runtime\NetAsset.cs" />
        <File uid="7" fullPath="C:\Users\oleju\Projects\Netling\Assets\Networking\Scripts\Runtime\NetAssetManager.cs" />
        <File uid="8" fullPath="C:\Users\oleju\Projects\Netling\Assets\Networking\Scripts\Runtime\NetBehaviour.cs" />
        <File uid="9" fullPath="C:\Users\oleju\Projects\Netling\Assets\Networking\Scripts\Runtime\NetException.cs" />
        <File uid="10" fullPath="C:\Users\oleju\Projects\Netling\Assets\Networking\Scripts\Runtime\NetObject.cs" />
        <File uid="11" fullPath="C:\Users\oleju\Projects\Netling\Assets\Networking\Scripts\Runtime\NetObjectManager.cs" />
        <File uid="12" fullPath="C:\Users\oleju\Projects\Netling\Assets\Networking\Scripts\Runtime\PredictedValue.cs" />
        <File uid="13" fullPath="C:\Users\oleju\Projects\Netling\Assets\Networking\Scripts\Runtime\Server.cs" />
        <File uid="14" fullPath="C:\Users\oleju\Projects\Netling\Assets\Networking\Scripts\Runtime\ServerRunner.cs" />
        <File uid="15" fullPath="C:\Users\oleju\Projects\Netling\Assets\Networking\Scripts\Runtime\StreamExtension.cs" />
        <File uid="16" fullPath="C:\Users\oleju\Projects\Netling\Assets\Networking\Scripts\Runtime\SyncAnimator.cs" />
        <File uid="17" fullPath="C:\Users\oleju\Projects\Netling\Assets\Networking\Scripts\Runtime\SyncTransform.cs" />
      </Files>
      <Classes>
        <Class>
          <Summary numSequencePoints="377" visitedSequencePoints="0" numBranchPoints="0" visitedBranchPoints="0" sequenceCoverage="0.0" branchCoverage="0.0" maxCyclomaticComplexity="0" minCyclomaticComplexity="0" maxCrapScore="0" minCrapScore="0" visitedClasses="0" numClasses="1" visitedMethods="0" numMethods="32" />
          <FullName>Networking.Client</FullName>
          <Methods>
            <Method visited="false" cyclomaticComplexity="0" nPathComplexity="0" sequenceCoverage="0.0" branchCoverage="0" crapScore="0" isConstructor="false" isStatic="true" isGetter="true" isSetter="false">
              <Summary numSequencePoints="1" visitedSequencePoints="0" numBranchPoints="0" visitedBranchPoints="0" sequenceCoverage="0.0" branchCoverage="0" maxCyclomaticComplexity="0" minCyclomaticComplexity="0" maxCrapScore="0" minCrapScore="0" visitedClasses="0" numClasses="0" visitedMethods="0" numMethods="1" />
              <MetadataToken>100663297</MetadataToken>
              <Name>static Networking.Client Networking.Client::get_Instance()</Name>
              <FileRef uid="1" />
              <SequencePoints>
                <SequencePoint vc="0" uspid="2343" ordinal="0" offset="0" sl="23" sc="42" el="23" ec="42" bec="0" bev="0" fileid="1" />
              </SequencePoints>
              <BranchPoints />
            </Method>
            <Method visited="false" cyclomaticComplexity="0" nPathComplexity="0" sequenceCoverage="0.0" branchCoverage="0" crapScore="0" isConstructor="false" isStatic="true" isGetter="true" isSetter="false">
              <Summary numSequencePoints="1" visitedSequencePoints="0" numBranchPoints="0" visitedBranchPoints="0" sequenceCoverage="0.0" branchCoverage="0" maxCyclomaticComplexity="0" minCyclomaticComplexity="0" maxCrapScore="0" minCrapScore="0" visitedClasses="0" numClasses="0" visitedMethods="0" numMethods="1" />
              <MetadataToken>100663298</MetadataToken>
              <Name>static System.Boolean Networking.Client::get_IsConnected()</Name>
              <FileRef uid="1" />
              <SequencePoints>
                <SequencePoint vc="0" uspid="2344" ordinal="0" offset="0" sl="24" sc="43" el="24" ec="43" bec="0" bev="0" fileid="1" />
              </SequencePoints>
              <BranchPoints />
            </Method>
            <Method visited="false" cyclomaticComplexity="0" nPathComplexity="0" sequenceCoverage="0.0" branchCoverage="0" crapScore="0" isConstructor="false" isStatic="true" isGetter="true" isSetter="false">
              <Summary numSequencePoints="1" visitedSequencePoints="0" numBranchPoints="0" visitedBranchPoints="0" sequenceCoverage="0.0" branchCoverage="0" maxCyclomaticComplexity="0" minCyclomaticComplexity="0" maxCrapScore="0" minCrapScore="0" visitedClasses="0" numClasses="0" visitedMethods="0" numMethods="1" />
              <MetadataToken>100663299</MetadataToken>
              <Name>static System.Boolean Networking.Client::get_IsConnecting()</Name>
              <FileRef uid="1" />
              <SequencePoints>
                <SequencePoint vc="0" uspid="2345" ordinal="0" offset="0" sl="25" sc="0" el="25" ec="0" bec="0" bev="0" fileid="1" />
              </SequencePoints>
              <BranchPoints />
            </Method>
            <Method visited="false" cyclomaticComplexity="0" nPathComplexity="0" sequenceCoverage="0.0" branchCoverage="0" crapScore="0" isConstructor="false" isStatic="false" isGetter="true" isSetter="false">
              <Summary numSequencePoints="1" visitedSequencePoints="0" numBranchPoints="0" visitedBranchPoints="0" sequenceCoverage="0.0" branchCoverage="0" maxCyclomaticComplexity="0" minCyclomaticComplexity="0" maxCrapScore="0" minCrapScore="0" visitedClasses="0" numClasses="0" visitedMethods="0" numMethods="1" />
              <MetadataToken>100663300</MetadataToken>
              <Name>Networking.Client/ClientState Networking.Client::get_State()</Name>
              <FileRef uid="1" />
              <SequencePoints>
                <SequencePoint vc="0" uspid="2346" ordinal="0" offset="0" sl="26" sc="36" el="26" ec="36" bec="0" bev="0" fileid="1" />
              </SequencePoints>
              <BranchPoints />
            </Method>
            <Method visited="false" cyclomaticComplexity="0" nPathComplexity="0" sequenceCoverage="0.0" branchCoverage="0" crapScore="0" isConstructor="false" isStatic="false" isGetter="false" isSetter="true">
              <Summary numSequencePoints="1" visitedSequencePoints="0" numBranchPoints="0" visitedBranchPoints="0" sequenceCoverage="0.0" branchCoverage="0" maxCyclomaticComplexity="0" minCyclomaticComplexity="0" maxCrapScore="0" minCrapScore="0" visitedClasses="0" numClasses="0" visitedMethods="0" numMethods="1" />
              <MetadataToken>100663301</MetadataToken>
              <Name>System.Void Networking.Client::set_State(Networking.Client/ClientState)</Name>
              <FileRef uid="1" />
              <SequencePoints>
                <SequencePoint vc="0" uspid="2347" ordinal="0" offset="0" sl="26" sc="41" el="26" ec="41" bec="0" bev="0" fileid="1" />
              </SequencePoints>
              <BranchPoints />
            </Method>
            <Method visited="false" cyclomaticComplexity="0" nPathComplexity="0" sequenceCoverage="0.0" branchCoverage="0" crapScore="0" isConstructor="false" isStatic="true" isGetter="true" isSetter="false">
              <Summary numSequencePoints="1" visitedSequencePoints="0" numBranchPoints="0" visitedBranchPoints="0" sequenceCoverage="0.0" branchCoverage="0" maxCyclomaticComplexity="0" minCyclomaticComplexity="0" maxCrapScore="0" minCrapScore="0" visitedClasses="0" numClasses="0" visitedMethods="0" numMethods="1" />
              <MetadataToken>100663302</MetadataToken>
              <Name>static System.Boolean Networking.Client::get_IsHost()</Name>
              <FileRef uid="1" />
              <SequencePoints>
                <SequencePoint vc="0" uspid="2348" ordinal="0" offset="0" sl="27" sc="38" el="27" ec="38" bec="0" bev="0" fileid="1" />
              </SequencePoints>
              <BranchPoints />
            </Method>
            <Method visited="false" cyclomaticComplexity="0" nPathComplexity="0" sequenceCoverage="0.0" branchCoverage="0" crapScore="0" isConstructor="false" isStatic="false" isGetter="true" isSetter="false">
              <Summary numSequencePoints="1" visitedSequencePoints="0" numBranchPoints="0" visitedBranchPoints="0" sequenceCoverage="0.0" branchCoverage="0" maxCyclomaticComplexity="0" minCyclomaticComplexity="0" maxCrapScore="0" minCrapScore="0" visitedClasses="0" numClasses="0" visitedMethods="0" numMethods="1" />
              <MetadataToken>100663303</MetadataToken>
              <Name>System.Boolean Networking.Client::get_UseLocalhost()</Name>
              <FileRef uid="1" />
              <SequencePoints>
                <SequencePoint vc="0" uspid="2349" ordinal="0" offset="0" sl="28" sc="0" el="28" ec="0" bec="0" bev="0" fileid="1" />
              </SequencePoints>
              <BranchPoints />
            </Method>
            <Method visited="false" cyclomaticComplexity="0" nPathComplexity="0" sequenceCoverage="0.0" branchCoverage="0" crapScore="0" isConstructor="false" isStatic="false" isGetter="false" isSetter="true">
              <Summary numSequencePoints="1" visitedSequencePoints="0" numBranchPoints="0" visitedBranchPoints="0" sequenceCoverage="0.0" branchCoverage="0" maxCyclomaticComplexity="0" minCyclomaticComplexity="0" maxCrapScore="0" minCrapScore="0" visitedClasses="0" numClasses="0" visitedMethods="0" numMethods="1" />
              <MetadataToken>100663304</MetadataToken>
              <Name>System.Void Networking.Client::set_UseLocalhost(System.Boolean)</Name>
              <FileRef uid="1" />
              <SequencePoints>
                <SequencePoint vc="0" uspid="2350" ordinal="0" offset="0" sl="28" sc="41" el="28" ec="41" bec="0" bev="0" fileid="1" />
              </SequencePoints>
              <BranchPoints />
            </Method>
            <Method visited="false" cyclomaticComplexity="0" nPathComplexity="0" sequenceCoverage="0.0" branchCoverage="0" crapScore="0" isConstructor="false" isStatic="false" isGetter="true" isSetter="false">
              <Summary numSequencePoints="1" visitedSequencePoints="0" numBranchPoints="0" visitedBranchPoints="0" sequenceCoverage="0.0" branchCoverage="0" maxCyclomaticComplexity="0" minCyclomaticComplexity="0" maxCrapScore="0" minCrapScore="0" visitedClasses="0" numClasses="0" visitedMethods="0" numMethods="1" />
              <MetadataToken>100663305</MetadataToken>
              <Name>System.Int32 Networking.Client::get_ActorNumber()</Name>
              <FileRef uid="1" />
              <SequencePoints>
                <SequencePoint vc="0" uspid="2351" ordinal="0" offset="0" sl="30" sc="34" el="30" ec="34" bec="0" bev="0" fileid="1" />
              </SequencePoints>
              <BranchPoints />
            </Method>
            <Method visited="false" cyclomaticComplexity="0" nPathComplexity="0" sequenceCoverage="0.0" branchCoverage="0" crapScore="0" isConstructor="false" isStatic="false" isGetter="false" isSetter="true">
              <Summary numSequencePoints="1" visitedSequencePoints="0" numBranchPoints="0" visitedBranchPoints="0" sequenceCoverage="0.0" branchCoverage="0" maxCyclomaticComplexity="0" minCyclomaticComplexity="0" maxCrapScore="0" minCrapScore="0" visitedClasses="0" numClasses="0" visitedMethods="0" numMethods="1" />
              <MetadataToken>100663306</MetadataToken>
              <Name>System.Void Networking.Client::set_ActorNumber(System.Int32)</Name>
              <FileRef uid="1" />
              <SequencePoints>
                <SequencePoint vc="0" uspid="2352" ordinal="0" offset="0" sl="30" sc="39" el="30" ec="39" bec="0" bev="0" fileid="1" />
              </SequencePoints>
              <BranchPoints />
            </Method>
            <Method visited="false" cyclomaticComplexity="0" nPathComplexity="0" sequenceCoverage="0.0" branchCoverage="0" crapScore="0" isConstructor="false" isStatic="false" isGetter="true" isSetter="false">
              <Summary numSequencePoints="1" visitedSequencePoints="0" numBranchPoints="0" visitedBranchPoints="0" sequenceCoverage="0.0" branchCoverage="0" maxCyclomaticComplexity="0" minCyclomaticComplexity="0" maxCrapScore="0" minCrapScore="0" visitedClasses="0" numClasses="0" visitedMethods="0" numMethods="1" />
              <MetadataToken>100663311</MetadataToken>
              <Name>System.Single Networking.Client::get_LastPongTime()</Name>
              <FileRef uid="1" />
              <SequencePoints>
                <SequencePoint vc="0" uspid="2353" ordinal="0" offset="0" sl="43" sc="37" el="43" ec="37" bec="0" bev="0" fileid="1" />
              </SequencePoints>
              <BranchPoints />
            </Method>
            <Method visited="false" cyclomaticComplexity="0" nPathComplexity="0" sequenceCoverage="0.0" branchCoverage="0" crapScore="0" isConstructor="false" isStatic="false" isGetter="false" isSetter="true">
              <Summary numSequencePoints="1" visitedSequencePoints="0" numBranchPoints="0" visitedBranchPoints="0" sequenceCoverage="0.0" branchCoverage="0" maxCyclomaticComplexity="0" minCyclomaticComplexity="0" maxCrapScore="0" minCrapScore="0" visitedClasses="0" numClasses="0" visitedMethods="0" numMethods="1" />
              <MetadataToken>100663312</MetadataToken>
              <Name>System.Void Networking.Client::set_LastPongTime(System.Single)</Name>
              <FileRef uid="1" />
              <SequencePoints>
                <SequencePoint vc="0" uspid="2354" ordinal="0" offset="0" sl="43" sc="42" el="43" ec="42" bec="0" bev="0" fileid="1" />
              </SequencePoints>
              <BranchPoints />
            </Method>
            <Method visited="false" cyclomaticComplexity="0" nPathComplexity="0" sequenceCoverage="0.0" branchCoverage="0" crapScore="0" isConstructor="false" isStatic="false" isGetter="true" isSetter="false">
              <Summary numSequencePoints="1" visitedSequencePoints="0" numBranchPoints="0" visitedBranchPoints="0" sequenceCoverage="0.0" branchCoverage="0" maxCyclomaticComplexity="0" minCyclomaticComplexity="0" maxCrapScore="0" minCrapScore="0" visitedClasses="0" numClasses="0" visitedMethods="0" numMethods="1" />
              <MetadataToken>100663313</MetadataToken>
              <Name>System.Single Networking.Client::get_RoundTripTime()</Name>
              <FileRef uid="1" />
              <SequencePoints>
                <SequencePoint vc="0" uspid="2355" ordinal="0" offset="0" sl="46" sc="38" el="46" ec="38" bec="0" bev="0" fileid="1" />
              </SequencePoints>
              <BranchPoints />
            </Method>
            <Method visited="false" cyclomaticComplexity="0" nPathComplexity="0" sequenceCoverage="0.0" branchCoverage="0" crapScore="0" isConstructor="false" isStatic="false" isGetter="false" isSetter="true">
              <Summary numSequencePoints="1" visitedSequencePoints="0" numBranchPoints="0" visitedBranchPoints="0" sequenceCoverage="0.0" branchCoverage="0" maxCyclomaticComplexity="0" minCyclomaticComplexity="0" maxCrapScore="0" minCrapScore="0" visitedClasses="0" numClasses="0" visitedMethods="0" numMethods="1" />
              <MetadataToken>100663314</MetadataToken>
              <Name>System.Void Networking.Client::set_RoundTripTime(System.Single)</Name>
              <FileRef uid="1" />
              <SequencePoints>
                <SequencePoint vc="0" uspid="2356" ordinal="0" offset="0" sl="46" sc="43" el="46" ec="43" bec="0" bev="0" fileid="1" />
              </SequencePoints>
              <BranchPoints />
            </Method>
            <Method visited="false" cyclomaticComplexity="0" nPathComplexity="0" sequenceCoverage="0.0" branchCoverage="0" crapScore="0" isConstructor="false" isStatic="false" isGetter="true" isSetter="false">
              <Summary numSequencePoints="1" visitedSequencePoints="0" numBranchPoints="0" visitedBranchPoints="0" sequenceCoverage="0.0" branchCoverage="0" maxCyclomaticComplexity="0" minCyclomaticComplexity="0" maxCrapScore="0" minCrapScore="0" visitedClasses="0" numClasses="0" visitedMethods="0" numMethods="1" />
              <MetadataToken>100663315</MetadataToken>
              <Name>System.Single Networking.Client::get_Latency()</Name>
              <FileRef uid="1" />
              <SequencePoints>
                <SequencePoint vc="0" uspid="2357" ordinal="0" offset="0" sl="47" sc="32" el="47" ec="32" bec="0" bev="0" fileid="1" />
              </SequencePoints>
              <BranchPoints />
            </Method>
            <Method visited="false" cyclomaticComplexity="0" nPathComplexity="0" sequenceCoverage="0.0" branchCoverage="0" crapScore="0" isConstructor="false" isStatic="false" isGetter="false" isSetter="true">
              <Summary numSequencePoints="1" visitedSequencePoints="0" numBranchPoints="0" visitedBranchPoints="0" sequenceCoverage="0.0" branchCoverage="0" maxCyclomaticComplexity="0" minCyclomaticComplexity="0" maxCrapScore="0" minCrapScore="0" visitedClasses="0" numClasses="0" visitedMethods="0" numMethods="1" />
              <MetadataToken>100663316</MetadataToken>
              <Name>System.Void Networking.Client::set_Latency(System.Single)</Name>
              <FileRef uid="1" />
              <SequencePoints>
                <SequencePoint vc="0" uspid="2358" ordinal="0" offset="0" sl="47" sc="37" el="47" ec="37" bec="0" bev="0" fileid="1" />
              </SequencePoints>
              <BranchPoints />
            </Method>
            <Method visited="false" cyclomaticComplexity="0" nPathComplexity="0" sequenceCoverage="0.0" branchCoverage="0" crapScore="0" isConstructor="false" isStatic="false" isGetter="false" isSetter="false">
              <Summary numSequencePoints="12" visitedSequencePoints="0" numBranchPoints="0" visitedBranchPoints="0" sequenceCoverage="0.0" branchCoverage="0" maxCyclomaticComplexity="0" minCyclomaticComplexity="0" maxCrapScore="0" minCrapScore="0" visitedClasses="0" numClasses="0" visitedMethods="0" numMethods="1" />
              <MetadataToken>100663323</MetadataToken>
              <Name>System.Void Networking.Client::Init(System.String, System.UInt16, System.Boolean, System.Single, System.Boolean, Networking.GameActionManager)</Name>
              <FileRef uid="1" />
              <SequencePoints>
                <SequencePoint vc="0" uspid="2359" ordinal="0" offset="0" sl="60" sc="9" el="60" ec="9" bec="0" bev="0" fileid="1" />
                <SequencePoint vc="0" uspid="2360" ordinal="0" offset="1" sl="61" sc="13" el="61" ec="13" bec="0" bev="0" fileid="1" />
                <SequencePoint vc="0" uspid="2361" ordinal="0" offset="11" sl="62" sc="13" el="62" ec="13" bec="0" bev="0" fileid="1" />
                <SequencePoint vc="0" uspid="2362" ordinal="0" offset="19" sl="63" sc="13" el="63" ec="13" bec="0" bev="0" fileid="1" />
                <SequencePoint vc="0" uspid="2363" ordinal="0" offset="30" sl="64" sc="13" el="64" ec="13" bec="0" bev="0" fileid="1" />
                <SequencePoint vc="0" uspid="2364" ordinal="0" offset="38" sl="65" sc="13" el="65" ec="13" bec="0" bev="0" fileid="1" />
                <SequencePoint vc="0" uspid="2365" ordinal="0" offset="53" sl="65" sc="42" el="65" ec="42" bec="0" bev="0" fileid="1" />
                <SequencePoint vc="0" uspid="2366" ordinal="0" offset="65" sl="66" sc="13" el="66" ec="13" bec="0" bev="0" fileid="1" />
                <SequencePoint vc="0" uspid="2367" ordinal="0" offset="177" sl="73" sc="13" el="73" ec="13" bec="0" bev="0" fileid="1" />
                <SequencePoint vc="0" uspid="2368" ordinal="0" offset="224" sl="76" sc="13" el="76" ec="13" bec="0" bev="0" fileid="1" />
                <SequencePoint vc="0" uspid="2369" ordinal="0" offset="309" sl="79" sc="13" el="79" ec="13" bec="0" bev="0" fileid="1" />
                <SequencePoint vc="0" uspid="2370" ordinal="0" offset="316" sl="80" sc="9" el="80" ec="9" bec="0" bev="0" fileid="1" />
              </SequencePoints>
              <BranchPoints />
            </Method>
            <Method visited="false" cyclomaticComplexity="0" nPathComplexity="0" sequenceCoverage="0.0" branchCoverage="0" crapScore="0" isConstructor="false" isStatic="false" isGetter="false" isSetter="false">
              <Summary numSequencePoints="5" visitedSequencePoints="0" numBranchPoints="0" visitedBranchPoints="0" sequenceCoverage="0.0" branchCoverage="0" maxCyclomaticComplexity="0" minCyclomaticComplexity="0" maxCrapScore="0" minCrapScore="0" visitedClasses="0" numClasses="0" visitedMethods="0" numMethods="1" />
              <MetadataToken>100663324</MetadataToken>
              <Name>System.Void Networking.Client::SetEndpoint(System.String, System.UInt16, System.Boolean)</Name>
              <FileRef uid="1" />
              <SequencePoints>
                <SequencePoint vc="0" uspid="2371" ordinal="0" offset="0" sl="83" sc="9" el="83" ec="9" bec="0" bev="0" fileid="1" />
                <SequencePoint vc="0" uspid="2372" ordinal="0" offset="1" sl="84" sc="13" el="84" ec="13" bec="0" bev="0" fileid="1" />
                <SequencePoint vc="0" uspid="2373" ordinal="0" offset="8" sl="85" sc="13" el="85" ec="13" bec="0" bev="0" fileid="1" />
                <SequencePoint vc="0" uspid="2374" ordinal="0" offset="15" sl="86" sc="13" el="86" ec="13" bec="0" bev="0" fileid="1" />
                <SequencePoint vc="0" uspid="2375" ordinal="0" offset="23" sl="87" sc="9" el="87" ec="9" bec="0" bev="0" fileid="1" />
              </SequencePoints>
              <BranchPoints />
            </Method>
            <Method visited="false" cyclomaticComplexity="0" nPathComplexity="0" sequenceCoverage="0.0" branchCoverage="0" crapScore="0" isConstructor="false" isStatic="false" isGetter="false" isSetter="false">
              <Summary numSequencePoints="16" visitedSequencePoints="0" numBranchPoints="0" visitedBranchPoints="0" sequenceCoverage="0.0" branchCoverage="0" maxCyclomaticComplexity="0" minCyclomaticComplexity="0" maxCrapScore="0" minCrapScore="0" visitedClasses="0" numClasses="0" visitedMethods="0" numMethods="1" />
              <MetadataToken>100663325</MetadataToken>
              <Name>System.Void Networking.Client::Connect()</Name>
              <FileRef uid="1" />
              <SequencePoints>
                <SequencePoint vc="0" uspid="2376" ordinal="0" offset="0" sl="90" sc="9" el="90" ec="9" bec="0" bev="0" fileid="1" />
                <SequencePoint vc="0" uspid="2377" ordinal="0" offset="1" sl="91" sc="13" el="91" ec="13" bec="0" bev="0" fileid="1" />
                <SequencePoint vc="0" uspid="2378" ordinal="0" offset="13" sl="92" sc="13" el="92" ec="13" bec="0" bev="0" fileid="1" />
                <SequencePoint vc="0" uspid="2379" ordinal="0" offset="26" sl="93" sc="13" el="93" ec="13" bec="0" bev="0" fileid="1" />
                <SequencePoint vc="0" uspid="2380" ordinal="0" offset="27" sl="94" sc="17" el="94" ec="17" bec="0" bev="0" fileid="1" />
                <SequencePoint vc="0" uspid="2381" ordinal="0" offset="54" sl="95" sc="17" el="95" ec="17" bec="0" bev="0" fileid="1" />
                <SequencePoint vc="0" uspid="2382" ordinal="0" offset="56" sl="98" sc="13" el="98" ec="13" bec="0" bev="0" fileid="1" />
                <SequencePoint vc="0" uspid="2383" ordinal="0" offset="69" sl="99" sc="13" el="99" ec="13" bec="0" bev="0" fileid="1" />
                <SequencePoint vc="0" uspid="2384" ordinal="0" offset="70" sl="100" sc="17" el="100" ec="17" bec="0" bev="0" fileid="1" />
                <SequencePoint vc="0" uspid="2385" ordinal="0" offset="81" sl="101" sc="17" el="101" ec="17" bec="0" bev="0" fileid="1" />
                <SequencePoint vc="0" uspid="2386" ordinal="0" offset="83" sl="104" sc="13" el="104" ec="13" bec="0" bev="0" fileid="1" />
                <SequencePoint vc="0" uspid="2387" ordinal="0" offset="94" sl="105" sc="13" el="105" ec="13" bec="0" bev="0" fileid="1" />
                <SequencePoint vc="0" uspid="2388" ordinal="0" offset="102" sl="106" sc="13" el="106" ec="13" bec="0" bev="0" fileid="1" />
                <SequencePoint vc="0" uspid="2389" ordinal="0" offset="149" sl="109" sc="13" el="109" ec="13" bec="0" bev="0" fileid="1" />
                <SequencePoint vc="0" uspid="2390" ordinal="0" offset="163" sl="110" sc="13" el="110" ec="13" bec="0" bev="0" fileid="1" />
                <SequencePoint vc="0" uspid="2391" ordinal="0" offset="181" sl="111" sc="9" el="111" ec="9" bec="0" bev="0" fileid="1" />
              </SequencePoints>
              <BranchPoints />
            </Method>
            <Method visited="false" cyclomaticComplexity="0" nPathComplexity="0" sequenceCoverage="0.0" branchCoverage="0" crapScore="0" isConstructor="false" isStatic="false" isGetter="false" isSetter="false">
              <Summary numSequencePoints="179" visitedSequencePoints="0" numBranchPoints="0" visitedBranchPoints="0" sequenceCoverage="0.0" branchCoverage="0" maxCyclomaticComplexity="0" minCyclomaticComplexity="0" maxCrapScore="0" minCrapScore="0" visitedClasses="0" numClasses="0" visitedMethods="0" numMethods="1" />
              <MetadataToken>100663326</MetadataToken>
              <Name>System.Void Networking.Client::Tick()</Name>
              <FileRef uid="1" />
              <SequencePoints>
                <SequencePoint vc="0" uspid="2392" ordinal="0" offset="0" sl="114" sc="9" el="114" ec="9" bec="0" bev="0" fileid="1" />
                <SequencePoint vc="0" uspid="2393" ordinal="0" offset="1" sl="115" sc="13" el="115" ec="13" bec="0" bev="0" fileid="1" />
                <SequencePoint vc="0" uspid="2394" ordinal="0" offset="19" sl="115" sc="43" el="115" ec="43" bec="0" bev="0" fileid="1" />
                <SequencePoint vc="0" uspid="2395" ordinal="0" offset="24" sl="116" sc="13" el="116" ec="13" bec="0" bev="0" fileid="1" />
                <SequencePoint vc="0" uspid="2396" ordinal="0" offset="53" sl="118" sc="13" el="118" ec="13" bec="0" bev="0" fileid="1" />
                <SequencePoint vc="0" uspid="2397" ordinal="0" offset="100" sl="119" sc="13" el="119" ec="13" bec="0" bev="0" fileid="1" />
                <SequencePoint vc="0" uspid="2398" ordinal="0" offset="101" sl="120" sc="17" el="120" ec="17" bec="0" bev="0" fileid="1" />
                <SequencePoint vc="0" uspid="2399" ordinal="0" offset="112" sl="121" sc="17" el="121" ec="17" bec="0" bev="0" fileid="1" />
                <SequencePoint vc="0" uspid="2400" ordinal="0" offset="119" sl="122" sc="17" el="122" ec="17" bec="0" bev="0" fileid="1" />
                <SequencePoint vc="0" uspid="2401" ordinal="0" offset="124" sl="127" sc="13" el="127" ec="13" bec="0" bev="0" fileid="1" />
                <SequencePoint vc="0" uspid="2402" ordinal="0" offset="157" sl="129" sc="13" el="129" ec="13" bec="0" bev="0" fileid="1" />
                <SequencePoint vc="0" uspid="2403" ordinal="0" offset="158" sl="130" sc="17" el="130" ec="17" bec="0" bev="0" fileid="1" />
                <SequencePoint vc="0" uspid="2404" ordinal="0" offset="168" sl="131" sc="17" el="131" ec="17" bec="0" bev="0" fileid="1" />
                <SequencePoint vc="0" uspid="2405" ordinal="0" offset="169" sl="132" sc="21" el="132" ec="21" bec="0" bev="0" fileid="1" />
                <SequencePoint vc="0" uspid="2406" ordinal="0" offset="180" sl="133" sc="21" el="133" ec="21" bec="0" bev="0" fileid="1" />
                <SequencePoint vc="0" uspid="2407" ordinal="0" offset="188" sl="134" sc="21" el="134" ec="21" bec="0" bev="0" fileid="1" />
                <SequencePoint vc="0" uspid="2408" ordinal="0" offset="206" sl="135" sc="17" el="135" ec="17" bec="0" bev="0" fileid="1" />
                <SequencePoint vc="0" uspid="2409" ordinal="0" offset="212" sl="136" sc="22" el="136" ec="22" bec="0" bev="0" fileid="1" />
                <SequencePoint vc="0" uspid="2410" ordinal="0" offset="225" sl="137" sc="17" el="137" ec="17" bec="0" bev="0" fileid="1" />
                <SequencePoint vc="0" uspid="2411" ordinal="0" offset="226" sl="138" sc="21" el="138" ec="21" bec="0" bev="0" fileid="1" />
                <SequencePoint vc="0" uspid="2412" ordinal="0" offset="250" sl="139" sc="21" el="139" ec="21" bec="0" bev="0" fileid="1" />
                <SequencePoint vc="0" uspid="2413" ordinal="0" offset="259" sl="140" sc="21" el="140" ec="21" bec="0" bev="0" fileid="1" />
                <SequencePoint vc="0" uspid="2414" ordinal="0" offset="315" sl="143" sc="29" el="143" ec="29" bec="0" bev="0" fileid="1" />
                <SequencePoint vc="0" uspid="2415" ordinal="0" offset="329" sl="144" sc="29" el="144" ec="29" bec="0" bev="0" fileid="1" />
                <SequencePoint vc="0" uspid="2416" ordinal="0" offset="356" sl="145" sc="29" el="145" ec="29" bec="0" bev="0" fileid="1" />
                <SequencePoint vc="0" uspid="2417" ordinal="0" offset="381" sl="147" sc="29" el="147" ec="29" bec="0" bev="0" fileid="1" />
                <SequencePoint vc="0" uspid="2418" ordinal="0" offset="390" sl="148" sc="29" el="148" ec="29" bec="0" bev="0" fileid="1" />
                <SequencePoint vc="0" uspid="2419" ordinal="0" offset="404" sl="149" sc="29" el="149" ec="29" bec="0" bev="0" fileid="1" />
                <SequencePoint vc="0" uspid="2420" ordinal="0" offset="428" sl="150" sc="29" el="150" ec="29" bec="0" bev="0" fileid="1" />
                <SequencePoint vc="0" uspid="2421" ordinal="0" offset="433" sl="152" sc="25" el="152" ec="25" bec="0" bev="0" fileid="1" />
                <SequencePoint vc="0" uspid="2422" ordinal="0" offset="434" sl="153" sc="29" el="153" ec="29" bec="0" bev="0" fileid="1" />
                <SequencePoint vc="0" uspid="2423" ordinal="0" offset="446" sl="154" sc="29" el="154" ec="29" bec="0" bev="0" fileid="1" />
                <SequencePoint vc="0" uspid="2424" ordinal="0" offset="455" sl="155" sc="29" el="155" ec="29" bec="0" bev="0" fileid="1" />
                <SequencePoint vc="0" uspid="2425" ordinal="0" offset="464" sl="156" sc="29" el="156" ec="29" bec="0" bev="0" fileid="1" />
                <SequencePoint vc="0" uspid="2426" ordinal="0" offset="473" sl="157" sc="29" el="157" ec="29" bec="0" bev="0" fileid="1" />
                <SequencePoint vc="0" uspid="2427" ordinal="0" offset="488" sl="158" sc="29" el="158" ec="29" bec="0" bev="0" fileid="1" />
                <SequencePoint vc="0" uspid="2428" ordinal="0" offset="552" sl="162" sc="29" el="162" ec="29" bec="0" bev="0" fileid="1" />
                <SequencePoint vc="0" uspid="2429" ordinal="0" offset="581" sl="163" sc="29" el="163" ec="29" bec="0" bev="0" fileid="1" />
                <SequencePoint vc="0" uspid="2430" ordinal="0" offset="633" sl="166" sc="29" el="166" ec="29" bec="0" bev="0" fileid="1" />
                <SequencePoint vc="0" uspid="2431" ordinal="0" offset="662" sl="167" sc="29" el="167" ec="29" bec="0" bev="0" fileid="1" />
                <SequencePoint vc="0" uspid="2432" ordinal="0" offset="667" sl="170" sc="25" el="170" ec="25" bec="0" bev="0" fileid="1" />
                <SequencePoint vc="0" uspid="2433" ordinal="0" offset="668" sl="171" sc="29" el="171" ec="29" bec="0" bev="0" fileid="1" />
                <SequencePoint vc="0" uspid="2434" ordinal="0" offset="679" sl="171" sc="41" el="171" ec="41" bec="0" bev="0" fileid="1" />
                <SequencePoint vc="0" uspid="2435" ordinal="0" offset="684" sl="172" sc="29" el="172" ec="29" bec="0" bev="0" fileid="1" />
                <SequencePoint vc="0" uspid="2436" ordinal="0" offset="693" sl="174" sc="34" el="174" ec="34" bec="0" bev="0" fileid="1" />
                <SequencePoint vc="0" uspid="2437" ordinal="0" offset="701" sl="175" sc="29" el="175" ec="29" bec="0" bev="0" fileid="1" />
                <SequencePoint vc="0" uspid="2438" ordinal="0" offset="702" sl="176" sc="33" el="176" ec="33" bec="0" bev="0" fileid="1" />
                <SequencePoint vc="0" uspid="2439" ordinal="0" offset="711" sl="177" sc="33" el="177" ec="33" bec="0" bev="0" fileid="1" />
                <SequencePoint vc="0" uspid="2440" ordinal="0" offset="720" sl="178" sc="33" el="178" ec="33" bec="0" bev="0" fileid="1" />
                <SequencePoint vc="0" uspid="2441" ordinal="0" offset="729" sl="179" sc="33" el="179" ec="33" bec="0" bev="0" fileid="1" />
                <SequencePoint vc="0" uspid="2442" ordinal="0" offset="738" sl="180" sc="33" el="180" ec="33" bec="0" bev="0" fileid="1" />
                <SequencePoint vc="0" uspid="2443" ordinal="0" offset="747" sl="181" sc="33" el="181" ec="33" bec="0" bev="0" fileid="1" />
                <SequencePoint vc="0" uspid="2444" ordinal="0" offset="756" sl="182" sc="33" el="182" ec="33" bec="0" bev="0" fileid="1" />
                <SequencePoint vc="0" uspid="2445" ordinal="0" offset="765" sl="183" sc="33" el="183" ec="33" bec="0" bev="0" fileid="1" />
                <SequencePoint vc="0" uspid="2446" ordinal="0" offset="787" sl="185" sc="33" el="185" ec="33" bec="0" bev="0" fileid="1" />
                <SequencePoint vc="0" uspid="2447" ordinal="0" offset="801" sl="186" sc="37" el="186" ec="37" bec="0" bev="0" fileid="1" />
                <SequencePoint vc="0" uspid="2448" ordinal="0" offset="844" sl="188" sc="37" el="188" ec="37" bec="0" bev="0" fileid="1" />
                <SequencePoint vc="0" uspid="2449" ordinal="0" offset="854" sl="189" sc="33" el="189" ec="33" bec="0" bev="0" fileid="1" />
                <SequencePoint vc="0" uspid="2450" ordinal="0" offset="877" sl="190" sc="37" el="190" ec="37" bec="0" bev="0" fileid="1" />
                <SequencePoint vc="0" uspid="2451" ordinal="0" offset="888" sl="191" sc="29" el="191" ec="29" bec="0" bev="0" fileid="1" />
                <SequencePoint vc="0" uspid="2452" ordinal="0" offset="889" sl="174" sc="56" el="174" ec="56" bec="0" bev="0" fileid="1" />
                <SequencePoint vc="0" uspid="2453" ordinal="0" offset="895" sl="174" sc="45" el="174" ec="45" bec="0" bev="0" fileid="1" />
                <SequencePoint vc="0" uspid="2454" ordinal="0" offset="910" sl="193" sc="29" el="193" ec="29" bec="0" bev="0" fileid="1" />
                <SequencePoint vc="0" uspid="2455" ordinal="0" offset="915" sl="196" sc="25" el="196" ec="25" bec="0" bev="0" fileid="1" />
                <SequencePoint vc="0" uspid="2456" ordinal="0" offset="916" sl="197" sc="29" el="197" ec="29" bec="0" bev="0" fileid="1" />
                <SequencePoint vc="0" uspid="2457" ordinal="0" offset="927" sl="197" sc="41" el="197" ec="41" bec="0" bev="0" fileid="1" />
                <SequencePoint vc="0" uspid="2458" ordinal="0" offset="932" sl="198" sc="29" el="198" ec="29" bec="0" bev="0" fileid="1" />
                <SequencePoint vc="0" uspid="2459" ordinal="0" offset="941" sl="199" sc="34" el="199" ec="34" bec="0" bev="0" fileid="1" />
                <SequencePoint vc="0" uspid="2460" ordinal="0" offset="946" sl="200" sc="29" el="200" ec="29" bec="0" bev="0" fileid="1" />
                <SequencePoint vc="0" uspid="2461" ordinal="0" offset="947" sl="201" sc="33" el="201" ec="33" bec="0" bev="0" fileid="1" />
                <SequencePoint vc="0" uspid="2462" ordinal="0" offset="956" sl="202" sc="33" el="202" ec="33" bec="0" bev="0" fileid="1" />
                <SequencePoint vc="0" uspid="2463" ordinal="0" offset="965" sl="203" sc="33" el="203" ec="33" bec="0" bev="0" fileid="1" />
                <SequencePoint vc="0" uspid="2464" ordinal="0" offset="974" sl="205" sc="33" el="205" ec="33" bec="0" bev="0" fileid="1" />
                <SequencePoint vc="0" uspid="2465" ordinal="0" offset="975" sl="206" sc="37" el="206" ec="37" bec="0" bev="0" fileid="1" />
                <SequencePoint vc="0" uspid="2466" ordinal="0" offset="989" sl="207" sc="37" el="207" ec="37" bec="0" bev="0" fileid="1" />
                <SequencePoint vc="0" uspid="2467" ordinal="0" offset="999" sl="208" sc="33" el="208" ec="33" bec="0" bev="0" fileid="1" />
                <SequencePoint vc="0" uspid="2468" ordinal="0" offset="1002" sl="209" sc="33" el="209" ec="33" bec="0" bev="0" fileid="1" />
                <SequencePoint vc="0" uspid="2469" ordinal="0" offset="1004" sl="210" sc="33" el="210" ec="33" bec="0" bev="0" fileid="1" />
                <SequencePoint vc="0" uspid="2470" ordinal="0" offset="1005" sl="211" sc="37" el="211" ec="37" bec="0" bev="0" fileid="1" />
                <SequencePoint vc="0" uspid="2471" ordinal="0" offset="1035" sl="212" sc="37" el="212" ec="37" bec="0" bev="0" fileid="1" />
                <SequencePoint vc="0" uspid="2472" ordinal="0" offset="1056" sl="213" sc="33" el="213" ec="33" bec="0" bev="0" fileid="1" />
                <SequencePoint vc="0" uspid="2473" ordinal="0" offset="1059" sl="214" sc="29" el="214" ec="29" bec="0" bev="0" fileid="1" />
                <SequencePoint vc="0" uspid="2474" ordinal="0" offset="1060" sl="199" sc="66" el="199" ec="66" bec="0" bev="0" fileid="1" />
                <SequencePoint vc="0" uspid="2475" ordinal="0" offset="1066" sl="199" sc="45" el="199" ec="45" bec="0" bev="0" fileid="1" />
                <SequencePoint vc="0" uspid="2476" ordinal="0" offset="1081" sl="216" sc="29" el="216" ec="29" bec="0" bev="0" fileid="1" />
                <SequencePoint vc="0" uspid="2477" ordinal="0" offset="1086" sl="219" sc="25" el="219" ec="25" bec="0" bev="0" fileid="1" />
                <SequencePoint vc="0" uspid="2478" ordinal="0" offset="1087" sl="220" sc="29" el="220" ec="29" bec="0" bev="0" fileid="1" />
                <SequencePoint vc="0" uspid="2479" ordinal="0" offset="1098" sl="220" sc="41" el="220" ec="41" bec="0" bev="0" fileid="1" />
                <SequencePoint vc="0" uspid="2480" ordinal="0" offset="1103" sl="221" sc="29" el="221" ec="29" bec="0" bev="0" fileid="1" />
                <SequencePoint vc="0" uspid="2481" ordinal="0" offset="1112" sl="222" sc="34" el="222" ec="34" bec="0" bev="0" fileid="1" />
                <SequencePoint vc="0" uspid="2482" ordinal="0" offset="1120" sl="223" sc="29" el="223" ec="29" bec="0" bev="0" fileid="1" />
                <SequencePoint vc="0" uspid="2483" ordinal="0" offset="1121" sl="224" sc="33" el="224" ec="33" bec="0" bev="0" fileid="1" />
                <SequencePoint vc="0" uspid="2484" ordinal="0" offset="1130" sl="225" sc="33" el="225" ec="33" bec="0" bev="0" fileid="1" />
                <SequencePoint vc="0" uspid="2485" ordinal="0" offset="1139" sl="226" sc="33" el="226" ec="33" bec="0" bev="0" fileid="1" />
                <SequencePoint vc="0" uspid="2486" ordinal="0" offset="1160" sl="227" sc="33" el="227" ec="33" bec="0" bev="0" fileid="1" />
                <SequencePoint vc="0" uspid="2487" ordinal="0" offset="1161" sl="228" sc="37" el="228" ec="37" bec="0" bev="0" fileid="1" />
                <SequencePoint vc="0" uspid="2488" ordinal="0" offset="1175" sl="229" sc="37" el="229" ec="37" bec="0" bev="0" fileid="1" />
                <SequencePoint vc="0" uspid="2489" ordinal="0" offset="1184" sl="231" sc="37" el="231" ec="37" bec="0" bev="0" fileid="1" />
                <SequencePoint vc="0" uspid="2490" ordinal="0" offset="1185" sl="232" sc="41" el="232" ec="41" bec="0" bev="0" fileid="1" />
                <SequencePoint vc="0" uspid="2491" ordinal="0" offset="1226" sl="233" sc="37" el="233" ec="37" bec="0" bev="0" fileid="1" />
                <SequencePoint vc="0" uspid="2492" ordinal="0" offset="1229" sl="234" sc="37" el="234" ec="37" bec="0" bev="0" fileid="1" />
                <SequencePoint vc="0" uspid="2493" ordinal="0" offset="1231" sl="235" sc="37" el="235" ec="37" bec="0" bev="0" fileid="1" />
                <SequencePoint vc="0" uspid="2494" ordinal="0" offset="1232" sl="236" sc="41" el="236" ec="41" bec="0" bev="0" fileid="1" />
                <SequencePoint vc="0" uspid="2495" ordinal="0" offset="1262" sl="238" sc="41" el="238" ec="41" bec="0" bev="0" fileid="1" />
                <SequencePoint vc="0" uspid="2496" ordinal="0" offset="1283" sl="239" sc="37" el="239" ec="37" bec="0" bev="0" fileid="1" />
                <SequencePoint vc="0" uspid="2497" ordinal="0" offset="1286" sl="240" sc="33" el="240" ec="33" bec="0" bev="0" fileid="1" />
                <SequencePoint vc="0" uspid="2498" ordinal="0" offset="1289" sl="242" sc="33" el="242" ec="33" bec="0" bev="0" fileid="1" />
                <SequencePoint vc="0" uspid="2499" ordinal="0" offset="1290" sl="243" sc="37" el="243" ec="37" bec="0" bev="0" fileid="1" />
                <SequencePoint vc="0" uspid="2500" ordinal="0" offset="1300" sl="244" sc="33" el="244" ec="33" bec="0" bev="0" fileid="1" />
                <SequencePoint vc="0" uspid="2501" ordinal="0" offset="1301" sl="245" sc="29" el="245" ec="29" bec="0" bev="0" fileid="1" />
                <SequencePoint vc="0" uspid="2502" ordinal="0" offset="1302" sl="222" sc="67" el="222" ec="67" bec="0" bev="0" fileid="1" />
                <SequencePoint vc="0" uspid="2503" ordinal="0" offset="1308" sl="222" sc="45" el="222" ec="45" bec="0" bev="0" fileid="1" />
                <SequencePoint vc="0" uspid="2504" ordinal="0" offset="1323" sl="247" sc="29" el="247" ec="29" bec="0" bev="0" fileid="1" />
                <SequencePoint vc="0" uspid="2505" ordinal="0" offset="1328" sl="250" sc="25" el="250" ec="25" bec="0" bev="0" fileid="1" />
                <SequencePoint vc="0" uspid="2506" ordinal="0" offset="1329" sl="251" sc="29" el="251" ec="29" bec="0" bev="0" fileid="1" />
                <SequencePoint vc="0" uspid="2507" ordinal="0" offset="1340" sl="251" sc="41" el="251" ec="41" bec="0" bev="0" fileid="1" />
                <SequencePoint vc="0" uspid="2508" ordinal="0" offset="1345" sl="252" sc="29" el="252" ec="29" bec="0" bev="0" fileid="1" />
                <SequencePoint vc="0" uspid="2509" ordinal="0" offset="1354" sl="253" sc="34" el="253" ec="34" bec="0" bev="0" fileid="1" />
                <SequencePoint vc="0" uspid="2510" ordinal="0" offset="1359" sl="254" sc="29" el="254" ec="29" bec="0" bev="0" fileid="1" />
                <SequencePoint vc="0" uspid="2511" ordinal="0" offset="1360" sl="255" sc="33" el="255" ec="33" bec="0" bev="0" fileid="1" />
                <SequencePoint vc="0" uspid="2512" ordinal="0" offset="1369" sl="256" sc="33" el="256" ec="33" bec="0" bev="0" fileid="1" />
                <SequencePoint vc="0" uspid="2513" ordinal="0" offset="1382" sl="257" sc="29" el="257" ec="29" bec="0" bev="0" fileid="1" />
                <SequencePoint vc="0" uspid="2514" ordinal="0" offset="1383" sl="253" sc="56" el="253" ec="56" bec="0" bev="0" fileid="1" />
                <SequencePoint vc="0" uspid="2515" ordinal="0" offset="1389" sl="253" sc="45" el="253" ec="45" bec="0" bev="0" fileid="1" />
                <SequencePoint vc="0" uspid="2516" ordinal="0" offset="1401" sl="259" sc="29" el="259" ec="29" bec="0" bev="0" fileid="1" />
                <SequencePoint vc="0" uspid="2517" ordinal="0" offset="1406" sl="262" sc="25" el="262" ec="25" bec="0" bev="0" fileid="1" />
                <SequencePoint vc="0" uspid="2518" ordinal="0" offset="1407" sl="263" sc="29" el="263" ec="29" bec="0" bev="0" fileid="1" />
                <SequencePoint vc="0" uspid="2519" ordinal="0" offset="1418" sl="263" sc="41" el="263" ec="41" bec="0" bev="0" fileid="1" />
                <SequencePoint vc="0" uspid="2520" ordinal="0" offset="1423" sl="264" sc="29" el="264" ec="29" bec="0" bev="0" fileid="1" />
                <SequencePoint vc="0" uspid="2521" ordinal="0" offset="1432" sl="265" sc="29" el="265" ec="29" bec="0" bev="0" fileid="1" />
                <SequencePoint vc="0" uspid="2522" ordinal="0" offset="1441" sl="266" sc="29" el="266" ec="29" bec="0" bev="0" fileid="1" />
                <SequencePoint vc="0" uspid="2523" ordinal="0" offset="1450" sl="267" sc="29" el="267" ec="29" bec="0" bev="0" fileid="1" />
                <SequencePoint vc="0" uspid="2524" ordinal="0" offset="1459" sl="269" sc="29" el="269" ec="29" bec="0" bev="0" fileid="1" />
                <SequencePoint vc="0" uspid="2525" ordinal="0" offset="1460" sl="270" sc="33" el="270" ec="33" bec="0" bev="0" fileid="1" />
                <SequencePoint vc="0" uspid="2526" ordinal="0" offset="1475" sl="271" sc="33" el="271" ec="33" bec="0" bev="0" fileid="1" />
                <SequencePoint vc="0" uspid="2527" ordinal="0" offset="1486" sl="272" sc="33" el="272" ec="33" bec="0" bev="0" fileid="1" />
                <SequencePoint vc="0" uspid="2528" ordinal="0" offset="1502" sl="273" sc="33" el="273" ec="33" bec="0" bev="0" fileid="1" />
                <SequencePoint vc="0" uspid="2529" ordinal="0" offset="1507" sl="275" sc="29" el="275" ec="29" bec="0" bev="0" fileid="1" />
                <SequencePoint vc="0" uspid="2530" ordinal="0" offset="1509" sl="276" sc="29" el="276" ec="29" bec="0" bev="0" fileid="1" />
                <SequencePoint vc="0" uspid="2531" ordinal="0" offset="1510" sl="277" sc="33" el="277" ec="33" bec="0" bev="0" fileid="1" />
                <SequencePoint vc="0" uspid="2532" ordinal="0" offset="1518" sl="278" sc="33" el="278" ec="33" bec="0" bev="0" fileid="1" />
                <SequencePoint vc="0" uspid="2533" ordinal="0" offset="1523" sl="282" sc="25" el="282" ec="25" bec="0" bev="0" fileid="1" />
                <SequencePoint vc="0" uspid="2534" ordinal="0" offset="1524" sl="283" sc="29" el="283" ec="29" bec="0" bev="0" fileid="1" />
                <SequencePoint vc="0" uspid="2535" ordinal="0" offset="1535" sl="283" sc="41" el="283" ec="41" bec="0" bev="0" fileid="1" />
                <SequencePoint vc="0" uspid="2536" ordinal="0" offset="1540" sl="284" sc="29" el="284" ec="29" bec="0" bev="0" fileid="1" />
                <SequencePoint vc="0" uspid="2537" ordinal="0" offset="1549" sl="285" sc="29" el="285" ec="29" bec="0" bev="0" fileid="1" />
                <SequencePoint vc="0" uspid="2538" ordinal="0" offset="1558" sl="286" sc="29" el="286" ec="29" bec="0" bev="0" fileid="1" />
                <SequencePoint vc="0" uspid="2539" ordinal="0" offset="1572" sl="287" sc="29" el="287" ec="29" bec="0" bev="0" fileid="1" />
                <SequencePoint vc="0" uspid="2540" ordinal="0" offset="1583" sl="288" sc="29" el="288" ec="29" bec="0" bev="0" fileid="1" />
                <SequencePoint vc="0" uspid="2541" ordinal="0" offset="1614" sl="290" sc="29" el="290" ec="29" bec="0" bev="0" fileid="1" />
                <SequencePoint vc="0" uspid="2542" ordinal="0" offset="1624" sl="291" sc="29" el="291" ec="29" bec="0" bev="0" fileid="1" />
                <SequencePoint vc="0" uspid="2543" ordinal="0" offset="1629" sl="294" sc="25" el="294" ec="25" bec="0" bev="0" fileid="1" />
                <SequencePoint vc="0" uspid="2544" ordinal="0" offset="1630" sl="295" sc="29" el="295" ec="29" bec="0" bev="0" fileid="1" />
                <SequencePoint vc="0" uspid="2545" ordinal="0" offset="1641" sl="295" sc="41" el="295" ec="41" bec="0" bev="0" fileid="1" />
                <SequencePoint vc="0" uspid="2546" ordinal="0" offset="1646" sl="296" sc="29" el="296" ec="29" bec="0" bev="0" fileid="1" />
                <SequencePoint vc="0" uspid="2547" ordinal="0" offset="1655" sl="297" sc="29" el="297" ec="29" bec="0" bev="0" fileid="1" />
                <SequencePoint vc="0" uspid="2548" ordinal="0" offset="1664" sl="298" sc="29" el="298" ec="29" bec="0" bev="0" fileid="1" />
                <SequencePoint vc="0" uspid="2549" ordinal="0" offset="1685" sl="299" sc="29" el="299" ec="29" bec="0" bev="0" fileid="1" />
                <SequencePoint vc="0" uspid="2550" ordinal="0" offset="1686" sl="300" sc="33" el="300" ec="33" bec="0" bev="0" fileid="1" />
                <SequencePoint vc="0" uspid="2551" ordinal="0" offset="1697" sl="301" sc="33" el="301" ec="33" bec="0" bev="0" fileid="1" />
                <SequencePoint vc="0" uspid="2552" ordinal="0" offset="1699" sl="304" sc="29" el="304" ec="29" bec="0" bev="0" fileid="1" />
                <SequencePoint vc="0" uspid="2553" ordinal="0" offset="1713" sl="305" sc="29" el="305" ec="29" bec="0" bev="0" fileid="1" />
                <SequencePoint vc="0" uspid="2554" ordinal="0" offset="1722" sl="306" sc="29" el="306" ec="29" bec="0" bev="0" fileid="1" />
                <SequencePoint vc="0" uspid="2555" ordinal="0" offset="1733" sl="307" sc="29" el="307" ec="29" bec="0" bev="0" fileid="1" />
                <SequencePoint vc="0" uspid="2556" ordinal="0" offset="1749" sl="309" sc="29" el="309" ec="29" bec="0" bev="0" fileid="1" />
                <SequencePoint vc="0" uspid="2557" ordinal="0" offset="1780" sl="311" sc="29" el="311" ec="29" bec="0" bev="0" fileid="1" />
                <SequencePoint vc="0" uspid="2558" ordinal="0" offset="1790" sl="312" sc="29" el="312" ec="29" bec="0" bev="0" fileid="1" />
                <SequencePoint vc="0" uspid="2559" ordinal="0" offset="1792" sl="315" sc="29" el="315" ec="29" bec="0" bev="0" fileid="1" />
                <SequencePoint vc="0" uspid="2560" ordinal="0" offset="1814" sl="316" sc="29" el="316" ec="29" bec="0" bev="0" fileid="1" />
                <SequencePoint vc="0" uspid="2561" ordinal="0" offset="1816" sl="318" sc="17" el="318" ec="17" bec="0" bev="0" fileid="1" />
                <SequencePoint vc="0" uspid="2562" ordinal="0" offset="1819" sl="319" sc="22" el="319" ec="22" bec="0" bev="0" fileid="1" />
                <SequencePoint vc="0" uspid="2563" ordinal="0" offset="1829" sl="320" sc="17" el="320" ec="17" bec="0" bev="0" fileid="1" />
                <SequencePoint vc="0" uspid="2564" ordinal="0" offset="1830" sl="321" sc="21" el="321" ec="21" bec="0" bev="0" fileid="1" />
                <SequencePoint vc="0" uspid="2565" ordinal="0" offset="1841" sl="322" sc="21" el="322" ec="21" bec="0" bev="0" fileid="1" />
                <SequencePoint vc="0" uspid="2566" ordinal="0" offset="1859" sl="323" sc="21" el="323" ec="21" bec="0" bev="0" fileid="1" />
                <SequencePoint vc="0" uspid="2567" ordinal="0" offset="1867" sl="324" sc="21" el="324" ec="21" bec="0" bev="0" fileid="1" />
                <SequencePoint vc="0" uspid="2568" ordinal="0" offset="1879" sl="325" sc="17" el="325" ec="17" bec="0" bev="0" fileid="1" />
                <SequencePoint vc="0" uspid="2569" ordinal="0" offset="1880" sl="326" sc="13" el="326" ec="13" bec="0" bev="0" fileid="1" />
                <SequencePoint vc="0" uspid="2570" ordinal="0" offset="1886" sl="327" sc="9" el="327" ec="9" bec="0" bev="0" fileid="1" />
              </SequencePoints>
              <BranchPoints />
            </Method>
            <Method visited="false" cyclomaticComplexity="0" nPathComplexity="0" sequenceCoverage="0.0" branchCoverage="0" crapScore="0" isConstructor="false" isStatic="false" isGetter="false" isSetter="false">
              <Summary numSequencePoints="11" visitedSequencePoints="0" numBranchPoints="0" visitedBranchPoints="0" sequenceCoverage="0.0" branchCoverage="0" maxCyclomaticComplexity="0" minCyclomaticComplexity="0" maxCrapScore="0" minCrapScore="0" visitedClasses="0" numClasses="0" visitedMethods="0" numMethods="1" />
              <MetadataToken>100663327</MetadataToken>
              <Name>System.Void Networking.Client::SendPlayerData(System.String)</Name>
              <FileRef uid="1" />
              <SequencePoints>
                <SequencePoint vc="0" uspid="2571" ordinal="0" offset="0" sl="330" sc="0" el="330" ec="0" bec="0" bev="0" fileid="1" />
                <SequencePoint vc="0" uspid="2572" ordinal="0" offset="1" sl="331" sc="0" el="331" ec="0" bec="0" bev="0" fileid="1" />
                <SequencePoint vc="0" uspid="2573" ordinal="0" offset="14" sl="331" sc="0" el="331" ec="0" bec="0" bev="0" fileid="1" />
                <SequencePoint vc="0" uspid="2574" ordinal="0" offset="16" sl="332" sc="0" el="332" ec="0" bec="0" bev="0" fileid="1" />
                <SequencePoint vc="0" uspid="2575" ordinal="0" offset="32" sl="333" sc="0" el="333" ec="0" bec="0" bev="0" fileid="1" />
                <SequencePoint vc="0" uspid="2576" ordinal="0" offset="43" sl="335" sc="0" el="335" ec="0" bec="0" bev="0" fileid="1" />
                <SequencePoint vc="0" uspid="2577" ordinal="0" offset="67" sl="336" sc="0" el="336" ec="0" bec="0" bev="0" fileid="1" />
                <SequencePoint vc="0" uspid="2578" ordinal="0" offset="77" sl="337" sc="0" el="337" ec="0" bec="0" bev="0" fileid="1" />
                <SequencePoint vc="0" uspid="2579" ordinal="0" offset="86" sl="338" sc="0" el="338" ec="0" bec="0" bev="0" fileid="1" />
                <SequencePoint vc="0" uspid="2580" ordinal="0" offset="99" sl="339" sc="0" el="339" ec="0" bec="0" bev="0" fileid="1" />
                <SequencePoint vc="0" uspid="2581" ordinal="0" offset="123" sl="340" sc="0" el="340" ec="0" bec="0" bev="0" fileid="1" />
              </SequencePoints>
              <BranchPoints />
            </Method>
            <Method visited="false" cyclomaticComplexity="0" nPathComplexity="0" sequenceCoverage="0.0" branchCoverage="0" crapScore="0" isConstructor="false" isStatic="false" isGetter="false" isSetter="false">
              <Summary numSequencePoints="46" visitedSequencePoints="0" numBranchPoints="0" visitedBranchPoints="0" sequenceCoverage="0.0" branchCoverage="0" maxCyclomaticComplexity="0" minCyclomaticComplexity="0" maxCrapScore="0" minCrapScore="0" visitedClasses="0" numClasses="0" visitedMethods="0" numMethods="1" />
              <MetadataToken>100663328</MetadataToken>
              <Name>System.Void Networking.Client::SendBatchedNetObjectsUpdate()</Name>
              <FileRef uid="1" />
              <SequencePoints>
                <SequencePoint vc="0" uspid="2582" ordinal="0" offset="0" sl="343" sc="9" el="343" ec="9" bec="0" bev="0" fileid="1" />
                <SequencePoint vc="0" uspid="2583" ordinal="0" offset="1" sl="344" sc="13" el="344" ec="13" bec="0" bev="0" fileid="1" />
                <SequencePoint vc="0" uspid="2584" ordinal="0" offset="16" sl="344" sc="45" el="344" ec="45" bec="0" bev="0" fileid="1" />
                <SequencePoint vc="0" uspid="2585" ordinal="0" offset="21" sl="345" sc="13" el="345" ec="13" bec="0" bev="0" fileid="1" />
                <SequencePoint vc="0" uspid="2586" ordinal="0" offset="39" sl="346" sc="13" el="346" ec="13" bec="0" bev="0" fileid="1" />
                <SequencePoint vc="0" uspid="2587" ordinal="0" offset="40" sl="347" sc="17" el="347" ec="17" bec="0" bev="0" fileid="1" />
                <SequencePoint vc="0" uspid="2588" ordinal="0" offset="67" sl="348" sc="17" el="348" ec="17" bec="0" bev="0" fileid="1" />
                <SequencePoint vc="0" uspid="2589" ordinal="0" offset="72" sl="351" sc="13" el="351" ec="13" bec="0" bev="0" fileid="1" />
                <SequencePoint vc="0" uspid="2590" ordinal="0" offset="83" sl="351" sc="25" el="351" ec="25" bec="0" bev="0" fileid="1" />
                <SequencePoint vc="0" uspid="2591" ordinal="0" offset="88" sl="353" sc="13" el="353" ec="13" bec="0" bev="0" fileid="1" />
                <SequencePoint vc="0" uspid="2592" ordinal="0" offset="99" sl="356" sc="13" el="356" ec="13" bec="0" bev="0" fileid="1" />
                <SequencePoint vc="0" uspid="2593" ordinal="0" offset="112" sl="357" sc="13" el="357" ec="13" bec="0" bev="0" fileid="1" />
                <SequencePoint vc="0" uspid="2594" ordinal="0" offset="125" sl="358" sc="13" el="358" ec="13" bec="0" bev="0" fileid="1" />
                <SequencePoint vc="0" uspid="2595" ordinal="0" offset="132" sl="361" sc="13" el="361" ec="13" bec="0" bev="0" fileid="1" />
                <SequencePoint vc="0" uspid="2596" ordinal="0" offset="133" sl="363" sc="17" el="363" ec="17" bec="0" bev="0" fileid="1" />
                <SequencePoint vc="0" uspid="2597" ordinal="0" offset="141" sl="364" sc="17" el="364" ec="17" bec="0" bev="0" fileid="1" />
                <SequencePoint vc="0" uspid="2598" ordinal="0" offset="150" sl="365" sc="17" el="365" ec="17" bec="0" bev="0" fileid="1" />
                <SequencePoint vc="0" uspid="2599" ordinal="0" offset="153" sl="366" sc="17" el="366" ec="17" bec="0" bev="0" fileid="1" />
                <SequencePoint vc="0" uspid="2600" ordinal="0" offset="162" sl="369" sc="17" el="369" ec="17" bec="0" bev="0" fileid="1" />
                <SequencePoint vc="0" uspid="2601" ordinal="0" offset="167" sl="371" sc="17" el="371" ec="17" bec="0" bev="0" fileid="1" />
                <SequencePoint vc="0" uspid="2602" ordinal="0" offset="168" sl="372" sc="21" el="372" ec="21" bec="0" bev="0" fileid="1" />
                <SequencePoint vc="0" uspid="2603" ordinal="0" offset="184" sl="373" sc="21" el="373" ec="21" bec="0" bev="0" fileid="1" />
                <SequencePoint vc="0" uspid="2604" ordinal="0" offset="185" sl="374" sc="25" el="374" ec="25" bec="0" bev="0" fileid="1" />
                <SequencePoint vc="0" uspid="2605" ordinal="0" offset="200" sl="375" sc="25" el="375" ec="25" bec="0" bev="0" fileid="1" />
                <SequencePoint vc="0" uspid="2606" ordinal="0" offset="208" sl="376" sc="25" el="376" ec="25" bec="0" bev="0" fileid="1" />
                <SequencePoint vc="0" uspid="2607" ordinal="0" offset="214" sl="377" sc="21" el="377" ec="21" bec="0" bev="0" fileid="1" />
                <SequencePoint vc="0" uspid="2608" ordinal="0" offset="215" sl="380" sc="21" el="380" ec="21" bec="0" bev="0" fileid="1" />
                <SequencePoint vc="0" uspid="2609" ordinal="0" offset="227" sl="381" sc="21" el="381" ec="21" bec="0" bev="0" fileid="1" />
                <SequencePoint vc="0" uspid="2610" ordinal="0" offset="228" sl="382" sc="25" el="382" ec="25" bec="0" bev="0" fileid="1" />
                <SequencePoint vc="0" uspid="2611" ordinal="0" offset="237" sl="383" sc="25" el="383" ec="25" bec="0" bev="0" fileid="1" />
                <SequencePoint vc="0" uspid="2612" ordinal="0" offset="262" sl="384" sc="29" el="384" ec="29" bec="0" bev="0" fileid="1" />
                <SequencePoint vc="0" uspid="2613" ordinal="0" offset="272" sl="385" sc="21" el="385" ec="21" bec="0" bev="0" fileid="1" />
                <SequencePoint vc="0" uspid="2614" ordinal="0" offset="275" sl="386" sc="26" el="386" ec="26" bec="0" bev="0" fileid="1" />
                <SequencePoint vc="0" uspid="2615" ordinal="0" offset="277" sl="387" sc="17" el="387" ec="17" bec="0" bev="0" fileid="1" />
                <SequencePoint vc="0" uspid="2616" ordinal="0" offset="278" sl="370" sc="17" el="370" ec="17" bec="0" bev="0" fileid="1" />
                <SequencePoint vc="0" uspid="2617" ordinal="0" offset="312" sl="389" sc="17" el="389" ec="17" bec="0" bev="0" fileid="1" />
                <SequencePoint vc="0" uspid="2618" ordinal="0" offset="322" sl="392" sc="17" el="392" ec="17" bec="0" bev="0" fileid="1" />
                <SequencePoint vc="0" uspid="2619" ordinal="0" offset="333" sl="393" sc="17" el="393" ec="17" bec="0" bev="0" fileid="1" />
                <SequencePoint vc="0" uspid="2620" ordinal="0" offset="334" sl="394" sc="21" el="394" ec="21" bec="0" bev="0" fileid="1" />
                <SequencePoint vc="0" uspid="2621" ordinal="0" offset="359" sl="395" sc="21" el="395" ec="21" bec="0" bev="0" fileid="1" />
                <SequencePoint vc="0" uspid="2622" ordinal="0" offset="374" sl="396" sc="21" el="396" ec="21" bec="0" bev="0" fileid="1" />
                <SequencePoint vc="0" uspid="2623" ordinal="0" offset="388" sl="397" sc="21" el="397" ec="21" bec="0" bev="0" fileid="1" />
                <SequencePoint vc="0" uspid="2624" ordinal="0" offset="412" sl="398" sc="17" el="398" ec="17" bec="0" bev="0" fileid="1" />
                <SequencePoint vc="0" uspid="2625" ordinal="0" offset="413" sl="399" sc="13" el="399" ec="13" bec="0" bev="0" fileid="1" />
                <SequencePoint vc="0" uspid="2626" ordinal="0" offset="414" sl="360" sc="13" el="360" ec="13" bec="0" bev="0" fileid="1" />
                <SequencePoint vc="0" uspid="2627" ordinal="0" offset="442" sl="400" sc="9" el="400" ec="9" bec="0" bev="0" fileid="1" />
              </SequencePoints>
              <BranchPoints />
            </Method>
            <Method visited="false" cyclomaticComplexity="0" nPathComplexity="0" sequenceCoverage="0.0" branchCoverage="0" crapScore="0" isConstructor="false" isStatic="true" isGetter="false" isSetter="false">
              <Summary numSequencePoints="10" visitedSequencePoints="0" numBranchPoints="0" visitedBranchPoints="0" sequenceCoverage="0.0" branchCoverage="0" maxCyclomaticComplexity="0" minCyclomaticComplexity="0" maxCrapScore="0" minCrapScore="0" visitedClasses="0" numClasses="0" visitedMethods="0" numMethods="1" />
              <MetadataToken>100663329</MetadataToken>
              <Name>static System.Void Networking.Client::WriteNetObject(Networking.NetObject, Unity.Networking.Transport.DataStreamWriter&amp;)</Name>
              <FileRef uid="1" />
              <SequencePoints>
                <SequencePoint vc="0" uspid="2628" ordinal="0" offset="0" sl="403" sc="0" el="403" ec="0" bec="0" bev="0" fileid="1" />
                <SequencePoint vc="0" uspid="2629" ordinal="0" offset="1" sl="404" sc="0" el="404" ec="0" bec="0" bev="0" fileid="1" />
                <SequencePoint vc="0" uspid="2630" ordinal="0" offset="14" sl="404" sc="0" el="404" ec="0" bec="0" bev="0" fileid="1" />
                <SequencePoint vc="0" uspid="2631" ordinal="0" offset="16" sl="405" sc="0" el="405" ec="0" bec="0" bev="0" fileid="1" />
                <SequencePoint vc="0" uspid="2632" ordinal="0" offset="29" sl="406" sc="0" el="406" ec="0" bec="0" bev="0" fileid="1" />
                <SequencePoint vc="0" uspid="2633" ordinal="0" offset="36" sl="407" sc="0" el="407" ec="0" bec="0" bev="0" fileid="1" />
                <SequencePoint vc="0" uspid="2634" ordinal="0" offset="44" sl="408" sc="0" el="408" ec="0" bec="0" bev="0" fileid="1" />
                <SequencePoint vc="0" uspid="2635" ordinal="0" offset="51" sl="409" sc="0" el="409" ec="0" bec="0" bev="0" fileid="1" />
                <SequencePoint vc="0" uspid="2636" ordinal="0" offset="91" sl="410" sc="0" el="410" ec="0" bec="0" bev="0" fileid="1" />
                <SequencePoint vc="0" uspid="2637" ordinal="0" offset="107" sl="411" sc="0" el="411" ec="0" bec="0" bev="0" fileid="1" />
              </SequencePoints>
              <BranchPoints />
            </Method>
            <Method visited="false" cyclomaticComplexity="0" nPathComplexity="0" sequenceCoverage="0.0" branchCoverage="0" crapScore="0" isConstructor="false" isStatic="false" isGetter="false" isSetter="false">
              <Summary numSequencePoints="13" visitedSequencePoints="0" numBranchPoints="0" visitedBranchPoints="0" sequenceCoverage="0.0" branchCoverage="0" maxCyclomaticComplexity="0" minCyclomaticComplexity="0" maxCrapScore="0" minCrapScore="0" visitedClasses="0" numClasses="0" visitedMethods="0" numMethods="1" />
              <MetadataToken>100663330</MetadataToken>
              <Name>System.Void Networking.Client::SendPing()</Name>
              <FileRef uid="1" />
              <SequencePoints>
                <SequencePoint vc="0" uspid="2638" ordinal="0" offset="0" sl="414" sc="9" el="414" ec="9" bec="0" bev="0" fileid="1" />
                <SequencePoint vc="0" uspid="2639" ordinal="0" offset="1" sl="415" sc="13" el="415" ec="13" bec="0" bev="0" fileid="1" />
                <SequencePoint vc="0" uspid="2640" ordinal="0" offset="14" sl="415" sc="45" el="415" ec="45" bec="0" bev="0" fileid="1" />
                <SequencePoint vc="0" uspid="2641" ordinal="0" offset="19" sl="416" sc="13" el="416" ec="13" bec="0" bev="0" fileid="1" />
                <SequencePoint vc="0" uspid="2642" ordinal="0" offset="35" sl="417" sc="13" el="417" ec="13" bec="0" bev="0" fileid="1" />
                <SequencePoint vc="0" uspid="2643" ordinal="0" offset="36" sl="418" sc="17" el="418" ec="17" bec="0" bev="0" fileid="1" />
                <SequencePoint vc="0" uspid="2644" ordinal="0" offset="63" sl="419" sc="17" el="419" ec="17" bec="0" bev="0" fileid="1" />
                <SequencePoint vc="0" uspid="2645" ordinal="0" offset="65" sl="422" sc="13" el="422" ec="13" bec="0" bev="0" fileid="1" />
                <SequencePoint vc="0" uspid="2646" ordinal="0" offset="89" sl="423" sc="13" el="423" ec="13" bec="0" bev="0" fileid="1" />
                <SequencePoint vc="0" uspid="2647" ordinal="0" offset="98" sl="424" sc="13" el="424" ec="13" bec="0" bev="0" fileid="1" />
                <SequencePoint vc="0" uspid="2648" ordinal="0" offset="111" sl="425" sc="13" el="425" ec="13" bec="0" bev="0" fileid="1" />
                <SequencePoint vc="0" uspid="2649" ordinal="0" offset="124" sl="426" sc="13" el="426" ec="13" bec="0" bev="0" fileid="1" />
                <SequencePoint vc="0" uspid="2650" ordinal="0" offset="148" sl="427" sc="9" el="427" ec="9" bec="0" bev="0" fileid="1" />
              </SequencePoints>
              <BranchPoints />
            </Method>
            <Method visited="false" cyclomaticComplexity="0" nPathComplexity="0" sequenceCoverage="0.0" branchCoverage="0" crapScore="0" isConstructor="false" isStatic="false" isGetter="false" isSetter="false">
              <Summary numSequencePoints="3" visitedSequencePoints="0" numBranchPoints="0" visitedBranchPoints="0" sequenceCoverage="0.0" branchCoverage="0" maxCyclomaticComplexity="0" minCyclomaticComplexity="0" maxCrapScore="0" minCrapScore="0" visitedClasses="0" numClasses="0" visitedMethods="0" numMethods="1" />
              <MetadataToken>100663331</MetadataToken>
              <Name>System.Single Networking.Client::EstimateServerTime()</Name>
              <FileRef uid="1" />
              <SequencePoints>
                <SequencePoint vc="0" uspid="2651" ordinal="0" offset="0" sl="430" sc="0" el="430" ec="0" bec="0" bev="0" fileid="1" />
                <SequencePoint vc="0" uspid="2652" ordinal="0" offset="1" sl="431" sc="0" el="431" ec="0" bec="0" bev="0" fileid="1" />
                <SequencePoint vc="0" uspid="2653" ordinal="0" offset="16" sl="432" sc="0" el="432" ec="0" bec="0" bev="0" fileid="1" />
              </SequencePoints>
              <BranchPoints />
            </Method>
            <Method visited="false" cyclomaticComplexity="0" nPathComplexity="0" sequenceCoverage="0.0" branchCoverage="0" crapScore="0" isConstructor="false" isStatic="false" isGetter="false" isSetter="false">
              <Summary numSequencePoints="14" visitedSequencePoints="0" numBranchPoints="0" visitedBranchPoints="0" sequenceCoverage="0.0" branchCoverage="0" maxCyclomaticComplexity="0" minCyclomaticComplexity="0" maxCrapScore="0" minCrapScore="0" visitedClasses="0" numClasses="0" visitedMethods="0" numMethods="1" />
              <MetadataToken>100663332</MetadataToken>
              <Name>System.Void Networking.Client::SendGameAction(Networking.GameAction, Networking.GameAction/IParameters)</Name>
              <FileRef uid="1" />
              <SequencePoints>
                <SequencePoint vc="0" uspid="2654" ordinal="0" offset="0" sl="435" sc="0" el="435" ec="0" bec="0" bev="0" fileid="1" />
                <SequencePoint vc="0" uspid="2655" ordinal="0" offset="1" sl="436" sc="0" el="436" ec="0" bec="0" bev="0" fileid="1" />
                <SequencePoint vc="0" uspid="2656" ordinal="0" offset="14" sl="436" sc="0" el="436" ec="0" bec="0" bev="0" fileid="1" />
                <SequencePoint vc="0" uspid="2657" ordinal="0" offset="19" sl="437" sc="0" el="437" ec="0" bec="0" bev="0" fileid="1" />
                <SequencePoint vc="0" uspid="2658" ordinal="0" offset="35" sl="438" sc="0" el="438" ec="0" bec="0" bev="0" fileid="1" />
                <SequencePoint vc="0" uspid="2659" ordinal="0" offset="52" sl="440" sc="0" el="440" ec="0" bec="0" bev="0" fileid="1" />
                <SequencePoint vc="0" uspid="2660" ordinal="0" offset="76" sl="441" sc="0" el="441" ec="0" bec="0" bev="0" fileid="1" />
                <SequencePoint vc="0" uspid="2661" ordinal="0" offset="85" sl="442" sc="0" el="442" ec="0" bec="0" bev="0" fileid="1" />
                <SequencePoint vc="0" uspid="2662" ordinal="0" offset="105" sl="443" sc="0" el="443" ec="0" bec="0" bev="0" fileid="1" />
                <SequencePoint vc="0" uspid="2663" ordinal="0" offset="119" sl="444" sc="0" el="444" ec="0" bec="0" bev="0" fileid="1" />
                <SequencePoint vc="0" uspid="2664" ordinal="0" offset="132" sl="445" sc="0" el="445" ec="0" bec="0" bev="0" fileid="1" />
                <SequencePoint vc="0" uspid="2665" ordinal="0" offset="142" sl="446" sc="0" el="446" ec="0" bec="0" bev="0" fileid="1" />
                <SequencePoint vc="0" uspid="2666" ordinal="0" offset="155" sl="447" sc="0" el="447" ec="0" bec="0" bev="0" fileid="1" />
                <SequencePoint vc="0" uspid="2667" ordinal="0" offset="179" sl="448" sc="0" el="448" ec="0" bec="0" bev="0" fileid="1" />
              </SequencePoints>
              <BranchPoints />
            </Method>
            <Method visited="false" cyclomaticComplexity="0" nPathComplexity="0" sequenceCoverage="0.0" branchCoverage="0" crapScore="0" isConstructor="false" isStatic="false" isGetter="false" isSetter="false">
              <Summary numSequencePoints="13" visitedSequencePoints="0" numBranchPoints="0" visitedBranchPoints="0" sequenceCoverage="0.0" branchCoverage="0" maxCyclomaticComplexity="0" minCyclomaticComplexity="0" maxCrapScore="0" minCrapScore="0" visitedClasses="0" numClasses="0" visitedMethods="0" numMethods="1" />
              <MetadataToken>100663333</MetadataToken>
              <Name>System.Void Networking.Client::SendRPC(Networking.NetAsset, System.String, System.Object[])</Name>
              <FileRef uid="1" />
              <SequencePoints>
                <SequencePoint vc="0" uspid="2668" ordinal="0" offset="0" sl="451" sc="0" el="451" ec="0" bec="0" bev="0" fileid="1" />
                <SequencePoint vc="0" uspid="2669" ordinal="0" offset="1" sl="452" sc="0" el="452" ec="0" bec="0" bev="0" fileid="1" />
                <SequencePoint vc="0" uspid="2670" ordinal="0" offset="14" sl="452" sc="0" el="452" ec="0" bec="0" bev="0" fileid="1" />
                <SequencePoint vc="0" uspid="2671" ordinal="0" offset="19" sl="453" sc="0" el="453" ec="0" bec="0" bev="0" fileid="1" />
                <SequencePoint vc="0" uspid="2672" ordinal="0" offset="35" sl="454" sc="0" el="454" ec="0" bec="0" bev="0" fileid="1" />
                <SequencePoint vc="0" uspid="2673" ordinal="0" offset="57" sl="456" sc="0" el="456" ec="0" bec="0" bev="0" fileid="1" />
                <SequencePoint vc="0" uspid="2674" ordinal="0" offset="81" sl="457" sc="0" el="457" ec="0" bec="0" bev="0" fileid="1" />
                <SequencePoint vc="0" uspid="2675" ordinal="0" offset="90" sl="458" sc="0" el="458" ec="0" bec="0" bev="0" fileid="1" />
                <SequencePoint vc="0" uspid="2676" ordinal="0" offset="103" sl="459" sc="0" el="459" ec="0" bec="0" bev="0" fileid="1" />
                <SequencePoint vc="0" uspid="2677" ordinal="0" offset="117" sl="460" sc="0" el="460" ec="0" bec="0" bev="0" fileid="1" />
                <SequencePoint vc="0" uspid="2678" ordinal="0" offset="128" sl="461" sc="0" el="461" ec="0" bec="0" bev="0" fileid="1" />
                <SequencePoint vc="0" uspid="2679" ordinal="0" offset="141" sl="462" sc="0" el="462" ec="0" bec="0" bev="0" fileid="1" />
                <SequencePoint vc="0" uspid="2680" ordinal="0" offset="165" sl="463" sc="0" el="463" ec="0" bec="0" bev="0" fileid="1" />
              </SequencePoints>
              <BranchPoints />
            </Method>
            <Method visited="false" cyclomaticComplexity="0" nPathComplexity="0" sequenceCoverage="0.0" branchCoverage="0" crapScore="0" isConstructor="false" isStatic="false" isGetter="false" isSetter="false">
              <Summary numSequencePoints="14" visitedSequencePoints="0" numBranchPoints="0" visitedBranchPoints="0" sequenceCoverage="0.0" branchCoverage="0" maxCyclomaticComplexity="0" minCyclomaticComplexity="0" maxCrapScore="0" minCrapScore="0" visitedClasses="0" numClasses="0" visitedMethods="0" numMethods="1" />
              <MetadataToken>100663334</MetadataToken>
              <Name>System.Void Networking.Client::SendRPC(Networking.NetBehaviour, System.String, System.Object[])</Name>
              <FileRef uid="1" />
              <SequencePoints>
                <SequencePoint vc="0" uspid="2681" ordinal="0" offset="0" sl="466" sc="0" el="466" ec="0" bec="0" bev="0" fileid="1" />
                <SequencePoint vc="0" uspid="2682" ordinal="0" offset="1" sl="467" sc="0" el="467" ec="0" bec="0" bev="0" fileid="1" />
                <SequencePoint vc="0" uspid="2683" ordinal="0" offset="14" sl="467" sc="0" el="467" ec="0" bec="0" bev="0" fileid="1" />
                <SequencePoint vc="0" uspid="2684" ordinal="0" offset="19" sl="468" sc="0" el="468" ec="0" bec="0" bev="0" fileid="1" />
                <SequencePoint vc="0" uspid="2685" ordinal="0" offset="35" sl="469" sc="0" el="469" ec="0" bec="0" bev="0" fileid="1" />
                <SequencePoint vc="0" uspid="2686" ordinal="0" offset="57" sl="471" sc="0" el="471" ec="0" bec="0" bev="0" fileid="1" />
                <SequencePoint vc="0" uspid="2687" ordinal="0" offset="81" sl="472" sc="0" el="472" ec="0" bec="0" bev="0" fileid="1" />
                <SequencePoint vc="0" uspid="2688" ordinal="0" offset="91" sl="473" sc="0" el="473" ec="0" bec="0" bev="0" fileid="1" />
                <SequencePoint vc="0" uspid="2689" ordinal="0" offset="104" sl="474" sc="0" el="474" ec="0" bec="0" bev="0" fileid="1" />
                <SequencePoint vc="0" uspid="2690" ordinal="0" offset="123" sl="475" sc="0" el="475" ec="0" bec="0" bev="0" fileid="1" />
                <SequencePoint vc="0" uspid="2691" ordinal="0" offset="137" sl="476" sc="0" el="476" ec="0" bec="0" bev="0" fileid="1" />
                <SequencePoint vc="0" uspid="2692" ordinal="0" offset="153" sl="477" sc="0" el="477" ec="0" bec="0" bev="0" fileid="1" />
                <SequencePoint vc="0" uspid="2693" ordinal="0" offset="166" sl="478" sc="0" el="478" ec="0" bec="0" bev="0" fileid="1" />
                <SequencePoint vc="0" uspid="2694" ordinal="0" offset="190" sl="479" sc="0" el="479" ec="0" bec="0" bev="0" fileid="1" />
              </SequencePoints>
              <BranchPoints />
            </Method>
            <Method visited="false" cyclomaticComplexity="0" nPathComplexity="0" sequenceCoverage="0.0" branchCoverage="0" crapScore="0" isConstructor="false" isStatic="false" isGetter="false" isSetter="false">
              <Summary numSequencePoints="14" visitedSequencePoints="0" numBranchPoints="0" visitedBranchPoints="0" sequenceCoverage="0.0" branchCoverage="0" maxCyclomaticComplexity="0" minCyclomaticComplexity="0" maxCrapScore="0" minCrapScore="0" visitedClasses="0" numClasses="0" visitedMethods="0" numMethods="1" />
              <MetadataToken>100663335</MetadataToken>
              <Name>System.Void Networking.Client::Disconnect()</Name>
              <FileRef uid="1" />
              <SequencePoints>
                <SequencePoint vc="0" uspid="2695" ordinal="0" offset="0" sl="482" sc="9" el="482" ec="9" bec="0" bev="0" fileid="1" />
                <SequencePoint vc="0" uspid="2696" ordinal="0" offset="1" sl="483" sc="13" el="483" ec="13" bec="0" bev="0" fileid="1" />
                <SequencePoint vc="0" uspid="2697" ordinal="0" offset="29" sl="484" sc="13" el="484" ec="13" bec="0" bev="0" fileid="1" />
                <SequencePoint vc="0" uspid="2698" ordinal="0" offset="30" sl="485" sc="17" el="485" ec="17" bec="0" bev="0" fileid="1" />
                <SequencePoint vc="0" uspid="2699" ordinal="0" offset="57" sl="486" sc="17" el="486" ec="17" bec="0" bev="0" fileid="1" />
                <SequencePoint vc="0" uspid="2700" ordinal="0" offset="59" sl="489" sc="13" el="489" ec="13" bec="0" bev="0" fileid="1" />
                <SequencePoint vc="0" uspid="2701" ordinal="0" offset="74" sl="490" sc="13" el="490" ec="13" bec="0" bev="0" fileid="1" />
                <SequencePoint vc="0" uspid="2702" ordinal="0" offset="75" sl="491" sc="17" el="491" ec="17" bec="0" bev="0" fileid="1" />
                <SequencePoint vc="0" uspid="2703" ordinal="0" offset="93" sl="492" sc="17" el="492" ec="17" bec="0" bev="0" fileid="1" />
                <SequencePoint vc="0" uspid="2704" ordinal="0" offset="111" sl="493" sc="13" el="493" ec="13" bec="0" bev="0" fileid="1" />
                <SequencePoint vc="0" uspid="2705" ordinal="0" offset="112" sl="495" sc="13" el="495" ec="13" bec="0" bev="0" fileid="1" />
                <SequencePoint vc="0" uspid="2706" ordinal="0" offset="120" sl="496" sc="13" el="496" ec="13" bec="0" bev="0" fileid="1" />
                <SequencePoint vc="0" uspid="2707" ordinal="0" offset="132" sl="497" sc="13" el="497" ec="13" bec="0" bev="0" fileid="1" />
                <SequencePoint vc="0" uspid="2708" ordinal="0" offset="143" sl="498" sc="9" el="498" ec="9" bec="0" bev="0" fileid="1" />
              </SequencePoints>
              <BranchPoints />
            </Method>
            <Method visited="false" cyclomaticComplexity="0" nPathComplexity="0" sequenceCoverage="0.0" branchCoverage="0" crapScore="0" isConstructor="false" isStatic="false" isGetter="false" isSetter="false">
              <Summary numSequencePoints="4" visitedSequencePoints="0" numBranchPoints="0" visitedBranchPoints="0" sequenceCoverage="0.0" branchCoverage="0" maxCyclomaticComplexity="0" minCyclomaticComplexity="0" maxCrapScore="0" minCrapScore="0" visitedClasses="0" numClasses="0" visitedMethods="0" numMethods="1" />
              <MetadataToken>100663336</MetadataToken>
              <Name>System.Void Networking.Client::StartDebugMode(System.Int32)</Name>
              <FileRef uid="1" />
              <SequencePoints>
                <SequencePoint vc="0" uspid="2709" ordinal="0" offset="0" sl="502" sc="0" el="502" ec="0" bec="0" bev="0" fileid="1" />
                <SequencePoint vc="0" uspid="2710" ordinal="0" offset="1" sl="503" sc="0" el="503" ec="0" bec="0" bev="0" fileid="1" />
                <SequencePoint vc="0" uspid="2711" ordinal="0" offset="9" sl="504" sc="0" el="504" ec="0" bec="0" bev="0" fileid="1" />
                <SequencePoint vc="0" uspid="2712" ordinal="0" offset="17" sl="505" sc="0" el="505" ec="0" bec="0" bev="0" fileid="1" />
              </SequencePoints>
              <BranchPoints />
            </Method>
            <Method visited="false" cyclomaticComplexity="0" nPathComplexity="0" sequenceCoverage="0.0" branchCoverage="0" crapScore="0" isConstructor="false" isStatic="false" isGetter="false" isSetter="false">
[...]
                <SequencePoint vc="0" uspid="4629" ordinal="0" offset="1" sl="47" sc="13" el="47" ec="13" bec="0" bev="0" fileid="25" />
                <SequencePoint vc="0" uspid="4630" ordinal="0" offset="16" sl="48" sc="9" el="48" ec="9" bec="0" bev="0" fileid="25" />
              </SequencePoints>
              <BranchPoints />
            </Method>
            <Method visited="false" cyclomaticComplexity="0" nPathComplexity="0" sequenceCoverage="0.0" branchCoverage="0" crapScore="0" isConstructor="false" isStatic="false" isGetter="false" isSetter="false">
              <Summary numSequencePoints="3" visitedSequencePoints="0" numBranchPoints="0" visitedBranchPoints="0" sequenceCoverage="0.0" branchCoverage="0" maxCyclomaticComplexity="0" minCyclomaticComplexity="0" maxCrapScore="0" minCrapScore="0" visitedClasses="0" numClasses="0" visitedMethods="0" numMethods="1" />
              <MetadataToken>100663332</MetadataToken>
              <Name>System.Void Networking.Samples.SampleGameAction::Execute(Networking.Samples.SampleGameAction/Parameters, System.Int32, System.Single)</Name>
              <FileRef uid="25" />
              <SequencePoints>
                <SequencePoint vc="0" uspid="4631" ordinal="0" offset="0" sl="51" sc="9" el="51" ec="9" bec="0" bev="0" fileid="25" />
                <SequencePoint vc="0" uspid="4632" ordinal="0" offset="1" sl="52" sc="13" el="52" ec="13" bec="0" bev="0" fileid="25" />
                <SequencePoint vc="0" uspid="4633" ordinal="0" offset="35" sl="53" sc="9" el="53" ec="9" bec="0" bev="0" fileid="25" />
              </SequencePoints>
              <BranchPoints />
            </Method>
            <Method visited="false" cyclomaticComplexity="0" nPathComplexity="0" sequenceCoverage="0.0" branchCoverage="0" crapScore="0" isConstructor="false" isStatic="false" isGetter="false" isSetter="false">
              <Summary numSequencePoints="3" visitedSequencePoints="0" numBranchPoints="0" visitedBranchPoints="0" sequenceCoverage="0.0" branchCoverage="0" maxCyclomaticComplexity="0" minCyclomaticComplexity="0" maxCrapScore="0" minCrapScore="0" visitedClasses="0" numClasses="0" visitedMethods="0" numMethods="1" />
              <MetadataToken>100663333</MetadataToken>
              <Name>System.Void Networking.Samples.SampleGameAction::Deny(Networking.Samples.SampleGameAction/Parameters, System.Int32, System.Single)</Name>
              <FileRef uid="25" />
              <SequencePoints>
                <SequencePoint vc="0" uspid="4634" ordinal="0" offset="0" sl="56" sc="9" el="56" ec="9" bec="0" bev="0" fileid="25" />
                <SequencePoint vc="0" uspid="4635" ordinal="0" offset="1" sl="57" sc="13" el="57" ec="13" bec="0" bev="0" fileid="25" />
                <SequencePoint vc="0" uspid="4636" ordinal="0" offset="35" sl="58" sc="9" el="58" ec="9" bec="0" bev="0" fileid="25" />
              </SequencePoints>
              <BranchPoints />
            </Method>
            <Method visited="false" cyclomaticComplexity="0" nPathComplexity="0" sequenceCoverage="0.0" branchCoverage="0" crapScore="0" isConstructor="false" isStatic="false" isGetter="false" isSetter="false">
              <Summary numSequencePoints="3" visitedSequencePoints="0" numBranchPoints="0" visitedBranchPoints="0" sequenceCoverage="0.0" branchCoverage="0" maxCyclomaticComplexity="0" minCyclomaticComplexity="0" maxCrapScore="0" minCrapScore="0" visitedClasses="0" numClasses="0" visitedMethods="0" numMethods="1" />
              <MetadataToken>100663334</MetadataToken>
              <Name>System.Void Networking.Samples.SampleGameAction::Rollback(Networking.Samples.SampleGameAction/Parameters, System.Int32, System.Single)</Name>
              <FileRef uid="25" />
              <SequencePoints>
                <SequencePoint vc="0" uspid="4637" ordinal="0" offset="0" sl="61" sc="0" el="61" ec="0" bec="0" bev="0" fileid="25" />
                <SequencePoint vc="0" uspid="4638" ordinal="0" offset="1" sl="62" sc="0" el="62" ec="0" bec="0" bev="0" fileid="25" />
                <SequencePoint vc="0" uspid="4639" ordinal="0" offset="35" sl="63" sc="0" el="63" ec="0" bec="0" bev="0" fileid="25" />
              </SequencePoints>
              <BranchPoints />
            </Method>
            <Method visited="false" cyclomaticComplexity="0" nPathComplexity="0" sequenceCoverage="0.0" branchCoverage="0" crapScore="0" isConstructor="false" isStatic="false" isGetter="false" isSetter="false">
              <Summary numSequencePoints="3" visitedSequencePoints="0" numBranchPoints="0" visitedBranchPoints="0" sequenceCoverage="0.0" branchCoverage="0" maxCyclomaticComplexity="0" minCyclomaticComplexity="0" maxCrapScore="0" minCrapScore="0" visitedClasses="0" numClasses="0" visitedMethods="0" numMethods="1" />
              <MetadataToken>100663335</MetadataToken>
              <Name>System.Void Networking.Samples.SampleGameAction::TestRPC(System.Int32, System.String)</Name>
              <FileRef uid="25" />
              <SequencePoints>
                <SequencePoint vc="0" uspid="4640" ordinal="0" offset="0" sl="67" sc="0" el="67" ec="0" bec="0" bev="0" fileid="25" />
                <SequencePoint vc="0" uspid="4641" ordinal="0" offset="1" sl="68" sc="0" el="68" ec="0" bec="0" bev="0" fileid="25" />
                <SequencePoint vc="0" uspid="4642" ordinal="0" offset="34" sl="69" sc="0" el="69" ec="0" bec="0" bev="0" fileid="25" />
              </SequencePoints>
              <BranchPoints />
            </Method>
            <Method visited="false" cyclomaticComplexity="0" nPathComplexity="0" sequenceCoverage="0.0" branchCoverage="0" crapScore="0" isConstructor="false" isStatic="false" isGetter="false" isSetter="false">
              <Summary numSequencePoints="11" visitedSequencePoints="0" numBranchPoints="0" visitedBranchPoints="0" sequenceCoverage="0.0" branchCoverage="0" maxCyclomaticComplexity="0" minCyclomaticComplexity="0" maxCrapScore="0" minCrapScore="0" visitedClasses="0" numClasses="0" visitedMethods="0" numMethods="1" />
              <MetadataToken>100663336</MetadataToken>
              <Name>System.Void Networking.Samples.SampleGameAction::TestRPCSerialization()</Name>
              <FileRef uid="25" />
              <SequencePoints>
                <SequencePoint vc="0" uspid="4643" ordinal="0" offset="0" sl="73" sc="0" el="73" ec="0" bec="0" bev="0" fileid="25" />
                <SequencePoint vc="0" uspid="4644" ordinal="0" offset="1" sl="74" sc="0" el="74" ec="0" bec="0" bev="0" fileid="25" />
                <SequencePoint vc="0" uspid="4645" ordinal="0" offset="7" sl="75" sc="0" el="75" ec="0" bec="0" bev="0" fileid="25" />
                <SequencePoint vc="0" uspid="4646" ordinal="0" offset="14" sl="76" sc="0" el="76" ec="0" bec="0" bev="0" fileid="25" />
                <SequencePoint vc="0" uspid="4647" ordinal="0" offset="27" sl="77" sc="0" el="77" ec="0" bec="0" bev="0" fileid="25" />
                <SequencePoint vc="0" uspid="4648" ordinal="0" offset="64" sl="78" sc="0" el="78" ec="0" bec="0" bev="0" fileid="25" />
                <SequencePoint vc="0" uspid="4649" ordinal="0" offset="78" sl="79" sc="0" el="79" ec="0" bec="0" bev="0" fileid="25" />
                <SequencePoint vc="0" uspid="4650" ordinal="0" offset="87" sl="80" sc="0" el="80" ec="0" bec="0" bev="0" fileid="25" />
                <SequencePoint vc="0" uspid="4651" ordinal="0" offset="94" sl="81" sc="0" el="81" ec="0" bec="0" bev="0" fileid="25" />
                <SequencePoint vc="0" uspid="4652" ordinal="0" offset="121" sl="82" sc="0" el="82" ec="0" bec="0" bev="0" fileid="25" />
                <SequencePoint vc="0" uspid="4653" ordinal="0" offset="133" sl="83" sc="0" el="83" ec="0" bec="0" bev="0" fileid="25" />
              </SequencePoints>
              <BranchPoints />
            </Method>
            <Method visited="false" cyclomaticComplexity="0" nPathComplexity="0" sequenceCoverage="0.0" branchCoverage="0" crapScore="0" isConstructor="false" isStatic="false" isGetter="false" isSetter="false">
              <Summary numSequencePoints="3" visitedSequencePoints="0" numBranchPoints="0" visitedBranchPoints="0" sequenceCoverage="0.0" branchCoverage="0" maxCyclomaticComplexity="0" minCyclomaticComplexity="0" maxCrapScore="0" minCrapScore="0" visitedClasses="0" numClasses="0" visitedMethods="0" numMethods="1" />
              <MetadataToken>100663337</MetadataToken>
              <Name>System.Void Networking.Samples.SampleGameAction::SendRPC()</Name>
              <FileRef uid="25" />
              <SequencePoints>
                <SequencePoint vc="0" uspid="4654" ordinal="0" offset="0" sl="87" sc="0" el="87" ec="0" bec="0" bev="0" fileid="25" />
                <SequencePoint vc="0" uspid="4655" ordinal="0" offset="1" sl="88" sc="0" el="88" ec="0" bec="0" bev="0" fileid="25" />
                <SequencePoint vc="0" uspid="4656" ordinal="0" offset="36" sl="89" sc="0" el="89" ec="0" bec="0" bev="0" fileid="25" />
              </SequencePoints>
              <BranchPoints />
            </Method>
          </Methods>
        </Class>
        <Class>
          <Summary numSequencePoints="10" visitedSequencePoints="1" numBranchPoints="0" visitedBranchPoints="0" sequenceCoverage="10.0" branchCoverage="0.0" maxCyclomaticComplexity="0" minCyclomaticComplexity="0" maxCrapScore="0" minCrapScore="0" visitedClasses="1" numClasses="1" visitedMethods="1" numMethods="2" />
          <FullName>Networking.Samples.SampleRunner</FullName>
          <Methods>
            <Method visited="false" cyclomaticComplexity="0" nPathComplexity="0" sequenceCoverage="0.0" branchCoverage="0" crapScore="0" isConstructor="false" isStatic="false" isGetter="false" isSetter="false">
              <Summary numSequencePoints="9" visitedSequencePoints="0" numBranchPoints="0" visitedBranchPoints="0" sequenceCoverage="0.0" branchCoverage="0" maxCyclomaticComplexity="0" minCyclomaticComplexity="0" maxCrapScore="0" minCrapScore="0" visitedClasses="0" numClasses="0" visitedMethods="0" numMethods="1" />
              <MetadataToken>100663339</MetadataToken>
              <Name>System.Void Networking.Samples.SampleRunner::Start()</Name>
              <FileRef uid="26" />
              <SequencePoints>
                <SequencePoint vc="0" uspid="4657" ordinal="0" offset="0" sl="11" sc="9" el="11" ec="9" bec="0" bev="0" fileid="26" />
                <SequencePoint vc="0" uspid="4658" ordinal="0" offset="1" sl="12" sc="13" el="12" ec="13" bec="0" bev="0" fileid="26" />
                <SequencePoint vc="0" uspid="4659" ordinal="0" offset="13" sl="13" sc="13" el="13" ec="13" bec="0" bev="0" fileid="26" />
                <SequencePoint vc="0" uspid="4660" ordinal="0" offset="29" sl="14" sc="13" el="14" ec="13" bec="0" bev="0" fileid="26" />
                <SequencePoint vc="0" uspid="4661" ordinal="0" offset="30" sl="15" sc="17" el="15" ec="17" bec="0" bev="0" fileid="26" />
                <SequencePoint vc="0" uspid="4662" ordinal="0" offset="41" sl="16" sc="17" el="16" ec="17" bec="0" bev="0" fileid="26" />
                <SequencePoint vc="0" uspid="4663" ordinal="0" offset="48" sl="17" sc="13" el="17" ec="13" bec="0" bev="0" fileid="26" />
                <SequencePoint vc="0" uspid="4664" ordinal="0" offset="49" sl="19" sc="13" el="19" ec="13" bec="0" bev="0" fileid="26" />
                <SequencePoint vc="0" uspid="4665" ordinal="0" offset="66" sl="20" sc="9" el="20" ec="9" bec="0" bev="0" fileid="26" />
              </SequencePoints>
              <BranchPoints />
            </Method>
            <Method visited="true" cyclomaticComplexity="0" nPathComplexity="0" sequenceCoverage="100.0" branchCoverage="0" crapScore="0" isConstructor="true" isStatic="false" isGetter="false" isSetter="false">
              <Summary numSequencePoints="1" visitedSequencePoints="1" numBranchPoints="0" visitedBranchPoints="0" sequenceCoverage="100.0" branchCoverage="0" maxCyclomaticComplexity="0" minCyclomaticComplexity="0" maxCrapScore="0" minCrapScore="0" visitedClasses="0" numClasses="0" visitedMethods="1" numMethods="1" />
              <MetadataToken>100663340</MetadataToken>
              <Name>Networking.Samples.SampleRunner::SampleRunner()</Name>
              <FileRef uid="26" />
              <SequencePoints>
                <SequencePoint vc="1" uspid="4666" ordinal="0" offset="0" sl="8" sc="26" el="8" ec="26" bec="0" bev="0" fileid="26" />
              </SequencePoints>
              <BranchPoints />
            </Method>
          </Methods>
        </Class>
        <Class>
          <Summary numSequencePoints="7" visitedSequencePoints="0" numBranchPoints="0" visitedBranchPoints="0" sequenceCoverage="0.0" branchCoverage="0.0" maxCyclomaticComplexity="0" minCyclomaticComplexity="0" maxCrapScore="0" minCrapScore="0" visitedClasses="0" numClasses="1" visitedMethods="0" numMethods="1" />
          <FullName>Networking.Samples.ClientIMGUI/&lt;OnSentDataCoroutine&gt;d__9</FullName>
          <Methods>
            <Method visited="false" cyclomaticComplexity="0" nPathComplexity="0" sequenceCoverage="0.0" branchCoverage="0" crapScore="0" isConstructor="false" isStatic="false" isGetter="false" isSetter="false">
              <Summary numSequencePoints="7" visitedSequencePoints="0" numBranchPoints="0" visitedBranchPoints="0" sequenceCoverage="0.0" branchCoverage="0" maxCyclomaticComplexity="0" minCyclomaticComplexity="0" maxCrapScore="0" minCrapScore="0" visitedClasses="0" numClasses="0" visitedMethods="0" numMethods="1" />
              <MetadataToken>100663343</MetadataToken>
              <Name>System.Boolean Networking.Samples.ClientIMGUI/&lt;OnSentDataCoroutine&gt;d__9::MoveNext()</Name>
              <FileRef uid="20" />
              <SequencePoints>
                <SequencePoint vc="0" uspid="4667" ordinal="0" offset="31" sl="28" sc="0" el="28" ec="0" bec="0" bev="0" fileid="20" />
                <SequencePoint vc="0" uspid="4668" ordinal="0" offset="32" sl="29" sc="0" el="29" ec="0" bec="0" bev="0" fileid="20" />
                <SequencePoint vc="0" uspid="4669" ordinal="0" offset="61" sl="30" sc="0" el="30" ec="0" bec="0" bev="0" fileid="20" />
                <SequencePoint vc="0" uspid="4670" ordinal="0" offset="85" sl="31" sc="0" el="31" ec="0" bec="0" bev="0" fileid="20" />
                <SequencePoint vc="0" uspid="4671" ordinal="0" offset="123" sl="32" sc="0" el="32" ec="0" bec="0" bev="0" fileid="20" />
                <SequencePoint vc="0" uspid="4672" ordinal="0" offset="152" sl="33" sc="0" el="33" ec="0" bec="0" bev="0" fileid="20" />
                <SequencePoint vc="0" uspid="4673" ordinal="0" offset="176" sl="34" sc="0" el="34" ec="0" bec="0" bev="0" fileid="20" />
              </SequencePoints>
              <BranchPoints />
            </Method>
          </Methods>
        </Class>
        <Class>
          <Summary numSequencePoints="7" visitedSequencePoints="0" numBranchPoints="0" visitedBranchPoints="0" sequenceCoverage="0.0" branchCoverage="0.0" maxCyclomaticComplexity="0" minCyclomaticComplexity="0" maxCrapScore="0" minCrapScore="0" visitedClasses="0" numClasses="1" visitedMethods="0" numMethods="1" />
          <FullName>Networking.Samples.ClientIMGUI/&lt;OnReceivedDataCoroutine&gt;d__11</FullName>
          <Methods>
            <Method visited="false" cyclomaticComplexity="0" nPathComplexity="0" sequenceCoverage="0.0" branchCoverage="0" crapScore="0" isConstructor="false" isStatic="false" isGetter="false" isSetter="false">
              <Summary numSequencePoints="7" visitedSequencePoints="0" numBranchPoints="0" visitedBranchPoints="0" sequenceCoverage="0.0" branchCoverage="0" maxCyclomaticComplexity="0" minCyclomaticComplexity="0" maxCrapScore="0" minCrapScore="0" visitedClasses="0" numClasses="0" visitedMethods="0" numMethods="1" />
              <MetadataToken>100663349</MetadataToken>
              <Name>System.Boolean Networking.Samples.ClientIMGUI/&lt;OnReceivedDataCoroutine&gt;d__11::MoveNext()</Name>
              <FileRef uid="20" />
              <SequencePoints>
                <SequencePoint vc="0" uspid="4674" ordinal="0" offset="31" sl="42" sc="0" el="42" ec="0" bec="0" bev="0" fileid="20" />
                <SequencePoint vc="0" uspid="4675" ordinal="0" offset="32" sl="43" sc="0" el="43" ec="0" bec="0" bev="0" fileid="20" />
                <SequencePoint vc="0" uspid="4676" ordinal="0" offset="61" sl="44" sc="0" el="44" ec="0" bec="0" bev="0" fileid="20" />
                <SequencePoint vc="0" uspid="4677" ordinal="0" offset="85" sl="45" sc="0" el="45" ec="0" bec="0" bev="0" fileid="20" />
                <SequencePoint vc="0" uspid="4678" ordinal="0" offset="123" sl="46" sc="0" el="46" ec="0" bec="0" bev="0" fileid="20" />
                <SequencePoint vc="0" uspid="4679" ordinal="0" offset="152" sl="47" sc="0" el="47" ec="0" bec="0" bev="0" fileid="20" />
                <SequencePoint vc="0" uspid="4680" ordinal="0" offset="176" sl="48" sc="0" el="48" ec="0" bec="0" bev="0" fileid="20" />
              </SequencePoints>
              <BranchPoints />
            </Method>
          </Methods>
        </Class>
        <Class>
          <Summary numSequencePoints="4" visitedSequencePoints="0" numBranchPoints="0" visitedBranchPoints="0" sequenceCoverage="0.0" branchCoverage="0.0" maxCyclomaticComplexity="0" minCyclomaticComplexity="0" maxCrapScore="0" minCrapScore="0" visitedClasses="0" numClasses="1" visitedMethods="0" numMethods="2" />
          <FullName>Networking.Samples.SampleGameAction/Parameters</FullName>
          <Methods>
            <Method visited="false" cyclomaticComplexity="0" nPathComplexity="0" sequenceCoverage="0.0" branchCoverage="0" crapScore="0" isConstructor="false" isStatic="false" isGetter="true" isSetter="false">
              <Summary numSequencePoints="1" visitedSequencePoints="0" numBranchPoints="0" visitedBranchPoints="0" sequenceCoverage="0.0" branchCoverage="0" maxCyclomaticComplexity="0" minCyclomaticComplexity="0" maxCrapScore="0" minCrapScore="0" visitedClasses="0" numClasses="0" visitedMethods="0" numMethods="1" />
              <MetadataToken>100663353</MetadataToken>
              <Name>System.Int32 Networking.Samples.SampleGameAction/Parameters::get_Number()</Name>
              <FileRef uid="25" />
              <SequencePoints>
                <SequencePoint vc="0" uspid="4681" ordinal="0" offset="0" sl="17" sc="33" el="17" ec="33" bec="0" bev="0" fileid="25" />
              </SequencePoints>
              <BranchPoints />
            </Method>
            <Method visited="false" cyclomaticComplexity="0" nPathComplexity="0" sequenceCoverage="0.0" branchCoverage="0" crapScore="0" isConstructor="true" isStatic="false" isGetter="false" isSetter="false">
              <Summary numSequencePoints="3" visitedSequencePoints="0" numBranchPoints="0" visitedBranchPoints="0" sequenceCoverage="0.0" branchCoverage="0" maxCyclomaticComplexity="0" minCyclomaticComplexity="0" maxCrapScore="0" minCrapScore="0" visitedClasses="0" numClasses="0" visitedMethods="0" numMethods="1" />
              <MetadataToken>100663354</MetadataToken>
              <Name>Networking.Samples.SampleGameAction/Parameters::Parameters(System.Int32)</Name>
              <FileRef uid="25" />
              <SequencePoints>
                <SequencePoint vc="0" uspid="4682" ordinal="0" offset="0" sl="20" sc="13" el="20" ec="13" bec="0" bev="0" fileid="25" />
                <SequencePoint vc="0" uspid="4683" ordinal="0" offset="1" sl="21" sc="17" el="21" ec="17" bec="0" bev="0" fileid="25" />
                <SequencePoint vc="0" uspid="4684" ordinal="0" offset="8" sl="22" sc="13" el="22" ec="13" bec="0" bev="0" fileid="25" />
              </SequencePoints>
              <BranchPoints />
            </Method>
          </Methods>
        </Class>
      </Classes>
    </Module>
  </Modules>
</CoverageSession>